<?xml version="1.0" encoding="UTF-8"?>
<!-- Generated by org.testng.reporters.JUnitReportReporter -->
<testsuite hostname="AMX-RL-20-457-W" failures="0" tests="1" name="icivics_testcases.Icivics_HP_3Headerteach2_Test" time="96.124" errors="0" timestamp="2022-06-30T22:58:14 IST" skipped="0">
  <testcase classname="icivics_testcases.Icivics_HP_3Headerteach2_Test" name="C19_Verifyteachsubmenu" time="96.124"/>
  <system-out/>
</testsuite> <!-- icivics_testcases.Icivics_HP_3Headerteach2_Test -->
