<?xml version="1.0" encoding="UTF-8"?>
<!-- Generated by org.testng.reporters.JUnitReportReporter -->
<testsuite hostname="AMX-RL-20-457-W" failures="0" tests="11" name="icivics_testcases.Icivics2_EducatorRegistration1_Test" time="162.147" errors="0" timestamp="2022-07-01T20:20:42 IST" skipped="0">
  <testcase classname="icivics_testcases.Icivics2_EducatorRegistration1_Test" name="C327_verifybreadcrumbspage1" time="6.428"/>
  <system-out/>
  <testcase classname="icivics_testcases.Icivics2_EducatorRegistration1_Test" name="C328_verifytextfields" time="8.333"/>
  <system-out/>
  <testcase classname="icivics_testcases.Icivics2_EducatorRegistration1_Test" name="C329_verifyusernamepregenerated" time="13.088"/>
  <system-out/>
  <testcase classname="icivics_testcases.Icivics2_EducatorRegistration1_Test" name="C330_verifyusernamepregeneratedrandomly" time="18.298"/>
  <system-out/>
  <testcase classname="icivics_testcases.Icivics2_EducatorRegistration1_Test" name="C331_verifyentertextinallfields" time="8.277"/>
  <system-out/>
  <testcase classname="icivics_testcases.Icivics2_EducatorRegistration1_Test" name="C332_verifyfieldsmarkedwithanasterisk" time="7.277"/>
  <system-out/>
  <testcase classname="icivics_testcases.Icivics2_EducatorRegistration1_Test" name="C333_verifyemailtooltips" time="7.079"/>
  <system-out/>
  <testcase classname="icivics_testcases.Icivics2_EducatorRegistration1_Test" name="C334_verifyemailerrormsg" time="15.491"/>
  <system-out/>
  <testcase classname="icivics_testcases.Icivics2_EducatorRegistration1_Test" name="C335_verifyblankerrormsg" time="46.094"/>
  <system-out/>
  <testcase classname="icivics_testcases.Icivics2_EducatorRegistration1_Test" name="C336_verifyinvaliderrormsg" time="13.266"/>
  <system-out/>
  <testcase classname="icivics_testcases.Icivics2_EducatorRegistration1_Test" name="C337_verifyvalidregistration" time="18.516"/>
  <system-out/>
</testsuite> <!-- icivics_testcases.Icivics2_EducatorRegistration1_Test -->
