<?xml version="1.0" encoding="UTF-8"?>
<!-- Generated by org.testng.reporters.JUnitReportReporter -->
<testsuite hostname="AMX-RL-20-457-W" failures="0" tests="11" name="icivics_testcases.Icivics7_StudentRegistration1classcode_Test" time="182.709" errors="0" timestamp="2022-07-01T20:20:42 IST" skipped="0">
  <testcase classname="icivics_testcases.Icivics7_StudentRegistration1classcode_Test" name="C425_verifyemailfieldsappear" time="8.895"/>
  <system-out/>
  <testcase classname="icivics_testcases.Icivics7_StudentRegistration1classcode_Test" name="C426_verifyemailtooltips" time="7.923"/>
  <system-out/>
  <testcase classname="icivics_testcases.Icivics7_StudentRegistration1classcode_Test" name="C427_verifyemailfieldsdisappear" time="15.359"/>
  <system-out/>
  <testcase classname="icivics_testcases.Icivics7_StudentRegistration1classcode_Test" name="C428_verifyusernamepregenerated" time="12.330"/>
  <system-out/>
  <testcase classname="icivics_testcases.Icivics7_StudentRegistration1classcode_Test" name="C429_usernamegeneratedrandomly" time="18.722"/>
  <system-out/>
  <testcase classname="icivics_testcases.Icivics7_StudentRegistration1classcode_Test" name="C430_verifyregistrationwithvaliddata" time="14.064"/>
  <system-out/>
  <testcase classname="icivics_testcases.Icivics7_StudentRegistration1classcode_Test" name="C431_verifyAsteriks" time="9.550"/>
  <system-out/>
  <testcase classname="icivics_testcases.Icivics7_StudentRegistration1classcode_Test" name="C432_verifyinvaliderrormsg" time="15.899"/>
  <system-out/>
  <testcase classname="icivics_testcases.Icivics7_StudentRegistration1classcode_Test" name="C433_verifyerrormsgverifyemailblankfield" time="50.819"/>
  <system-out/>
  <testcase classname="icivics_testcases.Icivics7_StudentRegistration1classcode_Test" name="C434_verifyinvaliderrormsg2" time="11.827"/>
  <system-out/>
  <testcase classname="icivics_testcases.Icivics7_StudentRegistration1classcode_Test" name="C435_verifyregistrationwithvalidvalue" time="17.321"/>
  <system-out/>
</testsuite> <!-- icivics_testcases.Icivics7_StudentRegistration1classcode_Test -->
