<?xml version="1.0" encoding="UTF-8"?>
<!-- Generated by org.testng.reporters.JUnitReportReporter -->
<testsuite hostname="AMX-RL-20-348-W" failures="0" tests="4" name="icivics_testcases.Icivics18_HP_4HeaderAbout_Test" time="76.320" errors="0" timestamp="2022-07-01T15:18:15 IST" skipped="0">
  <testcase classname="icivics_testcases.Icivics18_HP_4HeaderAbout_Test" name="C22_Verifyaboutsubmenu" time="10.780"/>
  <system-out/>
  <testcase classname="icivics_testcases.Icivics18_HP_4HeaderAbout_Test" name="C23_Verifysubmenucount" time="6.137"/>
  <system-out/>
  <testcase classname="icivics_testcases.Icivics18_HP_4HeaderAbout_Test" name="C24_VerifysubmenuElement" time="51.072"/>
  <system-out/>
  <testcase classname="icivics_testcases.Icivics18_HP_4HeaderAbout_Test" name="C27_Verifyclickaboutbuttonagain" time="8.331"/>
  <system-out/>
</testsuite> <!-- icivics_testcases.Icivics18_HP_4HeaderAbout_Test -->
