<?xml version="1.0" encoding="UTF-8"?>
<!-- Generated by org.testng.reporters.JUnitReportReporter -->
<testsuite hostname="AMX-RL-20-348-W" failures="0" tests="5" name="icivics_testcases.Icivics15_HP_2Headerplay_Test" time="428.013" errors="0" timestamp="2022-07-01T15:18:15 IST" skipped="0">
  <testcase classname="icivics_testcases.Icivics15_HP_2Headerplay_Test" name="C8_Verifyplaysubmenu" time="5.755"/>
  <system-out/>
  <testcase classname="icivics_testcases.Icivics15_HP_2Headerplay_Test" name="C9_Verifyplaybuttonlist" time="11.069"/>
  <system-out/>
  <testcase classname="icivics_testcases.Icivics15_HP_2Headerplay_Test" name="C10_Verifyplaybuttonelements" time="126.885"/>
  <system-out/>
  <testcase classname="icivics_testcases.Icivics15_HP_2Headerplay_Test" name="C12_Verifypageisunderlined" time="278.552"/>
  <system-out/>
  <testcase classname="icivics_testcases.Icivics15_HP_2Headerplay_Test" name="C13_Verifyclickonplaybuttonagain" time="5.752"/>
  <system-out/>
</testsuite> <!-- icivics_testcases.Icivics15_HP_2Headerplay_Test -->
