<?xml version="1.0" encoding="UTF-8"?>
<!-- Generated by org.testng.reporters.JUnitReportReporter -->
<testsuite hostname="AMX-RL-20-457-W" failures="0" tests="6" name="icivics_testcases.Icivics12_StudentRegistration3Email_Test" time="125.569" errors="0" timestamp="2022-07-01T20:20:42 IST" skipped="0">
  <testcase classname="icivics_testcases.Icivics12_StudentRegistration3Email_Test" name="C372_verifypagecount3" time="18.997"/>
  <system-out/>
  <testcase classname="icivics_testcases.Icivics12_StudentRegistration3Email_Test" name="C373_verifycheckmsgdisplay" time="17.826"/>
  <system-out/>
  <testcase classname="icivics_testcases.Icivics12_StudentRegistration3Email_Test" name="C375_verifyregisteredemaildisplay" time="19.423"/>
  <system-out/>
  <testcase classname="icivics_testcases.Icivics12_StudentRegistration3Email_Test" name="C376_verifyresendbutton" time="27.487"/>
  <system-out/>
  <testcase classname="icivics_testcases.Icivics12_StudentRegistration3Email_Test" name="C374_verifycheckmsgdisplay" time="18.164"/>
  <system-out/>
  <testcase classname="icivics_testcases.Icivics12_StudentRegistration3Email_Test" name="C377_verifyconfirmationemail" time="23.672"/>
  <system-out/>
</testsuite> <!-- icivics_testcases.Icivics12_StudentRegistration3Email_Test -->
