<?xml version="1.0" encoding="UTF-8"?>
<!-- Generated by org.testng.reporters.JUnitReportReporter -->
<testsuite hostname="AMX-RL-20-457-W" failures="0" tests="5" name="icivics_testcases.Icivics_HP_2Headerplay_Test" time="795.710" errors="0" timestamp="2022-06-30T22:58:14 IST" skipped="0">
  <testcase classname="icivics_testcases.Icivics_HP_2Headerplay_Test" name="C8_Verifyplaysubmenu" time="8.854"/>
  <system-out/>
  <testcase classname="icivics_testcases.Icivics_HP_2Headerplay_Test" name="C9_Verifyplaybuttonlist" time="14.469"/>
  <system-out/>
  <testcase classname="icivics_testcases.Icivics_HP_2Headerplay_Test" name="C10_Verifyplaybuttonelements" time="418.524"/>
  <system-out/>
  <testcase classname="icivics_testcases.Icivics_HP_2Headerplay_Test" name="C12_Verifypageisunderlined" time="342.858"/>
  <system-out/>
  <testcase classname="icivics_testcases.Icivics_HP_2Headerplay_Test" name="C13_Verifyclickonplaybuttonagain" time="11.005"/>
  <system-out/>
</testsuite> <!-- icivics_testcases.Icivics_HP_2Headerplay_Test -->
