<?xml version="1.0" encoding="UTF-8"?>
<!-- Generated by org.testng.reporters.JUnitReportReporter -->
<testsuite hostname="AMX-RL-20-457-W" failures="0" tests="6" name="icivics_testcases.Icivics_EducatorRegistration5_Test" time="188.612" errors="0" timestamp="2022-06-30T22:58:14 IST" skipped="0">
  <testcase classname="icivics_testcases.Icivics_EducatorRegistration5_Test" name="C372_verifybreadcrumbspage5" time="29.297"/>
  <system-out/>
  <testcase classname="icivics_testcases.Icivics_EducatorRegistration5_Test" name="C373_verifywelcomemessage" time="29.647"/>
  <system-out/>
  <testcase classname="icivics_testcases.Icivics_EducatorRegistration5_Test" name="C374_verifyconfirmationemail" time="29.538"/>
  <system-out/>
  <testcase classname="icivics_testcases.Icivics_EducatorRegistration5_Test" name="C375_verifyconfirmationemail" time="28.539"/>
  <system-out/>
  <testcase classname="icivics_testcases.Icivics_EducatorRegistration5_Test" name="C376_verifyresendbutton" time="35.783"/>
  <system-out/>
  <testcase classname="icivics_testcases.Icivics_EducatorRegistration5_Test" name="C377_verifynotification" time="35.808"/>
  <system-out/>
</testsuite> <!-- icivics_testcases.Icivics_EducatorRegistration5_Test -->
