<?xml version="1.0" encoding="UTF-8"?>
<!-- Generated by org.testng.reporters.JUnitReportReporter -->
<testsuite hostname="AMX-RL-20-457-W" failures="0" tests="9" name="icivics_testcases.Icivics_HP_5HeaderSigninMisc_Test" time="126.408" errors="0" timestamp="2022-06-30T22:58:14 IST" skipped="0">
  <testcase classname="icivics_testcases.Icivics_HP_5HeaderSigninMisc_Test" name="C29_Verifydonatebutton" time="6.365"/>
  <system-out/>
  <testcase classname="icivics_testcases.Icivics_HP_5HeaderSigninMisc_Test" name="C30_Verifydonatebuttonclick" time="16.790"/>
  <system-out/>
  <testcase classname="icivics_testcases.Icivics_HP_5HeaderSigninMisc_Test" name="C31_Verifyshopbutton" time="6.371"/>
  <system-out/>
  <testcase classname="icivics_testcases.Icivics_HP_5HeaderSigninMisc_Test" name="C32_Verifyshopbuttonclick" time="9.879"/>
  <system-out/>
  <testcase classname="icivics_testcases.Icivics_HP_5HeaderSigninMisc_Test" name="C33_Verifysigninbuttonforanonymoususer" time="6.574"/>
  <system-out/>
  <testcase classname="icivics_testcases.Icivics_HP_5HeaderSigninMisc_Test" name="C37_Verifysigninbuttonsubmenu" time="9.067"/>
  <system-out/>
  <testcase classname="icivics_testcases.Icivics_HP_5HeaderSigninMisc_Test" name="C38_Verifysigninbuttonsubmenu" time="19.939"/>
  <system-out/>
  <testcase classname="icivics_testcases.Icivics_HP_5HeaderSigninMisc_Test" name="C41_Verifysubmenuoptionisunderlined" time="43.150"/>
  <system-out/>
  <testcase classname="icivics_testcases.Icivics_HP_5HeaderSigninMisc_Test" name="C42_Verifysubmenuoptionisunderlined" time="8.273"/>
  <system-out/>
</testsuite> <!-- icivics_testcases.Icivics_HP_5HeaderSigninMisc_Test -->
