<?xml version="1.0" encoding="UTF-8"?>
<!-- Generated by org.testng.reporters.JUnitReportReporter -->
<testsuite hostname="AMX-RL-20-457-W" failures="0" tests="6" name="icivics_testcases.Icivics_StudentRegistration3classcode_Test" time="193.565" errors="0" timestamp="2022-06-30T22:58:14 IST" skipped="0">
  <testcase classname="icivics_testcases.Icivics_StudentRegistration3classcode_Test" name="C454_verifypagecount3" time="26.957"/>
  <system-out/>
  <testcase classname="icivics_testcases.Icivics_StudentRegistration3classcode_Test" name="C455_verifyusernamegenerateddisplay" time="30.258"/>
  <system-out/>
  <testcase classname="icivics_testcases.Icivics_StudentRegistration3classcode_Test" name="C456_verifyusernametextddisplay" time="27.848"/>
  <system-out/>
  <testcase classname="icivics_testcases.Icivics_StudentRegistration3classcode_Test" name="C457_verifyemailddisplay" time="30.320"/>
  <system-out/>
  <testcase classname="icivics_testcases.Icivics_StudentRegistration3classcode_Test" name="C458_verifyemailtextddisplay" time="27.426"/>
  <system-out/>
  <testcase classname="icivics_testcases.Icivics_StudentRegistration3classcode_Test" name="C459_clickcontinuetomyassignmentbutton" time="50.756"/>
  <system-out/>
</testsuite> <!-- icivics_testcases.Icivics_StudentRegistration3classcode_Test -->
