<?xml version="1.0" encoding="UTF-8"?>
<!-- Generated by org.testng.reporters.JUnitReportReporter -->
<testsuite hostname="AMX-RL-20-457-W" failures="0" tests="6" name="icivics_testcases.Icivics14_HP_1TeacherHeader_Test" time="614.447" errors="0" timestamp="2022-07-05T15:23:34 IST" skipped="0">
  <testcase classname="icivics_testcases.Icivics14_HP_1TeacherHeader_Test" name="C3_Verifyheaderbuttonsforanonymoususer" time="54.154"/>
  <system-out/>
  <testcase classname="icivics_testcases.Icivics14_HP_1TeacherHeader_Test" name="C3_Verifyheaderbuttonsforauthenticateduser" time="32.494"/>
  <system-out/>
  <testcase classname="icivics_testcases.Icivics14_HP_1TeacherHeader_Test" name="C4_Verifyheaderelemets" time="212.712"/>
  <system-out/>
  <testcase classname="icivics_testcases.Icivics14_HP_1TeacherHeader_Test" name="C6_Verifyheaderbuttonhoverforanonymoususer" time="93.059"/>
  <system-out/>
  <testcase classname="icivics_testcases.Icivics14_HP_1TeacherHeader_Test" name="C6_verifyaheaderbuttonhoverforauthenticateduser" time="161.506"/>
  <system-out/>
  <testcase classname="icivics_testcases.Icivics14_HP_1TeacherHeader_Test" name="C7_verifyresizeheaderintohamburger" time="60.522"/>
  <system-out/>
</testsuite> <!-- icivics_testcases.Icivics14_HP_1TeacherHeader_Test -->
