<?xml version="1.0" encoding="UTF-8"?>
<!-- Generated by org.testng.reporters.JUnitReportReporter -->
<testsuite hostname="AMX-RL-20-457-W" failures="0" tests="8" name="icivics_testcases.Icivics4_EducatorRegistration3_Test" time="205.437" errors="0" timestamp="2022-07-01T20:20:42 IST" skipped="0">
  <testcase classname="icivics_testcases.Icivics4_EducatorRegistration3_Test" name="C348_verifybreadcrumbspage3" time="17.754"/>
  <system-out/>
  <testcase classname="icivics_testcases.Icivics4_EducatorRegistration3_Test" name="C349_verifypreviouspage" time="21.714"/>
  <system-out/>
  <testcase classname="icivics_testcases.Icivics4_EducatorRegistration3_Test" name="C350_verifyalldataremembered" time="21.998"/>
  <system-out/>
  <testcase classname="icivics_testcases.Icivics4_EducatorRegistration3_Test" name="C351_verifyallpage3fields" time="33.442"/>
  <system-out/>
  <testcase classname="icivics_testcases.Icivics4_EducatorRegistration3_Test" name="C352_verifyallfieldsallowtoentertextandmakeselection" time="40.030"/>
  <system-out/>
  <testcase classname="icivics_testcases.Icivics4_EducatorRegistration3_Test" name="C354_verifyallfieldswithinvaliddata" time="24.947"/>
  <system-out/>
  <testcase classname="icivics_testcases.Icivics4_EducatorRegistration3_Test" name="C355_verifyallfieldswithblankfield" time="22.325"/>
  <system-out/>
  <testcase classname="icivics_testcases.Icivics4_EducatorRegistration3_Test" name="C357_verifyvalidsubmission" time="23.227"/>
  <system-out/>
</testsuite> <!-- icivics_testcases.Icivics4_EducatorRegistration3_Test -->
