<?xml version="1.0" encoding="UTF-8"?>
<!-- Generated by org.testng.reporters.JUnitReportReporter -->
<testsuite hostname="AMX-RL-20-457-W" failures="0" tests="6" name="icivics_testcases.Icivics_StudentRegistration3Email_Test" time="114.495" errors="0" timestamp="2022-06-30T22:58:14 IST" skipped="0">
  <testcase classname="icivics_testcases.Icivics_StudentRegistration3Email_Test" name="C372_verifypagecount3" time="17.833"/>
  <system-out/>
  <testcase classname="icivics_testcases.Icivics_StudentRegistration3Email_Test" name="C373_verifycheckmsgdisplay" time="17.290"/>
  <system-out/>
  <testcase classname="icivics_testcases.Icivics_StudentRegistration3Email_Test" name="C376_verifyresendbutton" time="23.344"/>
  <system-out/>
  <testcase classname="icivics_testcases.Icivics_StudentRegistration3Email_Test" name="C374_verifycheckmsgdisplay" time="17.021"/>
  <system-out/>
  <testcase classname="icivics_testcases.Icivics_StudentRegistration3Email_Test" name="C375_verifyregisteredemaildisplay" time="16.787"/>
  <system-out/>
  <testcase classname="icivics_testcases.Icivics_StudentRegistration3Email_Test" name="C377_verifyconfirmationemail" time="22.220"/>
  <system-out/>
</testsuite> <!-- icivics_testcases.Icivics_StudentRegistration3Email_Test -->
