<?xml version="1.0" encoding="UTF-8"?>
<!-- Generated by org.testng.reporters.JUnitReportReporter -->
<testsuite hostname="AMX-RL-20-348-W" failures="0" tests="10" name="icivics_testcases.Icivics3_EducatorRegistration2_Test" time="181.606" errors="0" timestamp="2022-07-01T15:18:15 IST" skipped="0">
  <testcase classname="icivics_testcases.Icivics3_EducatorRegistration2_Test" name="C338_verifybreadcrumbspage1" time="9.725"/>
  <system-out/>
  <testcase classname="icivics_testcases.Icivics3_EducatorRegistration2_Test" name="C339_verifypreviouspage" time="11.762"/>
  <system-out/>
  <testcase classname="icivics_testcases.Icivics3_EducatorRegistration2_Test" name="C340_verifyalldataremembered" time="15.466"/>
  <system-out/>
  <testcase classname="icivics_testcases.Icivics3_EducatorRegistration2_Test" name="C341_verifyRoleandGradeLevel" time="19.587"/>
  <system-out/>
  <testcase classname="icivics_testcases.Icivics3_EducatorRegistration2_Test" name="C342_verifymakeselection" time="19.884"/>
  <system-out/>
  <testcase classname="icivics_testcases.Icivics3_EducatorRegistration2_Test" name="C343_verifyotheradditionalfield" time="12.568"/>
  <system-out/>
  <testcase classname="icivics_testcases.Icivics3_EducatorRegistration2_Test" name="C344_verifyasterisk" time="9.774"/>
  <system-out/>
  <testcase classname="icivics_testcases.Icivics3_EducatorRegistration2_Test" name="C345_verifyblankerrormsg" time="48.334"/>
  <system-out/>
  <testcase classname="icivics_testcases.Icivics3_EducatorRegistration2_Test" name="C346_verifyerrormsgboxcolor" time="12.492"/>
  <system-out/>
  <testcase classname="icivics_testcases.Icivics3_EducatorRegistration2_Test" name="C347_verifyvalidsubmission" time="22.014"/>
  <system-out/>
</testsuite> <!-- icivics_testcases.Icivics3_EducatorRegistration2_Test -->
