<?xml version="1.0" encoding="UTF-8"?>
<!-- Generated by org.testng.reporters.JUnitReportReporter -->
<testsuite hostname="AMX-RL-20-457-W" failures="0" tests="4" name="icivics_testcases.Icivics16_HP_3HeaderTeach_Test" time="90.905" errors="0" timestamp="2022-07-05T15:23:34 IST" skipped="0">
  <testcase classname="icivics_testcases.Icivics16_HP_3HeaderTeach_Test" name="C15_Verifyteachsubmenu" time="6.019"/>
  <system-out/>
  <testcase classname="icivics_testcases.Icivics16_HP_3HeaderTeach_Test" name="C16_Verifysubmenucount" time="7.021"/>
  <system-out/>
  <testcase classname="icivics_testcases.Icivics16_HP_3HeaderTeach_Test" name="C17_Verifyteachbuttonelements" time="71.691"/>
  <system-out/>
  <testcase classname="icivics_testcases.Icivics16_HP_3HeaderTeach_Test" name="C20_verifyclickteachbuttonagain" time="6.174"/>
  <system-out/>
</testsuite> <!-- icivics_testcases.Icivics16_HP_3HeaderTeach_Test -->
