<?xml version="1.0" encoding="UTF-8"?>
<!-- Generated by org.testng.reporters.JUnitReportReporter -->
<testsuite hostname="AMX-RL-20-457-W" failures="0" tests="10" name="icivics_testcases.Icivics3_EducatorRegistration2_Test" time="190.489" errors="0" timestamp="2022-07-01T20:20:41 IST" skipped="0">
  <testcase classname="icivics_testcases.Icivics3_EducatorRegistration2_Test" name="C338_verifybreadcrumbspage1" time="10.463"/>
  <system-out/>
  <testcase classname="icivics_testcases.Icivics3_EducatorRegistration2_Test" name="C339_verifypreviouspage" time="13.373"/>
  <system-out/>
  <testcase classname="icivics_testcases.Icivics3_EducatorRegistration2_Test" name="C340_verifyalldataremembered" time="16.632"/>
  <system-out/>
  <testcase classname="icivics_testcases.Icivics3_EducatorRegistration2_Test" name="C341_verifyRoleandGradeLevel" time="20.040"/>
  <system-out/>
  <testcase classname="icivics_testcases.Icivics3_EducatorRegistration2_Test" name="C342_verifymakeselection" time="21.458"/>
  <system-out/>
  <testcase classname="icivics_testcases.Icivics3_EducatorRegistration2_Test" name="C343_verifyotheradditionalfield" time="14.054"/>
  <system-out/>
  <testcase classname="icivics_testcases.Icivics3_EducatorRegistration2_Test" name="C344_verifyasterisk" time="11.173"/>
  <system-out/>
  <testcase classname="icivics_testcases.Icivics3_EducatorRegistration2_Test" name="C345_verifyblankerrormsg" time="48.155"/>
  <system-out/>
  <testcase classname="icivics_testcases.Icivics3_EducatorRegistration2_Test" name="C346_verifyerrormsgboxcolor" time="12.720"/>
  <system-out/>
  <testcase classname="icivics_testcases.Icivics3_EducatorRegistration2_Test" name="C347_verifyvalidsubmission" time="22.421"/>
  <system-out/>
</testsuite> <!-- icivics_testcases.Icivics3_EducatorRegistration2_Test -->
