<?xml version="1.0" encoding="UTF-8"?>
<!-- Generated by org.testng.reporters.JUnitReportReporter -->
<testsuite hostname="AMX-RL-20-348-W" failures="0" tests="13" name="icivics_testcases.Icivics9_StudentRegistration2classcode_Test" time="182.317" errors="0" timestamp="2022-07-01T15:18:15 IST" skipped="0">
  <testcase classname="icivics_testcases.Icivics9_StudentRegistration2classcode_Test" name="C398_verifypagecount2" time="9.852"/>
  <system-out/>
  <testcase classname="icivics_testcases.Icivics9_StudentRegistration2classcode_Test" name="C399_Clickbackbutton" time="11.521"/>
  <system-out/>
  <testcase classname="icivics_testcases.Icivics9_StudentRegistration2classcode_Test" name="C400_verifyfieldsisremembered" time="11.327"/>
  <system-out/>
  <testcase classname="icivics_testcases.Icivics9_StudentRegistration2classcode_Test" name="C403_clickontermsofuselink" time="22.983"/>
  <system-out/>
  <testcase classname="icivics_testcases.Icivics9_StudentRegistration2classcode_Test" name="C404_clickprivacypolicy" time="15.454"/>
  <system-out/>
  <testcase classname="icivics_testcases.Icivics9_StudentRegistration2classcode_Test" name="C405_verifypage2SignUpforEmailsfield" time="9.146"/>
  <system-out/>
  <testcase classname="icivics_testcases.Icivics9_StudentRegistration2classcode_Test" name="C408_hoveronpwdfield" time="11.661"/>
  <system-out/>
  <testcase classname="icivics_testcases.Icivics9_StudentRegistration2classcode_Test" name="C409_VerifyPasswordstrengthmeter" time="11.614"/>
  <system-out/>
  <testcase classname="icivics_testcases.Icivics9_StudentRegistration2classcode_Test" name="C410_VerifyPasswordindicatormatch" time="14.944"/>
  <system-out/>
  <testcase classname="icivics_testcases.Icivics9_StudentRegistration2classcode_Test" name="C412_verifyenterinvaliddata" time="19.039"/>
  <system-out/>
  <testcase classname="icivics_testcases.Icivics9_StudentRegistration2classcode_Test" name="C412_verifytermsofuseandprivacycheckbox" time="12.366"/>
  <system-out/>
  <testcase classname="icivics_testcases.Icivics9_StudentRegistration2classcode_Test" name="C413_verifyblankerrormsg" time="14.903"/>
  <system-out/>
  <testcase classname="icivics_testcases.Icivics9_StudentRegistration2classcode_Test" name="C414_verifypage3loaded" time="17.507"/>
  <system-out/>
</testsuite> <!-- icivics_testcases.Icivics9_StudentRegistration2classcode_Test -->
