<?xml version="1.0" encoding="UTF-8"?>
<!-- Generated by org.testng.reporters.JUnitReportReporter -->
<testsuite hostname="AMX-RL-20-457-W" failures="0" tests="13" name="icivics_testcases.Icivics8_StudentRegistration1Email_Test" time="177.979" errors="0" timestamp="2022-07-05T15:23:34 IST" skipped="0">
  <testcase classname="icivics_testcases.Icivics8_StudentRegistration1Email_Test" name="C383_Verifybreadcrumbs" time="5.490"/>
  <system-out/>
  <testcase classname="icivics_testcases.Icivics8_StudentRegistration1Email_Test" name="C384_Verifybreadcrumbspage" time="5.340"/>
  <system-out/>
  <testcase classname="icivics_testcases.Icivics8_StudentRegistration1Email_Test" name="C385_Verifyvideolink" time="20.772"/>
  <system-out/>
  <testcase classname="icivics_testcases.Icivics8_StudentRegistration1Email_Test" name="C387_verifytextfields" time="9.045"/>
  <system-out/>
  <testcase classname="icivics_testcases.Icivics8_StudentRegistration1Email_Test" name="C388_verifyusernamepregenerated" time="11.480"/>
  <system-out/>
  <testcase classname="icivics_testcases.Icivics8_StudentRegistration1Email_Test" name="C389_verifyusernamepregeneratedrandomly" time="17.593"/>
  <system-out/>
  <testcase classname="icivics_testcases.Icivics8_StudentRegistration1Email_Test" name="C390_verifyentertextinallfields" time="8.938"/>
  <system-out/>
  <testcase classname="icivics_testcases.Icivics8_StudentRegistration1Email_Test" name="C391_verifyfieldsmarkedwithanasterisk" time="6.536"/>
  <system-out/>
  <testcase classname="icivics_testcases.Icivics8_StudentRegistration1Email_Test" name="C392_verifyemailtooltips" time="6.580"/>
  <system-out/>
  <testcase classname="icivics_testcases.Icivics8_StudentRegistration1Email_Test" name="C393_verifyemailerrormsg" time="13.866"/>
  <system-out/>
  <testcase classname="icivics_testcases.Icivics8_StudentRegistration1Email_Test" name="C394_verifyblankerrormsg" time="42.685"/>
  <system-out/>
  <testcase classname="icivics_testcases.Icivics8_StudentRegistration1Email_Test" name="C396_verifyvalidregistration" time="18.249"/>
  <system-out/>
  <testcase classname="icivics_testcases.Icivics8_StudentRegistration1Email_Test" name="C397_Verifyclasscodelink" time="11.405"/>
  <system-out/>
</testsuite> <!-- icivics_testcases.Icivics8_StudentRegistration1Email_Test -->
