<?xml version="1.0" encoding="UTF-8"?>
<!-- Generated by org.testng.reporters.JUnitReportReporter -->
<testsuite hostname="AMX-RL-20-457-W" failures="0" tests="13" name="icivics_testcases.Icivics_StudentRegistration2classcode_Test" time="304.403" errors="0" timestamp="2022-06-30T22:58:14 IST" skipped="0">
  <testcase classname="icivics_testcases.Icivics_StudentRegistration2classcode_Test" name="C398_verifypagecount2" time="13.810"/>
  <system-out/>
  <testcase classname="icivics_testcases.Icivics_StudentRegistration2classcode_Test" name="C399_Clickbackbutton" time="16.666"/>
  <system-out/>
  <testcase classname="icivics_testcases.Icivics_StudentRegistration2classcode_Test" name="C400_verifyfieldsisremembered" time="16.617"/>
  <system-out/>
  <testcase classname="icivics_testcases.Icivics_StudentRegistration2classcode_Test" name="C403_clickontermsofuselink" time="56.519"/>
  <system-out/>
  <testcase classname="icivics_testcases.Icivics_StudentRegistration2classcode_Test" name="C404_clickprivacypolicy" time="38.447"/>
  <system-out/>
  <testcase classname="icivics_testcases.Icivics_StudentRegistration2classcode_Test" name="C405_verifypage2SignUpforEmailsfield" time="14.067"/>
  <system-out/>
  <testcase classname="icivics_testcases.Icivics_StudentRegistration2classcode_Test" name="C408_hoveronpwdfield" time="15.771"/>
  <system-out/>
  <testcase classname="icivics_testcases.Icivics_StudentRegistration2classcode_Test" name="C409_VerifyPasswordstrengthmeter" time="17.466"/>
  <system-out/>
  <testcase classname="icivics_testcases.Icivics_StudentRegistration2classcode_Test" name="C410_VerifyPasswordindicatormatch" time="18.911"/>
  <system-out/>
  <testcase classname="icivics_testcases.Icivics_StudentRegistration2classcode_Test" name="C412_verifyenterinvaliddata" time="25.712"/>
  <system-out/>
  <testcase classname="icivics_testcases.Icivics_StudentRegistration2classcode_Test" name="C412_verifytermsofuseandprivacycheckbox" time="20.015"/>
  <system-out/>
  <testcase classname="icivics_testcases.Icivics_StudentRegistration2classcode_Test" name="C413_verifyblankerrormsg" time="19.592"/>
  <system-out/>
  <testcase classname="icivics_testcases.Icivics_StudentRegistration2classcode_Test" name="C414_verifypage3loaded" time="30.810"/>
  <system-out/>
</testsuite> <!-- icivics_testcases.Icivics_StudentRegistration2classcode_Test -->
