<?xml version="1.0" encoding="UTF-8"?>
<!-- Generated by org.testng.reporters.JUnitReportReporter -->
<testsuite hostname="AMX-RL-20-457-W" failures="0" tests="6" name="icivics_testcases.Icivics6_EducatorRegistration5_Test" time="175.208" errors="0" timestamp="2022-07-05T15:23:34 IST" skipped="0">
  <testcase classname="icivics_testcases.Icivics6_EducatorRegistration5_Test" name="C372_verifybreadcrumbspage5" time="26.746"/>
  <system-out/>
  <testcase classname="icivics_testcases.Icivics6_EducatorRegistration5_Test" name="C373_verifywelcomemessage" time="26.228"/>
  <system-out/>
  <testcase classname="icivics_testcases.Icivics6_EducatorRegistration5_Test" name="C374_verifyconfirmationemail" time="29.492"/>
  <system-out/>
  <testcase classname="icivics_testcases.Icivics6_EducatorRegistration5_Test" name="C375_verifyconfirmationemail" time="27.346"/>
  <system-out/>
  <testcase classname="icivics_testcases.Icivics6_EducatorRegistration5_Test" name="C376_verifyresendbutton" time="32.478"/>
  <system-out/>
  <testcase classname="icivics_testcases.Icivics6_EducatorRegistration5_Test" name="C377_verifynotification" time="32.918"/>
  <system-out/>
</testsuite> <!-- icivics_testcases.Icivics6_EducatorRegistration5_Test -->
