<?xml version="1.0" encoding="UTF-8"?>
<!-- Generated by org.testng.reporters.JUnitReportReporter -->
<testsuite hostname="AMX-RL-20-457-W" failures="0" tests="13" name="icivics_testcases.Icivics_StudentRegistration1Email_Test" time="166.250" errors="0" timestamp="2022-06-30T22:58:14 IST" skipped="0">
  <testcase classname="icivics_testcases.Icivics_StudentRegistration1Email_Test" name="C383_Verifybreadcrumbs" time="5.571"/>
  <system-out/>
  <testcase classname="icivics_testcases.Icivics_StudentRegistration1Email_Test" name="C384_Verifybreadcrumbspage" time="4.783"/>
  <system-out/>
  <testcase classname="icivics_testcases.Icivics_StudentRegistration1Email_Test" name="C385_Verifyvideolink" time="15.853"/>
  <system-out/>
  <testcase classname="icivics_testcases.Icivics_StudentRegistration1Email_Test" name="C387_verifytextfields" time="6.763"/>
  <system-out/>
  <testcase classname="icivics_testcases.Icivics_StudentRegistration1Email_Test" name="C388_verifyusernamepregenerated" time="10.870"/>
  <system-out/>
  <testcase classname="icivics_testcases.Icivics_StudentRegistration1Email_Test" name="C389_verifyusernamepregeneratedrandomly" time="17.060"/>
  <system-out/>
  <testcase classname="icivics_testcases.Icivics_StudentRegistration1Email_Test" name="C390_verifyentertextinallfields" time="8.788"/>
  <system-out/>
  <testcase classname="icivics_testcases.Icivics_StudentRegistration1Email_Test" name="C391_verifyfieldsmarkedwithanasterisk" time="5.750"/>
  <system-out/>
  <testcase classname="icivics_testcases.Icivics_StudentRegistration1Email_Test" name="C392_verifyemailtooltips" time="5.626"/>
  <system-out/>
  <testcase classname="icivics_testcases.Icivics_StudentRegistration1Email_Test" name="C393_verifyemailerrormsg" time="13.032"/>
  <system-out/>
  <testcase classname="icivics_testcases.Icivics_StudentRegistration1Email_Test" name="C394_verifyblankerrormsg" time="45.477"/>
  <system-out/>
  <testcase classname="icivics_testcases.Icivics_StudentRegistration1Email_Test" name="C396_verifyvalidregistration" time="17.357"/>
  <system-out/>
  <testcase classname="icivics_testcases.Icivics_StudentRegistration1Email_Test" name="C397_Verifyclasscodelink" time="9.320"/>
  <system-out/>
</testsuite> <!-- icivics_testcases.Icivics_StudentRegistration1Email_Test -->
