<?xml version="1.0" encoding="UTF-8"?>
<!-- Generated by org.testng.reporters.JUnitReportReporter -->
<testsuite hostname="AMX-RL-20-457-W" failures="0" tests="6" name="icivics_testcases.Icivics11_StudentRegistration3classcode_Test" time="198.304" errors="0" timestamp="2022-07-05T15:23:34 IST" skipped="0">
  <testcase classname="icivics_testcases.Icivics11_StudentRegistration3classcode_Test" name="C454_verifypagecount3" time="28.529"/>
  <system-out/>
  <testcase classname="icivics_testcases.Icivics11_StudentRegistration3classcode_Test" name="C455_verifyusernamegenerateddisplay" time="30.977"/>
  <system-out/>
  <testcase classname="icivics_testcases.Icivics11_StudentRegistration3classcode_Test" name="C456_verifyusernametextddisplay" time="27.735"/>
  <system-out/>
  <testcase classname="icivics_testcases.Icivics11_StudentRegistration3classcode_Test" name="C457_verifyemailddisplay" time="30.982"/>
  <system-out/>
  <testcase classname="icivics_testcases.Icivics11_StudentRegistration3classcode_Test" name="C458_verifyemailtextddisplay" time="28.021"/>
  <system-out/>
  <testcase classname="icivics_testcases.Icivics11_StudentRegistration3classcode_Test" name="C459_clickcontinuetomyassignmentbutton" time="52.060"/>
  <system-out/>
</testsuite> <!-- icivics_testcases.Icivics11_StudentRegistration3classcode_Test -->
