<?xml version="1.0" encoding="UTF-8"?>
<!-- Generated by org.testng.reporters.JUnitReportReporter -->
<testsuite hostname="AMX-RL-20-457-W" failures="0" tests="4" name="icivics_testcases.Icivics13_HP_1Header_Test" time="126.396" errors="0" timestamp="2022-07-01T20:20:41 IST" skipped="0">
  <testcase classname="icivics_testcases.Icivics13_HP_1Header_Test" name="C1_VerifyLogo" time="13.770"/>
  <system-out/>
  <testcase classname="icivics_testcases.Icivics13_HP_1Header_Test" name="C2_VerifyHeaderbuttonforanonymoususer" time="59.394"/>
  <system-out/>
  <testcase classname="icivics_testcases.Icivics13_HP_1Header_Test" name="C2_VerifyHeaderbuttonforauthenticateduser" time="36.030"/>
  <system-out/>
  <testcase classname="icivics_testcases.Icivics13_HP_1Header_Test" name="C1538_Verifydonationpopup" time="17.202"/>
  <system-out/>
</testsuite> <!-- icivics_testcases.Icivics13_HP_1Header_Test -->
