<?xml version="1.0" encoding="UTF-8"?>
<!-- Generated by org.testng.reporters.JUnitReportReporter -->
<testsuite hostname="AMX-RL-20-457-W" failures="0" tests="12" name="icivics_testcases.Icivics_HP_5HeaderMyicivicsMisc_Test" time="564.105" errors="0" timestamp="2022-06-30T22:58:14 IST" skipped="0">
  <testcase classname="icivics_testcases.Icivics_HP_5HeaderMyicivicsMisc_Test" name="C29_Verifydonatebutton" time="27.960"/>
  <system-out/>
  <testcase classname="icivics_testcases.Icivics_HP_5HeaderMyicivicsMisc_Test" name="C30_Verifydonatebuttonclick" time="34.667"/>
  <system-out/>
  <testcase classname="icivics_testcases.Icivics_HP_5HeaderMyicivicsMisc_Test" name="C31_Verifyshopbutton" time="28.082"/>
  <system-out/>
  <testcase classname="icivics_testcases.Icivics_HP_5HeaderMyicivicsMisc_Test" name="C32_Verifyshopbuttonclick" time="30.770"/>
  <system-out/>
  <testcase classname="icivics_testcases.Icivics_HP_5HeaderMyicivicsMisc_Test" name="C34_VerifyIcivicsbutton" time="27.077"/>
  <system-out/>
  <testcase classname="icivics_testcases.Icivics_HP_5HeaderMyicivicsMisc_Test" name="C35_Verifytheavatar" time="30.907"/>
  <system-out/>
  <testcase classname="icivics_testcases.Icivics_HP_5HeaderMyicivicsMisc_Test" name="C35_Verifythenoavatar" time="50.585"/>
  <system-out/>
  <testcase classname="icivics_testcases.Icivics_HP_5HeaderMyicivicsMisc_Test" name="C36_VerifyIcivicssubmenu" time="28.009"/>
  <system-out/>
  <testcase classname="icivics_testcases.Icivics_HP_5HeaderMyicivicsMisc_Test" name="C37_VerifyIcivicssubmenu" time="28.286"/>
  <system-out/>
  <testcase classname="icivics_testcases.Icivics_HP_5HeaderMyicivicsMisc_Test" name="C39_Myicivicsbuttonelementsverification" time="122.326"/>
  <system-out/>
  <testcase classname="icivics_testcases.Icivics_HP_5HeaderMyicivicsMisc_Test" name="C41_verifyselectpageisunderlined" time="126.251"/>
  <system-out/>
  <testcase classname="icivics_testcases.Icivics_HP_5HeaderMyicivicsMisc_Test" name="C42_Verifymyicivicsbuttonsubmenuclose" time="29.185"/>
  <system-out/>
</testsuite> <!-- icivics_testcases.Icivics_HP_5HeaderMyicivicsMisc_Test -->
