<?xml version="1.0" encoding="UTF-8"?>
<!-- Generated by org.testng.reporters.JUnitReportReporter -->
<testsuite hostname="AMX-RL-20-457-W" failures="0" tests="13" name="icivics_testcases.Icivics8_StudentRegistration1Email_Test" time="172.595" errors="0" timestamp="2022-07-02T22:38:37 IST" skipped="0">
  <testcase classname="icivics_testcases.Icivics8_StudentRegistration1Email_Test" name="C383_Verifybreadcrumbs" time="6.470"/>
  <system-out/>
  <testcase classname="icivics_testcases.Icivics8_StudentRegistration1Email_Test" name="C384_Verifybreadcrumbspage" time="5.170"/>
  <system-out/>
  <testcase classname="icivics_testcases.Icivics8_StudentRegistration1Email_Test" name="C385_Verifyvideolink" time="19.805"/>
  <system-out/>
  <testcase classname="icivics_testcases.Icivics8_StudentRegistration1Email_Test" name="C387_verifytextfields" time="7.651"/>
  <system-out/>
  <testcase classname="icivics_testcases.Icivics8_StudentRegistration1Email_Test" name="C388_verifyusernamepregenerated" time="11.287"/>
  <system-out/>
  <testcase classname="icivics_testcases.Icivics8_StudentRegistration1Email_Test" name="C389_verifyusernamepregeneratedrandomly" time="17.402"/>
  <system-out/>
  <testcase classname="icivics_testcases.Icivics8_StudentRegistration1Email_Test" name="C390_verifyentertextinallfields" time="9.338"/>
  <system-out/>
  <testcase classname="icivics_testcases.Icivics8_StudentRegistration1Email_Test" name="C391_verifyfieldsmarkedwithanasterisk" time="5.844"/>
  <system-out/>
  <testcase classname="icivics_testcases.Icivics8_StudentRegistration1Email_Test" name="C392_verifyemailtooltips" time="5.933"/>
  <system-out/>
  <testcase classname="icivics_testcases.Icivics8_StudentRegistration1Email_Test" name="C393_verifyemailerrormsg" time="13.355"/>
  <system-out/>
  <testcase classname="icivics_testcases.Icivics8_StudentRegistration1Email_Test" name="C394_verifyblankerrormsg" time="42.448"/>
  <system-out/>
  <testcase classname="icivics_testcases.Icivics8_StudentRegistration1Email_Test" name="C396_verifyvalidregistration" time="18.053"/>
  <system-out/>
  <testcase classname="icivics_testcases.Icivics8_StudentRegistration1Email_Test" name="C397_Verifyclasscodelink" time="9.839"/>
  <system-out/>
</testsuite> <!-- icivics_testcases.Icivics8_StudentRegistration1Email_Test -->
