<?xml version="1.0" encoding="UTF-8"?>
<!-- Generated by org.testng.reporters.JUnitReportReporter -->
<testsuite hostname="AMX-RL-20-457-W" failures="0" tests="4" name="icivics_testcases.Icivics_HP_1Header_Test" time="93.216" errors="0" timestamp="2022-06-30T22:58:14 IST" skipped="0">
  <testcase classname="icivics_testcases.Icivics_HP_1Header_Test" name="C1_VerifyLogo" time="13.603"/>
  <system-out/>
  <testcase classname="icivics_testcases.Icivics_HP_1Header_Test" name="C2_VerifyHeaderbuttonforanonymoususer" time="33.382"/>
  <system-out/>
  <testcase classname="icivics_testcases.Icivics_HP_1Header_Test" name="C2_VerifyHeaderbuttonforauthenticateduser" time="33.575"/>
  <system-out/>
  <testcase classname="icivics_testcases.Icivics_HP_1Header_Test" name="C1538_Verifydonationpopup" time="12.656"/>
  <system-out/>
</testsuite> <!-- icivics_testcases.Icivics_HP_1Header_Test -->
