<?xml version="1.0" encoding="UTF-8"?>
<!-- Generated by org.testng.reporters.JUnitReportReporter -->
<testsuite hostname="AMX-RL-20-457-W" failures="0" tests="4" name="icivics_testcases.Icivics_HP_3HeaderTeach_Test" time="86.670" errors="0" timestamp="2022-06-30T22:58:14 IST" skipped="0">
  <testcase classname="icivics_testcases.Icivics_HP_3HeaderTeach_Test" name="C15_Verifyteachsubmenu" time="5.517"/>
  <system-out/>
  <testcase classname="icivics_testcases.Icivics_HP_3HeaderTeach_Test" name="C16_Verifysubmenucount" time="6.494"/>
  <system-out/>
  <testcase classname="icivics_testcases.Icivics_HP_3HeaderTeach_Test" name="C17_Verifyteachbuttonelements" time="68.793"/>
  <system-out/>
  <testcase classname="icivics_testcases.Icivics_HP_3HeaderTeach_Test" name="C20_verifyclickteachbuttonagain" time="5.866"/>
  <system-out/>
</testsuite> <!-- icivics_testcases.Icivics_HP_3HeaderTeach_Test -->
