<?xml version="1.0" encoding="UTF-8"?>
<!-- Generated by org.testng.reporters.JUnitReportReporter -->
<testsuite hostname="AMX-RL-20-457-W" failures="0" tests="13" name="icivics_testcases.Icivics10_StudentRegistration2Email_Test" time="212.675" errors="0" timestamp="2022-07-05T15:23:34 IST" skipped="0">
  <testcase classname="icivics_testcases.Icivics10_StudentRegistration2Email_Test" name="C398_verifypagecount2" time="8.937"/>
  <system-out/>
  <testcase classname="icivics_testcases.Icivics10_StudentRegistration2Email_Test" name="C399_Clickbackbutton" time="14.498"/>
  <system-out/>
  <testcase classname="icivics_testcases.Icivics10_StudentRegistration2Email_Test" name="C400_verifyfieldsisremembered" time="11.384"/>
  <system-out/>
  <testcase classname="icivics_testcases.Icivics10_StudentRegistration2Email_Test" name="C403_clickontermsofuselink" time="41.099"/>
  <system-out/>
  <testcase classname="icivics_testcases.Icivics10_StudentRegistration2Email_Test" name="C404_clickprivacypolicy" time="34.223"/>
  <system-out/>
  <testcase classname="icivics_testcases.Icivics10_StudentRegistration2Email_Test" name="C405_verifypage2SignUpforEmailsfield" time="9.463"/>
  <system-out/>
  <testcase classname="icivics_testcases.Icivics10_StudentRegistration2Email_Test" name="C408_hoveronpwdfield" time="9.056"/>
  <system-out/>
  <testcase classname="icivics_testcases.Icivics10_StudentRegistration2Email_Test" name="C409_VerifyPasswordstrengthmeter" time="12.639"/>
  <system-out/>
  <testcase classname="icivics_testcases.Icivics10_StudentRegistration2Email_Test" name="C410_VerifyPasswordindicatormatch" time="9.547"/>
  <system-out/>
  <testcase classname="icivics_testcases.Icivics10_StudentRegistration2Email_Test" name="C412_verifyenterinvaliddata" time="14.020"/>
  <system-out/>
  <testcase classname="icivics_testcases.Icivics10_StudentRegistration2Email_Test" name="C412_verifytermsofuseandprivacycheckbox" time="12.543"/>
  <system-out/>
  <testcase classname="icivics_testcases.Icivics10_StudentRegistration2Email_Test" name="C413_verifyblankerrormsg" time="17.333"/>
  <system-out/>
  <testcase classname="icivics_testcases.Icivics10_StudentRegistration2Email_Test" name="C414_verifypage3loaded" time="17.933"/>
  <system-out/>
</testsuite> <!-- icivics_testcases.Icivics10_StudentRegistration2Email_Test -->
