<?xml version="1.0" encoding="UTF-8"?>
<!-- Generated by org.testng.reporters.JUnitReportReporter -->
<testsuite hostname="AMX-RL-20-457-W" failures="0" tests="4" name="icivics_testcases.Icivics16_HP_3HeaderTeach_Test" time="100.197" errors="0" timestamp="2022-07-01T20:20:42 IST" skipped="0">
  <testcase classname="icivics_testcases.Icivics16_HP_3HeaderTeach_Test" name="C15_Verifyteachsubmenu" time="7.415"/>
  <system-out/>
  <testcase classname="icivics_testcases.Icivics16_HP_3HeaderTeach_Test" name="C16_Verifysubmenucount" time="8.022"/>
  <system-out/>
  <testcase classname="icivics_testcases.Icivics16_HP_3HeaderTeach_Test" name="C17_Verifyteachbuttonelements" time="77.371"/>
  <system-out/>
  <testcase classname="icivics_testcases.Icivics16_HP_3HeaderTeach_Test" name="C20_verifyclickteachbuttonagain" time="7.389"/>
  <system-out/>
</testsuite> <!-- icivics_testcases.Icivics16_HP_3HeaderTeach_Test -->
