<?xml version="1.0" encoding="UTF-8"?>
<!-- Generated by org.testng.reporters.JUnitReportReporter -->
<testsuite hostname="AMX-RL-20-457-W" failures="0" tests="4" name="icivics_testcases.Icivics_HP_4HeaderAbout_Test" time="272.414" errors="0" timestamp="2022-06-30T22:58:14 IST" skipped="0">
  <testcase classname="icivics_testcases.Icivics_HP_4HeaderAbout_Test" name="C22_Verifyaboutsubmenu" time="58.230"/>
  <system-out/>
  <testcase classname="icivics_testcases.Icivics_HP_4HeaderAbout_Test" name="C23_Verifysubmenucount" time="33.378"/>
  <system-out/>
  <testcase classname="icivics_testcases.Icivics_HP_4HeaderAbout_Test" name="C24_VerifysubmenuElement" time="148.405"/>
  <system-out/>
  <testcase classname="icivics_testcases.Icivics_HP_4HeaderAbout_Test" name="C27_Verifyclickaboutbuttonagain" time="32.401"/>
  <system-out/>
</testsuite> <!-- icivics_testcases.Icivics_HP_4HeaderAbout_Test -->
