<?xml version="1.0" encoding="UTF-8"?>
<!-- Generated by org.testng.reporters.JUnitReportReporter -->
<testsuite hostname="AMX-RL-20-457-W" failures="0" tests="12" name="icivics_testcases.Icivics19_HP_5HeaderMyicivicsMisc_Test" time="631.568" errors="0" timestamp="2022-07-05T15:23:34 IST" skipped="0">
  <testcase classname="icivics_testcases.Icivics19_HP_5HeaderMyicivicsMisc_Test" name="C29_Verifydonatebutton" time="53.634"/>
  <system-out/>
  <testcase classname="icivics_testcases.Icivics19_HP_5HeaderMyicivicsMisc_Test" name="C30_Verifydonatebuttonclick" time="38.318"/>
  <system-out/>
  <testcase classname="icivics_testcases.Icivics19_HP_5HeaderMyicivicsMisc_Test" name="C31_Verifyshopbutton" time="29.503"/>
  <system-out/>
  <testcase classname="icivics_testcases.Icivics19_HP_5HeaderMyicivicsMisc_Test" name="C32_Verifyshopbuttonclick" time="32.788"/>
  <system-out/>
  <testcase classname="icivics_testcases.Icivics19_HP_5HeaderMyicivicsMisc_Test" name="C34_VerifyIcivicsbutton" time="29.466"/>
  <system-out/>
  <testcase classname="icivics_testcases.Icivics19_HP_5HeaderMyicivicsMisc_Test" name="C35_Verifytheavatar" time="31.785"/>
  <system-out/>
  <testcase classname="icivics_testcases.Icivics19_HP_5HeaderMyicivicsMisc_Test" name="C35_Verifythenoavatar" time="51.675"/>
  <system-out/>
  <testcase classname="icivics_testcases.Icivics19_HP_5HeaderMyicivicsMisc_Test" name="C36_VerifyIcivicssubmenu" time="29.123"/>
  <system-out/>
  <testcase classname="icivics_testcases.Icivics19_HP_5HeaderMyicivicsMisc_Test" name="C37_VerifyIcivicssubmenu" time="52.059"/>
  <system-out/>
  <testcase classname="icivics_testcases.Icivics19_HP_5HeaderMyicivicsMisc_Test" name="C39_Myicivicsbuttonelementsverification" time="101.788"/>
  <system-out/>
  <testcase classname="icivics_testcases.Icivics19_HP_5HeaderMyicivicsMisc_Test" name="C41_verifyselectpageisunderlined" time="128.766"/>
  <system-out/>
  <testcase classname="icivics_testcases.Icivics19_HP_5HeaderMyicivicsMisc_Test" name="C42_Verifymyicivicsbuttonsubmenuclose" time="52.663"/>
  <system-out/>
</testsuite> <!-- icivics_testcases.Icivics19_HP_5HeaderMyicivicsMisc_Test -->
