<?xml version="1.0" encoding="UTF-8"?>
<!-- Generated by org.testng.reporters.JUnitReportReporter -->
<testsuite hostname="AMX-RL-20-457-W" failures="0" tests="10" name="icivics_testcases.Icivics3_EducatorRegistration2_Test" time="189.227" errors="0" timestamp="2022-07-02T22:38:37 IST" skipped="0">
  <testcase classname="icivics_testcases.Icivics3_EducatorRegistration2_Test" name="C338_verifybreadcrumbspage1" time="9.165"/>
  <system-out/>
  <testcase classname="icivics_testcases.Icivics3_EducatorRegistration2_Test" name="C339_verifypreviouspage" time="12.733"/>
  <system-out/>
  <testcase classname="icivics_testcases.Icivics3_EducatorRegistration2_Test" name="C340_verifyalldataremembered" time="16.629"/>
  <system-out/>
  <testcase classname="icivics_testcases.Icivics3_EducatorRegistration2_Test" name="C341_verifyRoleandGradeLevel" time="20.441"/>
  <system-out/>
  <testcase classname="icivics_testcases.Icivics3_EducatorRegistration2_Test" name="C342_verifymakeselection" time="20.552"/>
  <system-out/>
  <testcase classname="icivics_testcases.Icivics3_EducatorRegistration2_Test" name="C343_verifyotheradditionalfield" time="13.001"/>
  <system-out/>
  <testcase classname="icivics_testcases.Icivics3_EducatorRegistration2_Test" name="C344_verifyasterisk" time="9.572"/>
  <system-out/>
  <testcase classname="icivics_testcases.Icivics3_EducatorRegistration2_Test" name="C345_verifyblankerrormsg" time="50.701"/>
  <system-out/>
  <testcase classname="icivics_testcases.Icivics3_EducatorRegistration2_Test" name="C346_verifyerrormsgboxcolor" time="12.054"/>
  <system-out/>
  <testcase classname="icivics_testcases.Icivics3_EducatorRegistration2_Test" name="C347_verifyvalidsubmission" time="24.379"/>
  <system-out/>
</testsuite> <!-- icivics_testcases.Icivics3_EducatorRegistration2_Test -->
