<?xml version="1.0" encoding="UTF-8"?>
<!-- Generated by org.testng.reporters.JUnitReportReporter -->
<testsuite hostname="AMX-RL-20-457-W" failures="0" tests="13" name="icivics_testcases.Icivics10_StudentRegistration2Email_Test" time="227.767" errors="0" timestamp="2022-07-01T20:20:41 IST" skipped="0">
  <testcase classname="icivics_testcases.Icivics10_StudentRegistration2Email_Test" name="C398_verifypagecount2" time="10.496"/>
  <system-out/>
  <testcase classname="icivics_testcases.Icivics10_StudentRegistration2Email_Test" name="C399_Clickbackbutton" time="14.476"/>
  <system-out/>
  <testcase classname="icivics_testcases.Icivics10_StudentRegistration2Email_Test" name="C400_verifyfieldsisremembered" time="12.628"/>
  <system-out/>
  <testcase classname="icivics_testcases.Icivics10_StudentRegistration2Email_Test" name="C403_clickontermsofuselink" time="42.633"/>
  <system-out/>
  <testcase classname="icivics_testcases.Icivics10_StudentRegistration2Email_Test" name="C404_clickprivacypolicy" time="36.577"/>
  <system-out/>
  <testcase classname="icivics_testcases.Icivics10_StudentRegistration2Email_Test" name="C405_verifypage2SignUpforEmailsfield" time="10.236"/>
  <system-out/>
  <testcase classname="icivics_testcases.Icivics10_StudentRegistration2Email_Test" name="C408_hoveronpwdfield" time="11.901"/>
  <system-out/>
  <testcase classname="icivics_testcases.Icivics10_StudentRegistration2Email_Test" name="C409_VerifyPasswordstrengthmeter" time="13.072"/>
  <system-out/>
  <testcase classname="icivics_testcases.Icivics10_StudentRegistration2Email_Test" name="C410_VerifyPasswordindicatormatch" time="11.133"/>
  <system-out/>
  <testcase classname="icivics_testcases.Icivics10_StudentRegistration2Email_Test" name="C412_verifyenterinvaliddata" time="13.786"/>
  <system-out/>
  <testcase classname="icivics_testcases.Icivics10_StudentRegistration2Email_Test" name="C412_verifytermsofuseandprivacycheckbox" time="13.256"/>
  <system-out/>
  <testcase classname="icivics_testcases.Icivics10_StudentRegistration2Email_Test" name="C413_verifyblankerrormsg" time="17.277"/>
  <system-out/>
  <testcase classname="icivics_testcases.Icivics10_StudentRegistration2Email_Test" name="C414_verifypage3loaded" time="20.296"/>
  <system-out/>
</testsuite> <!-- icivics_testcases.Icivics10_StudentRegistration2Email_Test -->
