<?xml version="1.0" encoding="UTF-8"?>
<!-- Generated by org.testng.reporters.JUnitReportReporter -->
<testsuite hostname="AMX-RL-20-457-W" failures="0" tests="12" name="icivics_testcases.Icivics19_HP_5HeaderMyicivicsMisc_Test" time="624.682" errors="0" timestamp="2022-07-01T20:20:42 IST" skipped="0">
  <testcase classname="icivics_testcases.Icivics19_HP_5HeaderMyicivicsMisc_Test" name="C29_Verifydonatebutton" time="32.156"/>
  <system-out/>
  <testcase classname="icivics_testcases.Icivics19_HP_5HeaderMyicivicsMisc_Test" name="C30_Verifydonatebuttonclick" time="67.366"/>
  <system-out/>
  <testcase classname="icivics_testcases.Icivics19_HP_5HeaderMyicivicsMisc_Test" name="C31_Verifyshopbutton" time="33.077"/>
  <system-out/>
  <testcase classname="icivics_testcases.Icivics19_HP_5HeaderMyicivicsMisc_Test" name="C32_Verifyshopbuttonclick" time="37.356"/>
  <system-out/>
  <testcase classname="icivics_testcases.Icivics19_HP_5HeaderMyicivicsMisc_Test" name="C34_VerifyIcivicsbutton" time="32.083"/>
  <system-out/>
  <testcase classname="icivics_testcases.Icivics19_HP_5HeaderMyicivicsMisc_Test" name="C35_Verifytheavatar" time="34.530"/>
  <system-out/>
  <testcase classname="icivics_testcases.Icivics19_HP_5HeaderMyicivicsMisc_Test" name="C35_Verifythenoavatar" time="32.277"/>
  <system-out/>
  <testcase classname="icivics_testcases.Icivics19_HP_5HeaderMyicivicsMisc_Test" name="C36_VerifyIcivicssubmenu" time="32.606"/>
  <system-out/>
  <testcase classname="icivics_testcases.Icivics19_HP_5HeaderMyicivicsMisc_Test" name="C37_VerifyIcivicssubmenu" time="35.276"/>
  <system-out/>
  <testcase classname="icivics_testcases.Icivics19_HP_5HeaderMyicivicsMisc_Test" name="C39_Myicivicsbuttonelementsverification" time="131.574"/>
  <system-out/>
  <testcase classname="icivics_testcases.Icivics19_HP_5HeaderMyicivicsMisc_Test" name="C41_verifyselectpageisunderlined" time="122.601"/>
  <system-out/>
  <testcase classname="icivics_testcases.Icivics19_HP_5HeaderMyicivicsMisc_Test" name="C42_Verifymyicivicsbuttonsubmenuclose" time="33.780"/>
  <system-out/>
</testsuite> <!-- icivics_testcases.Icivics19_HP_5HeaderMyicivicsMisc_Test -->
