<?xml version="1.0" encoding="UTF-8"?>
<!-- Generated by org.testng.reporters.JUnitReportReporter -->
<testsuite hostname="AMX-RL-20-457-W" failures="0" tests="10" name="icivics_testcases.Icivics3_EducatorRegistration2_Test" time="179.895" errors="0" timestamp="2022-07-05T15:23:34 IST" skipped="0">
  <testcase classname="icivics_testcases.Icivics3_EducatorRegistration2_Test" name="C338_verifybreadcrumbspage1" time="8.985"/>
  <system-out/>
  <testcase classname="icivics_testcases.Icivics3_EducatorRegistration2_Test" name="C339_verifypreviouspage" time="12.104"/>
  <system-out/>
  <testcase classname="icivics_testcases.Icivics3_EducatorRegistration2_Test" name="C340_verifyalldataremembered" time="15.832"/>
  <system-out/>
  <testcase classname="icivics_testcases.Icivics3_EducatorRegistration2_Test" name="C341_verifyRoleandGradeLevel" time="18.879"/>
  <system-out/>
  <testcase classname="icivics_testcases.Icivics3_EducatorRegistration2_Test" name="C342_verifymakeselection" time="21.110"/>
  <system-out/>
  <testcase classname="icivics_testcases.Icivics3_EducatorRegistration2_Test" name="C343_verifyotheradditionalfield" time="12.472"/>
  <system-out/>
  <testcase classname="icivics_testcases.Icivics3_EducatorRegistration2_Test" name="C344_verifyasterisk" time="9.433"/>
  <system-out/>
  <testcase classname="icivics_testcases.Icivics3_EducatorRegistration2_Test" name="C345_verifyblankerrormsg" time="45.065"/>
  <system-out/>
  <testcase classname="icivics_testcases.Icivics3_EducatorRegistration2_Test" name="C346_verifyerrormsgboxcolor" time="12.194"/>
  <system-out/>
  <testcase classname="icivics_testcases.Icivics3_EducatorRegistration2_Test" name="C347_verifyvalidsubmission" time="23.821"/>
  <system-out/>
</testsuite> <!-- icivics_testcases.Icivics3_EducatorRegistration2_Test -->
