<?xml version="1.0" encoding="UTF-8"?>
<!-- Generated by org.testng.reporters.JUnitReportReporter -->
<testsuite hostname="AMX-RL-20-348-W" failures="0" tests="6" name="icivics_testcases.Icivics12_StudentRegistration3Email_Test" time="108.497" errors="0" timestamp="2022-07-01T15:18:15 IST" skipped="0">
  <testcase classname="icivics_testcases.Icivics12_StudentRegistration3Email_Test" name="C372_verifypagecount3" time="16.367"/>
  <system-out/>
  <testcase classname="icivics_testcases.Icivics12_StudentRegistration3Email_Test" name="C373_verifycheckmsgdisplay" time="16.199"/>
  <system-out/>
  <testcase classname="icivics_testcases.Icivics12_StudentRegistration3Email_Test" name="C376_verifyresendbutton" time="22.215"/>
  <system-out/>
  <testcase classname="icivics_testcases.Icivics12_StudentRegistration3Email_Test" name="C374_verifycheckmsgdisplay" time="15.985"/>
  <system-out/>
  <testcase classname="icivics_testcases.Icivics12_StudentRegistration3Email_Test" name="C375_verifyregisteredemaildisplay" time="16.130"/>
  <system-out/>
  <testcase classname="icivics_testcases.Icivics12_StudentRegistration3Email_Test" name="C377_verifyconfirmationemail" time="21.601"/>
  <system-out/>
</testsuite> <!-- icivics_testcases.Icivics12_StudentRegistration3Email_Test -->
