<?xml version="1.0" encoding="UTF-8"?>
<!-- Generated by org.testng.reporters.JUnitReportReporter -->
<testsuite hostname="AMX-RL-20-457-W" failures="0" tests="6" name="icivics_testcases.Icivics11_StudentRegistration3classcode_Test" time="208.616" errors="0" timestamp="2022-07-01T20:20:41 IST" skipped="0">
  <testcase classname="icivics_testcases.Icivics11_StudentRegistration3classcode_Test" name="C454_verifypagecount3" time="30.812"/>
  <system-out/>
  <testcase classname="icivics_testcases.Icivics11_StudentRegistration3classcode_Test" name="C455_verifyusernamegenerateddisplay" time="32.562"/>
  <system-out/>
  <testcase classname="icivics_testcases.Icivics11_StudentRegistration3classcode_Test" name="C456_verifyusernametextddisplay" time="30.627"/>
  <system-out/>
  <testcase classname="icivics_testcases.Icivics11_StudentRegistration3classcode_Test" name="C457_verifyemailddisplay" time="32.074"/>
  <system-out/>
  <testcase classname="icivics_testcases.Icivics11_StudentRegistration3classcode_Test" name="C458_verifyemailtextddisplay" time="30.569"/>
  <system-out/>
  <testcase classname="icivics_testcases.Icivics11_StudentRegistration3classcode_Test" name="C459_clickcontinuetomyassignmentbutton" time="51.972"/>
  <system-out/>
</testsuite> <!-- icivics_testcases.Icivics11_StudentRegistration3classcode_Test -->
