<?xml version="1.0" encoding="UTF-8"?>
<!-- Generated by org.testng.reporters.JUnitReportReporter -->
<testsuite hostname="AMX-RL-20-457-W" failures="0" tests="4" name="icivics_testcases.Icivics16_HP_3HeaderTeach_Test" time="90.275" errors="0" timestamp="2022-07-02T22:38:37 IST" skipped="0">
  <testcase classname="icivics_testcases.Icivics16_HP_3HeaderTeach_Test" name="C15_Verifyteachsubmenu" time="5.664"/>
  <system-out/>
  <testcase classname="icivics_testcases.Icivics16_HP_3HeaderTeach_Test" name="C16_Verifysubmenucount" time="6.788"/>
  <system-out/>
  <testcase classname="icivics_testcases.Icivics16_HP_3HeaderTeach_Test" name="C17_Verifyteachbuttonelements" time="71.584"/>
  <system-out/>
  <testcase classname="icivics_testcases.Icivics16_HP_3HeaderTeach_Test" name="C20_verifyclickteachbuttonagain" time="6.239"/>
  <system-out/>
</testsuite> <!-- icivics_testcases.Icivics16_HP_3HeaderTeach_Test -->
