<?xml version="1.0" encoding="UTF-8"?>
<!-- Generated by org.testng.reporters.JUnitReportReporter -->
<testsuite hostname="AMX-RL-20-457-W" failures="0" tests="6" name="icivics_testcases.Icivics_HP_1TeacherHeader_Test" time="689.243" errors="0" timestamp="2022-06-30T22:58:14 IST" skipped="0">
  <testcase classname="icivics_testcases.Icivics_HP_1TeacherHeader_Test" name="C3_Verifyheaderbuttonsforanonymoususer" time="56.328"/>
  <system-out/>
  <testcase classname="icivics_testcases.Icivics_HP_1TeacherHeader_Test" name="C3_Verifyheaderbuttonsforauthenticateduser" time="35.369"/>
  <system-out/>
  <testcase classname="icivics_testcases.Icivics_HP_1TeacherHeader_Test" name="C4_Verifyheaderelemets" time="224.604"/>
  <system-out/>
  <testcase classname="icivics_testcases.Icivics_HP_1TeacherHeader_Test" name="C6_Verifyheaderbuttonhoverforanonymoususer" time="140.389"/>
  <system-out/>
  <testcase classname="icivics_testcases.Icivics_HP_1TeacherHeader_Test" name="C6_verifyaheaderbuttonhoverforauthenticateduser" time="170.692"/>
  <system-out/>
  <testcase classname="icivics_testcases.Icivics_HP_1TeacherHeader_Test" name="C7_verifyresizeheaderintohamburger" time="61.861"/>
  <system-out/>
</testsuite> <!-- icivics_testcases.Icivics_HP_1TeacherHeader_Test -->
