<?xml version="1.0" encoding="UTF-8"?>
<!-- Generated by org.testng.reporters.JUnitReportReporter -->
<testsuite hostname="AMX-RL-20-348-W" failures="0" tests="6" name="icivics_testcases.Icivics6_EducatorRegistration5_Test" time="161.326" errors="0" timestamp="2022-07-01T15:18:15 IST" skipped="0">
  <testcase classname="icivics_testcases.Icivics6_EducatorRegistration5_Test" name="C372_verifybreadcrumbspage5" time="25.098"/>
  <system-out/>
  <testcase classname="icivics_testcases.Icivics6_EducatorRegistration5_Test" name="C373_verifywelcomemessage" time="26.440"/>
  <system-out/>
  <testcase classname="icivics_testcases.Icivics6_EducatorRegistration5_Test" name="C374_verifyconfirmationemail" time="24.629"/>
  <system-out/>
  <testcase classname="icivics_testcases.Icivics6_EducatorRegistration5_Test" name="C375_verifyconfirmationemail" time="24.803"/>
  <system-out/>
  <testcase classname="icivics_testcases.Icivics6_EducatorRegistration5_Test" name="C376_verifyresendbutton" time="30.266"/>
  <system-out/>
  <testcase classname="icivics_testcases.Icivics6_EducatorRegistration5_Test" name="C377_verifynotification" time="30.090"/>
  <system-out/>
</testsuite> <!-- icivics_testcases.Icivics6_EducatorRegistration5_Test -->
