<?xml version="1.0" encoding="UTF-8"?>
<!-- Generated by org.testng.reporters.JUnitReportReporter -->
<testsuite hostname="AMX-RL-20-457-W" failures="0" tests="14" name="icivics_testcases.Icivics_EducatorRegistration4_Test" time="452.073" errors="0" timestamp="2022-06-30T22:58:14 IST" skipped="0">
  <testcase classname="icivics_testcases.Icivics_EducatorRegistration4_Test" name="C358_verifybreadcrumbspage4" time="29.077"/>
  <system-out/>
  <testcase classname="icivics_testcases.Icivics_EducatorRegistration4_Test" name="C359_verifypreviouspage" time="32.478"/>
  <system-out/>
  <testcase classname="icivics_testcases.Icivics_EducatorRegistration4_Test" name="C360_verifyalldataremembered" time="32.078"/>
  <system-out/>
  <testcase classname="icivics_testcases.Icivics_EducatorRegistration4_Test" name="C361_verifyallpage3fields" time="30.195"/>
  <system-out/>
  <testcase classname="icivics_testcases.Icivics_EducatorRegistration4_Test" name="C362_verifySignUpischecked" time="28.112"/>
  <system-out/>
  <testcase classname="icivics_testcases.Icivics_EducatorRegistration4_Test" name="C363_verifyallpage4fields" time="44.948"/>
  <system-out/>
  <testcase classname="icivics_testcases.Icivics_EducatorRegistration4_Test" name="C364_verifyallfieldasterisk" time="28.940"/>
  <system-out/>
  <testcase classname="icivics_testcases.Icivics_EducatorRegistration4_Test" name="C365_verifypasswordtooltips" time="30.058"/>
  <system-out/>
  <testcase classname="icivics_testcases.Icivics_EducatorRegistration4_Test" name="C366_verifypasswordstrengthIndicator" time="29.740"/>
  <system-out/>
  <testcase classname="icivics_testcases.Icivics_EducatorRegistration4_Test" name="C367_verifypasswordIndicatormatch" time="30.481"/>
  <system-out/>
  <testcase classname="icivics_testcases.Icivics_EducatorRegistration4_Test" name="C368_verifyallfieldswithinvaliddata" time="32.771"/>
  <system-out/>
  <testcase classname="icivics_testcases.Icivics_EducatorRegistration4_Test" name="C369_verifyallfieldswithblankdata" time="33.248"/>
  <system-out/>
  <testcase classname="icivics_testcases.Icivics_EducatorRegistration4_Test" name="C370_verifyallfieldswithblankandinvaliddata" time="32.945"/>
  <system-out/>
  <testcase classname="icivics_testcases.Icivics_EducatorRegistration4_Test" name="C371_verifyvalidsubmission" time="37.002"/>
  <system-out/>
</testsuite> <!-- icivics_testcases.Icivics_EducatorRegistration4_Test -->
