<?xml version="1.0" encoding="UTF-8"?>
<!-- Generated by org.testng.reporters.JUnitReportReporter -->
<testsuite hostname="AMX-RL-20-457-W" failures="0" tests="1" name="icivics_testcases.Icivics_HomepageHeader_Test" time="34.572" errors="0" timestamp="2022-05-26T19:47:10 IST" skipped="0">
  <testcase classname="icivics_testcases.Icivics_HomepageHeader_Test" name="C2_VerifyDonatebutton" time="34.572"/>
  <system-out/>
</testsuite> <!-- icivics_testcases.Icivics_HomepageHeader_Test -->
