<?xml version="1.0" encoding="UTF-8"?>
<!-- Generated by org.testng.reporters.JUnitReportReporter -->
<testsuite hostname="AMX-RL-20-608-W" failures="0" tests="1" name="icivics_testcases.Icivics_StudentRegistration1classcode_Test" time="8.506" errors="0" timestamp="2022-06-02T00:46:57 IST" skipped="0">
  <testcase classname="icivics_testcases.Icivics_StudentRegistration1classcode_Test" name="C431_verifyAsteriks" time="8.506"/>
  <system-out/>
</testsuite> <!-- icivics_testcases.Icivics_StudentRegistration1classcode_Test -->
