<?xml version="1.0" encoding="UTF-8"?>
<!-- Generated by org.testng.reporters.JUnitReportReporter -->
<testsuite hostname="AMX-RL-20-457-W" failures="0" tests="13" name="icivics_testcases.Icivics_StudentRegistration2Email_Test" time="248.592" errors="0" timestamp="2022-06-07T21:46:33 IST" skipped="0">
  <testcase classname="icivics_testcases.Icivics_StudentRegistration2Email_Test" name="C398_verifypagecount2" time="12.460"/>
  <system-out/>
  <testcase classname="icivics_testcases.Icivics_StudentRegistration2Email_Test" name="C399_Clickbackbutton" time="17.988"/>
  <system-out/>
  <testcase classname="icivics_testcases.Icivics_StudentRegistration2Email_Test" name="C400_verifyfieldsisremembered" time="15.615"/>
  <system-out/>
  <testcase classname="icivics_testcases.Icivics_StudentRegistration2Email_Test" name="C403_clickontermsofuselink" time="28.024"/>
  <system-out/>
  <testcase classname="icivics_testcases.Icivics_StudentRegistration2Email_Test" name="C404_clickprivacypolicy" time="19.405"/>
  <system-out/>
  <testcase classname="icivics_testcases.Icivics_StudentRegistration2Email_Test" name="C405_verifypage2SignUpforEmailsfield" time="12.399"/>
  <system-out/>
  <testcase classname="icivics_testcases.Icivics_StudentRegistration2Email_Test" name="C408_hoveronpwdfield" time="12.958"/>
  <system-out/>
  <testcase classname="icivics_testcases.Icivics_StudentRegistration2Email_Test" name="C409_VerifyPasswordstrengthmeter" time="15.307"/>
  <system-out/>
  <testcase classname="icivics_testcases.Icivics_StudentRegistration2Email_Test" name="C410_VerifyPasswordindicatormatch" time="13.401"/>
  <system-out/>
  <testcase classname="icivics_testcases.Icivics_StudentRegistration2Email_Test" name="C412_verifyenterinvaliddata" time="15.996"/>
  <system-out/>
  <testcase classname="icivics_testcases.Icivics_StudentRegistration2Email_Test" name="C412_verifytermsofuseandprivacycheckbox" time="18.020"/>
  <system-out/>
  <testcase classname="icivics_testcases.Icivics_StudentRegistration2Email_Test" name="C413_verifyblankerrormsg" time="45.113"/>
  <system-out/>
  <testcase classname="icivics_testcases.Icivics_StudentRegistration2Email_Test" name="C414_verifypage3loaded" time="21.906"/>
  <system-out/>
</testsuite> <!-- icivics_testcases.Icivics_StudentRegistration2Email_Test -->
