<?xml version="1.0" encoding="UTF-8"?>
<!-- Generated by org.testng.reporters.JUnitReportReporter -->
<testsuite hostname="AMX-RL-20-457-W" failures="0" tests="9" name="icivics_testcases.Icivics20_HP_5HeaderSigninMisc_Test" time="167.301" errors="0" timestamp="2022-07-02T22:38:37 IST" skipped="0">
  <testcase classname="icivics_testcases.Icivics20_HP_5HeaderSigninMisc_Test" name="C29_Verifydonatebutton" time="5.688"/>
  <system-out/>
  <testcase classname="icivics_testcases.Icivics20_HP_5HeaderSigninMisc_Test" name="C30_Verifydonatebuttonclick" time="15.423"/>
  <system-out/>
  <testcase classname="icivics_testcases.Icivics20_HP_5HeaderSigninMisc_Test" name="C31_Verifyshopbutton" time="5.562"/>
  <system-out/>
  <testcase classname="icivics_testcases.Icivics20_HP_5HeaderSigninMisc_Test" name="C32_Verifyshopbuttonclick" time="8.731"/>
  <system-out/>
  <testcase classname="icivics_testcases.Icivics20_HP_5HeaderSigninMisc_Test" name="C33_Verifysigninbuttonforanonymoususer" time="6.505"/>
  <system-out/>
  <testcase classname="icivics_testcases.Icivics20_HP_5HeaderSigninMisc_Test" name="C37_Verifysigninbuttonsubmenu" time="9.337"/>
  <system-out/>
  <testcase classname="icivics_testcases.Icivics20_HP_5HeaderSigninMisc_Test" name="C38_Verifysigninbuttonsubmenu" time="43.263"/>
  <system-out/>
  <testcase classname="icivics_testcases.Icivics20_HP_5HeaderSigninMisc_Test" name="C41_Verifysubmenuoptionisunderlined" time="65.353"/>
  <system-out/>
  <testcase classname="icivics_testcases.Icivics20_HP_5HeaderSigninMisc_Test" name="C42_Verifysubmenuoptionisunderlined" time="7.439"/>
  <system-out/>
</testsuite> <!-- icivics_testcases.Icivics20_HP_5HeaderSigninMisc_Test -->
