<?xml version="1.0" encoding="UTF-8"?>
<!-- Generated by org.testng.reporters.JUnitReportReporter -->
<testsuite hostname="AMX-RL-20-457-W" failures="0" tests="12" name="icivics_testcases.Icivics_HomepageHeaderMyicivicsMisc_Test" time="602.062" errors="0" timestamp="2022-06-29T17:27:15 IST" skipped="0">
  <testcase classname="icivics_testcases.Icivics_HomepageHeaderMyicivicsMisc_Test" name="C29_Verifydonatebutton" time="11.621"/>
  <system-out/>
  <testcase classname="icivics_testcases.Icivics_HomepageHeaderMyicivicsMisc_Test" name="C30_Verifydonatebuttonclick" time="23.556"/>
  <system-out/>
  <testcase classname="icivics_testcases.Icivics_HomepageHeaderMyicivicsMisc_Test" name="C31_Verifyshopbutton" time="34.021"/>
  <system-out/>
  <testcase classname="icivics_testcases.Icivics_HomepageHeaderMyicivicsMisc_Test" name="C32_Verifyshopbuttonclick" time="15.889"/>
  <system-out/>
  <testcase classname="icivics_testcases.Icivics_HomepageHeaderMyicivicsMisc_Test" name="C34_VerifyIcivicsbutton" time="32.261"/>
  <system-out/>
  <testcase classname="icivics_testcases.Icivics_HomepageHeaderMyicivicsMisc_Test" name="C35_Verifytheavatar" time="59.615"/>
  <system-out/>
  <testcase classname="icivics_testcases.Icivics_HomepageHeaderMyicivicsMisc_Test" name="C35_Verifythenoavatar" time="35.374"/>
  <system-out/>
  <testcase classname="icivics_testcases.Icivics_HomepageHeaderMyicivicsMisc_Test" name="C36_VerifyIcivicssubmenu" time="32.470"/>
  <system-out/>
  <testcase classname="icivics_testcases.Icivics_HomepageHeaderMyicivicsMisc_Test" name="C37_VerifyIcivicssubmenu" time="37.192"/>
  <system-out/>
  <testcase classname="icivics_testcases.Icivics_HomepageHeaderMyicivicsMisc_Test" name="C39_Myicivicsbuttonelementsverification" time="144.790"/>
  <system-out/>
  <testcase classname="icivics_testcases.Icivics_HomepageHeaderMyicivicsMisc_Test" name="C41_verifyselectpageisunderlined" time="138.603"/>
  <system-out/>
  <testcase classname="icivics_testcases.Icivics_HomepageHeaderMyicivicsMisc_Test" name="C42_Verifymyicivicsbuttonsubmenuclose" time="36.670"/>
  <system-out/>
</testsuite> <!-- icivics_testcases.Icivics_HomepageHeaderMyicivicsMisc_Test -->
