<?xml version="1.0" encoding="UTF-8"?>
<!-- Generated by org.testng.reporters.JUnitReportReporter -->
<testsuite hostname="AMX-RL-20-457-W" failures="0" tests="6" name="icivics_testcases.Icivics_StudentRegistration3Email_Test" time="125.758" errors="0" timestamp="2022-06-09T21:52:40 IST" skipped="0">
  <testcase classname="icivics_testcases.Icivics_StudentRegistration3Email_Test" name="C372_verifypagecount3" time="19.000"/>
  <system-out/>
  <testcase classname="icivics_testcases.Icivics_StudentRegistration3Email_Test" name="C373_verifycheckmsgdisplay" time="20.363"/>
  <system-out/>
  <testcase classname="icivics_testcases.Icivics_StudentRegistration3Email_Test" name="C375_verifyregisteredemaildisplay" time="18.138"/>
  <system-out/>
  <testcase classname="icivics_testcases.Icivics_StudentRegistration3Email_Test" name="C377_verifyconfirmationemail" time="24.230"/>
  <system-out/>
  <testcase classname="icivics_testcases.Icivics_StudentRegistration3Email_Test" name="C376_verifyresendbutton" time="25.837"/>
  <system-out/>
  <testcase classname="icivics_testcases.Icivics_StudentRegistration3Email_Test" name="C374_verifycheckmsgdisplay" time="18.190"/>
  <system-out/>
</testsuite> <!-- icivics_testcases.Icivics_StudentRegistration3Email_Test -->
