<?xml version="1.0" encoding="UTF-8"?>
<!-- Generated by org.testng.reporters.JUnitReportReporter -->
<testsuite hostname="AMX-RL-20-608-W" failures="0" tests="6" name="icivics_testcases.Icivics_EducatorRegistration_Test" time="331.242" errors="0" timestamp="2022-05-30T18:50:10 IST" skipped="0">
  <testcase classname="icivics_testcases.Icivics_EducatorRegistration_Test" name="C321_VerifyallpageElements" time="20.145"/>
  <system-out/>
  <testcase classname="icivics_testcases.Icivics_EducatorRegistration_Test" name="C322_ButtonHover" time="34.280"/>
  <system-out/>
  <testcase classname="icivics_testcases.Icivics_EducatorRegistration_Test" name="C323_Verifyallbuttonlinks" time="246.067"/>
  <system-out/>
  <testcase classname="icivics_testcases.Icivics_EducatorRegistration_Test" name="C324_WindowResize" time="14.666"/>
  <system-out/>
  <testcase classname="icivics_testcases.Icivics_EducatorRegistration_Test" name="C325_Verifyerrormsg" time="8.374"/>
  <system-out/>
  <testcase classname="icivics_testcases.Icivics_EducatorRegistration_Test" name="C326_Verifybreadcrumbs" time="7.710"/>
  <system-out/>
</testsuite> <!-- icivics_testcases.Icivics_EducatorRegistration_Test -->
