<?xml version="1.0" encoding="UTF-8"?>
<!-- Generated by org.testng.reporters.JUnitReportReporter -->
<testsuite hostname="AMX-RL-20-457-W" failures="0" tests="1" name="icivics_testcases.Icivics_HomepageHeaderMyicivicsMisc_Test" time="38.083" errors="0" timestamp="2022-06-21T19:15:25 IST" skipped="0">
  <testcase classname="icivics_testcases.Icivics_HomepageHeaderMyicivicsMisc_Test" name="C35_Verifytheavatar" time="38.083"/>
  <system-out/>
</testsuite> <!-- icivics_testcases.Icivics_HomepageHeaderMyicivicsMisc_Test -->
