<?xml version="1.0" encoding="UTF-8"?>
<!-- Generated by org.testng.reporters.JUnitReportReporter -->
<testsuite hostname="AMX-RL-20-457-W" failures="0" tests="6" name="icivics_testcases.Icivics11_StudentRegistration3classcode_Test" time="198.652" errors="0" timestamp="2022-07-02T22:38:37 IST" skipped="0">
  <testcase classname="icivics_testcases.Icivics11_StudentRegistration3classcode_Test" name="C454_verifypagecount3" time="28.536"/>
  <system-out/>
  <testcase classname="icivics_testcases.Icivics11_StudentRegistration3classcode_Test" name="C455_verifyusernamegenerateddisplay" time="30.800"/>
  <system-out/>
  <testcase classname="icivics_testcases.Icivics11_StudentRegistration3classcode_Test" name="C456_verifyusernametextddisplay" time="28.699"/>
  <system-out/>
  <testcase classname="icivics_testcases.Icivics11_StudentRegistration3classcode_Test" name="C457_verifyemailddisplay" time="32.032"/>
  <system-out/>
  <testcase classname="icivics_testcases.Icivics11_StudentRegistration3classcode_Test" name="C458_verifyemailtextddisplay" time="27.793"/>
  <system-out/>
  <testcase classname="icivics_testcases.Icivics11_StudentRegistration3classcode_Test" name="C459_clickcontinuetomyassignmentbutton" time="50.792"/>
  <system-out/>
</testsuite> <!-- icivics_testcases.Icivics11_StudentRegistration3classcode_Test -->
