<?xml version="1.0" encoding="UTF-8"?>
<!-- Generated by org.testng.reporters.JUnitReportReporter -->
<testsuite hostname="AMX-RL-20-457-W" failures="0" tests="6" name="icivics_testcases.Icivics_StudentRegistration3classcode_Test" time="202.106" errors="0" timestamp="2022-06-09T21:56:34 IST" skipped="0">
  <testcase classname="icivics_testcases.Icivics_StudentRegistration3classcode_Test" name="C454_verifypagecount3" time="30.307"/>
  <system-out/>
  <testcase classname="icivics_testcases.Icivics_StudentRegistration3classcode_Test" name="C455_verifyusernamegenerateddisplay" time="31.597"/>
  <system-out/>
  <testcase classname="icivics_testcases.Icivics_StudentRegistration3classcode_Test" name="C456_verifyusernametextddisplay" time="28.740"/>
  <system-out/>
  <testcase classname="icivics_testcases.Icivics_StudentRegistration3classcode_Test" name="C457_verifyemailddisplay" time="31.508"/>
  <system-out/>
  <testcase classname="icivics_testcases.Icivics_StudentRegistration3classcode_Test" name="C458_verifyemailtextddisplay" time="29.741"/>
  <system-out/>
  <testcase classname="icivics_testcases.Icivics_StudentRegistration3classcode_Test" name="C459_clickcontinuetomyassignmentbutton" time="50.213"/>
  <system-out/>
</testsuite> <!-- icivics_testcases.Icivics_StudentRegistration3classcode_Test -->
