<?xml version="1.0" encoding="UTF-8"?>
<!-- Generated by org.testng.reporters.JUnitReportReporter -->
<testsuite hostname="AMX-RL-20-457-W" failures="0" tests="13" name="icivics_testcases.Icivics_StudentRegistration2Email_Test" time="199.652" errors="0" timestamp="2022-06-16T23:19:10 IST" skipped="0">
  <testcase classname="icivics_testcases.Icivics_StudentRegistration2Email_Test" name="C398_verifypagecount2" time="51.796"/>
  <system-out/>
  <testcase classname="icivics_testcases.Icivics_StudentRegistration2Email_Test" name="C399_Clickbackbutton" time="12.671"/>
  <system-out/>
  <testcase classname="icivics_testcases.Icivics_StudentRegistration2Email_Test" name="C400_verifyfieldsisremembered" time="9.905"/>
  <system-out/>
  <testcase classname="icivics_testcases.Icivics_StudentRegistration2Email_Test" name="C403_clickontermsofuselink" time="22.947"/>
  <system-out/>
  <testcase classname="icivics_testcases.Icivics_StudentRegistration2Email_Test" name="C404_clickprivacypolicy" time="14.912"/>
  <system-out/>
  <testcase classname="icivics_testcases.Icivics_StudentRegistration2Email_Test" name="C405_verifypage2SignUpforEmailsfield" time="7.936"/>
  <system-out/>
  <testcase classname="icivics_testcases.Icivics_StudentRegistration2Email_Test" name="C408_hoveronpwdfield" time="7.964"/>
  <system-out/>
  <testcase classname="icivics_testcases.Icivics_StudentRegistration2Email_Test" name="C409_VerifyPasswordstrengthmeter" time="11.361"/>
  <system-out/>
  <testcase classname="icivics_testcases.Icivics_StudentRegistration2Email_Test" name="C410_VerifyPasswordindicatormatch" time="8.935"/>
  <system-out/>
  <testcase classname="icivics_testcases.Icivics_StudentRegistration2Email_Test" name="C412_verifyenterinvaliddata" time="10.806"/>
  <system-out/>
  <testcase classname="icivics_testcases.Icivics_StudentRegistration2Email_Test" name="C412_verifytermsofuseandprivacycheckbox" time="10.121"/>
  <system-out/>
  <testcase classname="icivics_testcases.Icivics_StudentRegistration2Email_Test" name="C413_verifyblankerrormsg" time="14.768"/>
  <system-out/>
  <testcase classname="icivics_testcases.Icivics_StudentRegistration2Email_Test" name="C414_verifypage3loaded" time="15.530"/>
  <system-out/>
</testsuite> <!-- icivics_testcases.Icivics_StudentRegistration2Email_Test -->
