<?xml version="1.0" encoding="UTF-8"?>
<!-- Generated by org.testng.reporters.JUnitReportReporter -->
<testsuite hostname="AMX-RL-20-457-W" failures="0" tests="3" name="icivics_testcases.Icivics_HomepageHeader_Test" time="36.453" errors="0" timestamp="2022-06-16T21:39:31 IST" skipped="0">
  <testcase classname="icivics_testcases.Icivics_HomepageHeader_Test" name="C1_VerifyLogo" time="11.626"/>
  <system-out/>
  <testcase classname="icivics_testcases.Icivics_HomepageHeader_Test" name="C2_VerifyDonatebutton" time="11.914"/>
  <system-out/>
  <testcase classname="icivics_testcases.Icivics_HomepageHeader_Test" name="C1538_Verifydonationpopup" time="12.913"/>
  <system-out/>
</testsuite> <!-- icivics_testcases.Icivics_HomepageHeader_Test -->
