<?xml version="1.0" encoding="UTF-8"?>
<!-- Generated by org.testng.reporters.JUnitReportReporter -->
<testsuite hostname="AMX-RL-20-457-W" failures="0" tests="8" name="icivics_testcases.Icivics4_EducatorRegistration3_Test" time="209.405" errors="0" timestamp="2022-07-02T22:38:37 IST" skipped="0">
  <testcase classname="icivics_testcases.Icivics4_EducatorRegistration3_Test" name="C348_verifybreadcrumbspage3" time="17.961"/>
  <system-out/>
  <testcase classname="icivics_testcases.Icivics4_EducatorRegistration3_Test" name="C349_verifypreviouspage" time="21.464"/>
  <system-out/>
  <testcase classname="icivics_testcases.Icivics4_EducatorRegistration3_Test" name="C350_verifyalldataremembered" time="20.996"/>
  <system-out/>
  <testcase classname="icivics_testcases.Icivics4_EducatorRegistration3_Test" name="C351_verifyallpage3fields" time="35.157"/>
  <system-out/>
  <testcase classname="icivics_testcases.Icivics4_EducatorRegistration3_Test" name="C352_verifyallfieldsallowtoentertextandmakeselection" time="39.379"/>
  <system-out/>
  <testcase classname="icivics_testcases.Icivics4_EducatorRegistration3_Test" name="C354_verifyallfieldswithinvaliddata" time="26.226"/>
  <system-out/>
  <testcase classname="icivics_testcases.Icivics4_EducatorRegistration3_Test" name="C355_verifyallfieldswithblankfield" time="22.641"/>
  <system-out/>
  <testcase classname="icivics_testcases.Icivics4_EducatorRegistration3_Test" name="C357_verifyvalidsubmission" time="25.581"/>
  <system-out/>
</testsuite> <!-- icivics_testcases.Icivics4_EducatorRegistration3_Test -->
