<?xml version="1.0" encoding="UTF-8"?>
<!-- Generated by org.testng.reporters.JUnitReportReporter -->
<testsuite hostname="AMX-RL-20-457-W" failures="0" tests="1" name="icivics_testcases.Icivics_HomepageHeaderSigninMisc_Test" time="11.745" errors="0" timestamp="2022-06-30T14:14:08 IST" skipped="0">
  <testcase classname="icivics_testcases.Icivics_HomepageHeaderSigninMisc_Test" name="C42_Verifysubmenuoptionisunderlined" time="11.745"/>
  <system-out/>
</testsuite> <!-- icivics_testcases.Icivics_HomepageHeaderSigninMisc_Test -->
