<?xml version="1.0" encoding="UTF-8"?>
<!-- Generated by org.testng.reporters.JUnitReportReporter -->
<testsuite hostname="AMX-RL-20-457-W" failures="0" tests="1" name="icivics_testcases.Icivics_HomepageHeaderMyicivicsMisc_Test" time="168.851" errors="0" timestamp="2022-06-15T20:13:13 IST" skipped="0">
  <testcase classname="icivics_testcases.Icivics_HomepageHeaderMyicivicsMisc_Test" name="C41_verifyselectpageisunderlined" time="168.851"/>
  <system-out/>
</testsuite> <!-- icivics_testcases.Icivics_HomepageHeaderMyicivicsMisc_Test -->
