<?xml version="1.0" encoding="UTF-8"?>
<!-- Generated by org.testng.reporters.JUnitReportReporter -->
<testsuite hostname="AMX-RL-20-608-W" failures="0" tests="8" name="icivics_testcases.Icivics_EducatorRegistration3_Test" time="342.427" errors="0" timestamp="2022-05-17T19:59:49 IST" skipped="0">
  <testcase classname="icivics_testcases.Icivics_EducatorRegistration3_Test" name="C348_verifybreadcrumbspage3" time="33.418"/>
  <system-out/>
  <testcase classname="icivics_testcases.Icivics_EducatorRegistration3_Test" name="C349_verifypreviouspage" time="33.863"/>
  <system-out/>
  <testcase classname="icivics_testcases.Icivics_EducatorRegistration3_Test" name="C350_verifyalldataremembered" time="37.157"/>
  <system-out/>
  <testcase classname="icivics_testcases.Icivics_EducatorRegistration3_Test" name="C351_verifyallpage3fields" time="66.811"/>
  <system-out/>
  <testcase classname="icivics_testcases.Icivics_EducatorRegistration3_Test" name="C352_verifyallfieldsallowtoentertextandmakeselection" time="61.936"/>
  <system-out/>
  <testcase classname="icivics_testcases.Icivics_EducatorRegistration3_Test" name="C354_verifyallfieldswithinvaliddata" time="39.032"/>
  <system-out/>
  <testcase classname="icivics_testcases.Icivics_EducatorRegistration3_Test" name="C355_verifyallfieldswithblankfield" time="31.494"/>
  <system-out/>
  <testcase classname="icivics_testcases.Icivics_EducatorRegistration3_Test" name="C357_verifyvalidsubmission" time="38.716"/>
  <system-out/>
</testsuite> <!-- icivics_testcases.Icivics_EducatorRegistration3_Test -->
