<?xml version="1.0" encoding="UTF-8"?>
<!-- Generated by org.testng.reporters.JUnitReportReporter -->
<testsuite hostname="AMX-RL-20-608-W" failures="0" tests="6" name="icivics_testcases.Icivics_EducatorRegistration_Test" time="1557.152" errors="0" timestamp="2022-05-17T19:59:49 IST" skipped="0">
  <testcase classname="icivics_testcases.Icivics_EducatorRegistration_Test" name="C321_VerifyallpageElements" time="132.959"/>
  <system-out/>
  <testcase classname="icivics_testcases.Icivics_EducatorRegistration_Test" name="C322_ButtonHover" time="90.010"/>
  <system-out/>
  <testcase classname="icivics_testcases.Icivics_EducatorRegistration_Test" name="C323_Verifyallbuttonlinks" time="1252.124"/>
  <system-out/>
  <testcase classname="icivics_testcases.Icivics_EducatorRegistration_Test" name="C324_WindowResize" time="34.262"/>
  <system-out/>
  <testcase classname="icivics_testcases.Icivics_EducatorRegistration_Test" name="C325_Verifyerrormsg" time="21.878"/>
  <system-out/>
  <testcase classname="icivics_testcases.Icivics_EducatorRegistration_Test" name="C326_Verifybreadcrumbs" time="25.919"/>
  <system-out/>
</testsuite> <!-- icivics_testcases.Icivics_EducatorRegistration_Test -->
