<?xml version="1.0" encoding="UTF-8"?>
<!-- Generated by org.testng.reporters.JUnitReportReporter -->
<testsuite hostname="AMX-RL-20-608-W" failures="0" tests="11" name="icivics_testcases.Icivics_EducatorRegistration1_Test" time="160.671" errors="0" timestamp="2022-05-16T12:06:56 IST" skipped="0">
  <testcase classname="icivics_testcases.Icivics_EducatorRegistration1_Test" name="C327_verifybreadcrumbspage1" time="7.796"/>
  <system-out/>
  <testcase classname="icivics_testcases.Icivics_EducatorRegistration1_Test" name="C328_verifytextfields" time="9.884"/>
  <system-out/>
  <testcase classname="icivics_testcases.Icivics_EducatorRegistration1_Test" name="C329_verifyusernamepregenerated" time="13.585"/>
  <system-out/>
  <testcase classname="icivics_testcases.Icivics_EducatorRegistration1_Test" name="C330_verifyusernamepregeneratedrandomly" time="20.085"/>
  <system-out/>
  <testcase classname="icivics_testcases.Icivics_EducatorRegistration1_Test" name="C331_verifyentertextinallfields" time="8.983"/>
  <system-out/>
  <testcase classname="icivics_testcases.Icivics_EducatorRegistration1_Test" name="C332_verifyfieldsmarkedwithanasterisk" time="8.180"/>
  <system-out/>
  <testcase classname="icivics_testcases.Icivics_EducatorRegistration1_Test" name="C333_verifyemailtooltips" time="8.557"/>
  <system-out/>
  <testcase classname="icivics_testcases.Icivics_EducatorRegistration1_Test" name="C334_verifyemailerrormsg" time="14.938"/>
  <system-out/>
  <testcase classname="icivics_testcases.Icivics_EducatorRegistration1_Test" name="C335_verifyblankerrormsg" time="35.987"/>
  <system-out/>
  <testcase classname="icivics_testcases.Icivics_EducatorRegistration1_Test" name="C336_verifyinvaliderrormsg" time="13.202"/>
  <system-out/>
  <testcase classname="icivics_testcases.Icivics_EducatorRegistration1_Test" name="C337_verifyvalidregistration" time="19.474"/>
  <system-out/>
</testsuite> <!-- icivics_testcases.Icivics_EducatorRegistration1_Test -->
