<?xml version="1.0" encoding="UTF-8"?>
<!-- Generated by org.testng.reporters.JUnitReportReporter -->
<testsuite hostname="AMX-RL-20-457-W" failures="0" tests="8" name="icivics_testcases.Icivics_EducatorRegistration3_Test" time="231.556" errors="0" timestamp="2022-06-09T18:20:32 IST" skipped="0">
  <testcase classname="icivics_testcases.Icivics_EducatorRegistration3_Test" name="C348_verifybreadcrumbspage3" time="19.126"/>
  <system-out/>
  <testcase classname="icivics_testcases.Icivics_EducatorRegistration3_Test" name="C349_verifypreviouspage" time="24.715"/>
  <system-out/>
  <testcase classname="icivics_testcases.Icivics_EducatorRegistration3_Test" name="C350_verifyalldataremembered" time="23.131"/>
  <system-out/>
  <testcase classname="icivics_testcases.Icivics_EducatorRegistration3_Test" name="C351_verifyallpage3fields" time="35.105"/>
  <system-out/>
  <testcase classname="icivics_testcases.Icivics_EducatorRegistration3_Test" name="C352_verifyallfieldsallowtoentertextandmakeselection" time="50.428"/>
  <system-out/>
  <testcase classname="icivics_testcases.Icivics_EducatorRegistration3_Test" name="C354_verifyallfieldswithinvaliddata" time="27.725"/>
  <system-out/>
  <testcase classname="icivics_testcases.Icivics_EducatorRegistration3_Test" name="C355_verifyallfieldswithblankfield" time="23.863"/>
  <system-out/>
  <testcase classname="icivics_testcases.Icivics_EducatorRegistration3_Test" name="C357_verifyvalidsubmission" time="27.463"/>
  <system-out/>
</testsuite> <!-- icivics_testcases.Icivics_EducatorRegistration3_Test -->
