<?xml version="1.0" encoding="UTF-8"?>
<!-- Generated by org.testng.reporters.JUnitReportReporter -->
<testsuite hostname="AMX-RL-20-457-W" failures="0" tests="1" name="icivics_testcases.Icivics_StudentRegistration1Email_Test" time="43.979" errors="0" timestamp="2022-06-08T21:44:23 IST" skipped="0">
  <testcase classname="icivics_testcases.Icivics_StudentRegistration1Email_Test" name="C394_verifyblankerrormsg" time="43.979"/>
  <system-out/>
</testsuite> <!-- icivics_testcases.Icivics_StudentRegistration1Email_Test -->
