<?xml version="1.0" encoding="UTF-8"?>
<!-- Generated by org.testng.reporters.JUnitReportReporter -->
<testsuite hostname="AMX-RL-20-457-W" failures="0" tests="11" name="icivics_testcases.Icivics_StudentRegistration1classcode_Test" time="190.852" errors="0" timestamp="2022-06-08T21:34:33 IST" skipped="0">
  <testcase classname="icivics_testcases.Icivics_StudentRegistration1classcode_Test" name="C425_verifyemailfieldsappear" time="8.525"/>
  <system-out/>
  <testcase classname="icivics_testcases.Icivics_StudentRegistration1classcode_Test" name="C426_verifyemailtooltips" time="8.625"/>
  <system-out/>
  <testcase classname="icivics_testcases.Icivics_StudentRegistration1classcode_Test" name="C427_verifyemailfieldsdisappear" time="15.026"/>
  <system-out/>
  <testcase classname="icivics_testcases.Icivics_StudentRegistration1classcode_Test" name="C428_verifyusernamepregenerated" time="11.490"/>
  <system-out/>
  <testcase classname="icivics_testcases.Icivics_StudentRegistration1classcode_Test" name="C429_usernamegeneratedrandomly" time="18.347"/>
  <system-out/>
  <testcase classname="icivics_testcases.Icivics_StudentRegistration1classcode_Test" name="C430_verifyregistrationwithvaliddata" time="16.761"/>
  <system-out/>
  <testcase classname="icivics_testcases.Icivics_StudentRegistration1classcode_Test" name="C431_verifyAsteriks" time="8.104"/>
  <system-out/>
  <testcase classname="icivics_testcases.Icivics_StudentRegistration1classcode_Test" name="C432_verifyinvaliderrormsg" time="14.456"/>
  <system-out/>
  <testcase classname="icivics_testcases.Icivics_StudentRegistration1classcode_Test" name="C433_verifyerrormsgverifyemailblankfield" time="54.625"/>
  <system-out/>
  <testcase classname="icivics_testcases.Icivics_StudentRegistration1classcode_Test" name="C434_verifyinvaliderrormsg2" time="13.338"/>
  <system-out/>
  <testcase classname="icivics_testcases.Icivics_StudentRegistration1classcode_Test" name="C435_verifyregistrationwithvalidvalue" time="21.555"/>
  <system-out/>
</testsuite> <!-- icivics_testcases.Icivics_StudentRegistration1classcode_Test -->
