<?xml version="1.0" encoding="UTF-8"?>
<!-- Generated by org.testng.reporters.JUnitReportReporter -->
<testsuite hostname="AMX-RL-20-457-W" failures="0" tests="9" name="icivics_testcases.Icivics_HomepageHeaderSigninMisc_Test" time="124.857" errors="0" timestamp="2022-06-27T17:13:02 IST" skipped="0">
  <testcase classname="icivics_testcases.Icivics_HomepageHeaderSigninMisc_Test" name="C29_Verifydonatebutton" time="6.502"/>
  <system-out/>
  <testcase classname="icivics_testcases.Icivics_HomepageHeaderSigninMisc_Test" name="C30_Verifydonatebuttonclick" time="25.508"/>
  <system-out/>
  <testcase classname="icivics_testcases.Icivics_HomepageHeaderSigninMisc_Test" name="C31_Verifyshopbutton" time="6.820"/>
  <system-out/>
  <testcase classname="icivics_testcases.Icivics_HomepageHeaderSigninMisc_Test" name="C32_Verifyshopbuttonclick" time="8.741"/>
  <system-out/>
  <testcase classname="icivics_testcases.Icivics_HomepageHeaderSigninMisc_Test" name="C33_Verifysigninbuttonforanonymoususer" time="5.829"/>
  <system-out/>
  <testcase classname="icivics_testcases.Icivics_HomepageHeaderSigninMisc_Test" name="C37_Verifysigninbuttonsubmenu" time="7.221"/>
  <system-out/>
  <testcase classname="icivics_testcases.Icivics_HomepageHeaderSigninMisc_Test" name="C41_Verifysubmenuoptionisunderlined" time="39.659"/>
  <system-out/>
  <testcase classname="icivics_testcases.Icivics_HomepageHeaderSigninMisc_Test" name="C42_Verifysubmenuoptionisunderlined" time="6.386"/>
  <system-out/>
  <testcase classname="icivics_testcases.Icivics_HomepageHeaderSigninMisc_Test" name="C38_Verifysigninbuttonsubmenu" time="18.191"/>
  <system-out/>
</testsuite> <!-- icivics_testcases.Icivics_HomepageHeaderSigninMisc_Test -->
