<?xml version="1.0" encoding="UTF-8"?>
<!-- Generated by org.testng.reporters.JUnitReportReporter -->
<testsuite skipped="0" hostname="AMX-RL-20-348-W" name="icivics_testcases.HP_4HeaderAbout_Test" tests="4" failures="0" timestamp="2022-07-04T23:16:38 IST" time="85.886" errors="0">
  <testcase name="C22_Verifyaboutsubmenu" time="12.918" classname="icivics_testcases.HP_4HeaderAbout_Test"/>
  <system-out/>
  <testcase name="C23_Verifysubmenucount" time="8.286" classname="icivics_testcases.HP_4HeaderAbout_Test"/>
  <system-out/>
  <testcase name="C24_VerifysubmenuElement" time="54.307" classname="icivics_testcases.HP_4HeaderAbout_Test"/>
  <system-out/>
  <testcase name="C27_Verifyclickaboutbuttonagain" time="10.375" classname="icivics_testcases.HP_4HeaderAbout_Test"/>
  <system-out/>
</testsuite> <!-- icivics_testcases.HP_4HeaderAbout_Test -->
