<?xml version="1.0" encoding="UTF-8"?>
<!-- Generated by org.testng.reporters.JUnitReportReporter -->
<testsuite hostname="AMX-RL-20-608-W" failures="0" tests="1" name="icivics_testcases.Icivics_StudentRegistration1Email_Test" time="7.303" errors="0" timestamp="2022-06-02T00:52:51 IST" skipped="0">
  <testcase classname="icivics_testcases.Icivics_StudentRegistration1Email_Test" name="C391_verifyfieldsmarkedwithanasterisk" time="7.303"/>
  <system-out/>
</testsuite> <!-- icivics_testcases.Icivics_StudentRegistration1Email_Test -->
