<?xml version="1.0" encoding="UTF-8"?>
<!-- Generated by org.testng.reporters.JUnitReportReporter -->
<testsuite skipped="0" hostname="AMX-RL-20-348-W" name="icivics_testcases.HP_5HeaderMyicivicsMisc_Test" tests="12" failures="0" timestamp="2022-07-04T23:16:38 IST" time="207.456" errors="0">
  <testcase name="C29_Verifydonatebutton" time="11.152" classname="icivics_testcases.HP_5HeaderMyicivicsMisc_Test"/>
  <system-out/>
  <testcase name="C30_Verifydonatebuttonclick" time="19.128" classname="icivics_testcases.HP_5HeaderMyicivicsMisc_Test"/>
  <system-out/>
  <testcase name="C31_Verifyshopbutton" time="10.148" classname="icivics_testcases.HP_5HeaderMyicivicsMisc_Test"/>
  <system-out/>
  <testcase name="C32_Verifyshopbuttonclick" time="13.168" classname="icivics_testcases.HP_5HeaderMyicivicsMisc_Test"/>
  <system-out/>
  <testcase name="C34_VerifyIcivicsbutton" time="9.506" classname="icivics_testcases.HP_5HeaderMyicivicsMisc_Test"/>
  <system-out/>
  <testcase name="C35_Verifytheavatar" time="13.736" classname="icivics_testcases.HP_5HeaderMyicivicsMisc_Test"/>
  <system-out/>
  <testcase name="C35_Verifythenoavatar" time="10.476" classname="icivics_testcases.HP_5HeaderMyicivicsMisc_Test"/>
  <system-out/>
  <testcase name="C36_VerifyIcivicssubmenu" time="14.573" classname="icivics_testcases.HP_5HeaderMyicivicsMisc_Test"/>
  <system-out/>
  <testcase name="C37_VerifyIcivicssubmenu" time="12.128" classname="icivics_testcases.HP_5HeaderMyicivicsMisc_Test"/>
  <system-out/>
  <testcase name="C39_Myicivicsbuttonelementsverification" time="28.972" classname="icivics_testcases.HP_5HeaderMyicivicsMisc_Test"/>
  <system-out/>
  <testcase name="C41_verifyselectpageisunderlined" time="53.231" classname="icivics_testcases.HP_5HeaderMyicivicsMisc_Test"/>
  <system-out/>
  <testcase name="C42_Verifymyicivicsbuttonsubmenuclose" time="11.238" classname="icivics_testcases.HP_5HeaderMyicivicsMisc_Test"/>
  <system-out/>
</testsuite> <!-- icivics_testcases.HP_5HeaderMyicivicsMisc_Test -->
