<?xml version="1.0" encoding="UTF-8"?>
<!-- Generated by org.testng.reporters.JUnitReportReporter -->
<testsuite hostname="AMX-RL-20-457-W" failures="0" tests="13" name="icivics_testcases.Icivics_StudentRegistration1Email_Test" time="175.956" errors="0" timestamp="2022-06-07T21:46:33 IST" skipped="0">
  <testcase classname="icivics_testcases.Icivics_StudentRegistration1Email_Test" name="C383_Verifybreadcrumbs" time="5.588"/>
  <system-out/>
  <testcase classname="icivics_testcases.Icivics_StudentRegistration1Email_Test" name="C384_Verifybreadcrumbspage" time="4.809"/>
  <system-out/>
  <testcase classname="icivics_testcases.Icivics_StudentRegistration1Email_Test" name="C385_Verifyvideolink" time="27.732"/>
  <system-out/>
  <testcase classname="icivics_testcases.Icivics_StudentRegistration1Email_Test" name="C387_verifytextfields" time="8.942"/>
  <system-out/>
  <testcase classname="icivics_testcases.Icivics_StudentRegistration1Email_Test" name="C388_verifyusernamepregenerated" time="11.874"/>
  <system-out/>
  <testcase classname="icivics_testcases.Icivics_StudentRegistration1Email_Test" name="C389_verifyusernamepregeneratedrandomly" time="20.127"/>
  <system-out/>
  <testcase classname="icivics_testcases.Icivics_StudentRegistration1Email_Test" name="C390_verifyentertextinallfields" time="8.870"/>
  <system-out/>
  <testcase classname="icivics_testcases.Icivics_StudentRegistration1Email_Test" name="C391_verifyfieldsmarkedwithanasterisk" time="6.309"/>
  <system-out/>
  <testcase classname="icivics_testcases.Icivics_StudentRegistration1Email_Test" name="C392_verifyemailtooltips" time="5.603"/>
  <system-out/>
  <testcase classname="icivics_testcases.Icivics_StudentRegistration1Email_Test" name="C393_verifyemailerrormsg" time="12.170"/>
  <system-out/>
  <testcase classname="icivics_testcases.Icivics_StudentRegistration1Email_Test" name="C394_verifyblankerrormsg" time="34.598"/>
  <system-out/>
  <testcase classname="icivics_testcases.Icivics_StudentRegistration1Email_Test" name="C396_verifyvalidregistration" time="19.013"/>
  <system-out/>
  <testcase classname="icivics_testcases.Icivics_StudentRegistration1Email_Test" name="C397_Verifyclasscodelink" time="10.321"/>
  <system-out/>
</testsuite> <!-- icivics_testcases.Icivics_StudentRegistration1Email_Test -->
