<?xml version="1.0" encoding="UTF-8"?>
<!-- Generated by org.testng.reporters.JUnitReportReporter -->
<testsuite skipped="0" hostname="AMX-RL-20-348-W" name="icivics_testcases.EducatorRegistration_Test" tests="6" failures="0" timestamp="2022-07-05T01:30:51 IST" time="249.125" errors="0">
  <testcase name="C321_VerifyallpageElements" time="19.163" classname="icivics_testcases.EducatorRegistration_Test"/>
  <system-out/>
  <testcase name="C322_ButtonHover" time="28.731" classname="icivics_testcases.EducatorRegistration_Test"/>
  <system-out/>
  <testcase name="C323_Verifyallbuttonlinks" time="165.441" classname="icivics_testcases.EducatorRegistration_Test"/>
  <system-out/>
  <testcase name="C324_WindowResize" time="14.964" classname="icivics_testcases.EducatorRegistration_Test"/>
  <system-out/>
  <testcase name="C325_Verifyerrormsg" time="11.820" classname="icivics_testcases.EducatorRegistration_Test"/>
  <system-out/>
  <testcase name="C326_Verifybreadcrumbs" time="9.006" classname="icivics_testcases.EducatorRegistration_Test"/>
  <system-out/>
</testsuite> <!-- icivics_testcases.EducatorRegistration_Test -->
