<?xml version="1.0" encoding="UTF-8"?>
<!-- Generated by org.testng.reporters.JUnitReportReporter -->
<testsuite hostname="AMX-RL-20-457-W" failures="0" tests="6" name="icivics_testcases.Icivics_HomepageTeacherHeader_Test" time="638.755" errors="0" timestamp="2022-06-28T21:14:14 IST" skipped="0">
  <testcase classname="icivics_testcases.Icivics_HomepageTeacherHeader_Test" name="C3_Verifyheaderbuttonsforanonymoususer" time="33.094"/>
  <system-out/>
  <testcase classname="icivics_testcases.Icivics_HomepageTeacherHeader_Test" name="C3_Verifyheaderbuttonsforauthenticateduser" time="34.615"/>
  <system-out/>
  <testcase classname="icivics_testcases.Icivics_HomepageTeacherHeader_Test" name="C4_Verifyheaderelemets" time="205.561"/>
  <system-out/>
  <testcase classname="icivics_testcases.Icivics_HomepageTeacherHeader_Test" name="C6_Verifyheaderbuttonhoverforanonymoususer" time="129.344"/>
  <system-out/>
  <testcase classname="icivics_testcases.Icivics_HomepageTeacherHeader_Test" name="C6_verifyaheaderbuttonhoverforauthenticateduser" time="170.418"/>
  <system-out/>
  <testcase classname="icivics_testcases.Icivics_HomepageTeacherHeader_Test" name="C7_verifyresizeheaderintohamburger" time="65.723"/>
  <system-out/>
</testsuite> <!-- icivics_testcases.Icivics_HomepageTeacherHeader_Test -->
