<?xml version="1.0" encoding="UTF-8"?>
<!-- Generated by org.testng.reporters.JUnitReportReporter -->
<testsuite hostname="AMX-RL-20-457-W" failures="0" tests="11" name="icivics_testcases.Icivics_StudentRegistration1classcode_Test" time="147.897" errors="0" timestamp="2022-06-16T23:19:10 IST" skipped="0">
  <testcase classname="icivics_testcases.Icivics_StudentRegistration1classcode_Test" name="C425_verifyemailfieldsappear" time="5.925"/>
  <system-out/>
  <testcase classname="icivics_testcases.Icivics_StudentRegistration1classcode_Test" name="C426_verifyemailtooltips" time="5.185"/>
  <system-out/>
  <testcase classname="icivics_testcases.Icivics_StudentRegistration1classcode_Test" name="C427_verifyemailfieldsdisappear" time="11.062"/>
  <system-out/>
  <testcase classname="icivics_testcases.Icivics_StudentRegistration1classcode_Test" name="C428_verifyusernamepregenerated" time="9.867"/>
  <system-out/>
  <testcase classname="icivics_testcases.Icivics_StudentRegistration1classcode_Test" name="C429_usernamegeneratedrandomly" time="16.104"/>
  <system-out/>
  <testcase classname="icivics_testcases.Icivics_StudentRegistration1classcode_Test" name="C430_verifyregistrationwithvaliddata" time="11.363"/>
  <system-out/>
  <testcase classname="icivics_testcases.Icivics_StudentRegistration1classcode_Test" name="C431_verifyAsteriks" time="5.841"/>
  <system-out/>
  <testcase classname="icivics_testcases.Icivics_StudentRegistration1classcode_Test" name="C432_verifyinvaliderrormsg" time="10.882"/>
  <system-out/>
  <testcase classname="icivics_testcases.Icivics_StudentRegistration1classcode_Test" name="C433_verifyerrormsgverifyemailblankfield" time="46.589"/>
  <system-out/>
  <testcase classname="icivics_testcases.Icivics_StudentRegistration1classcode_Test" name="C434_verifyinvaliderrormsg2" time="7.821"/>
  <system-out/>
  <testcase classname="icivics_testcases.Icivics_StudentRegistration1classcode_Test" name="C435_verifyregistrationwithvalidvalue" time="17.258"/>
  <system-out/>
</testsuite> <!-- icivics_testcases.Icivics_StudentRegistration1classcode_Test -->
