<?xml version="1.0" encoding="UTF-8"?>
<!-- Generated by org.testng.reporters.JUnitReportReporter -->
<testsuite hostname="AMX-RL-20-457-W" failures="0" tests="4" name="icivics_testcases.Icivics_HomepageHeader_Test" time="87.088" errors="0" timestamp="2022-06-27T22:39:35 IST" skipped="0">
  <testcase classname="icivics_testcases.Icivics_HomepageHeader_Test" name="C1_VerifyLogo" time="11.630"/>
  <system-out/>
  <testcase classname="icivics_testcases.Icivics_HomepageHeader_Test" name="C2_VerifyHeaderbuttonforauthenticateduser" time="32.811"/>
  <system-out/>
  <testcase classname="icivics_testcases.Icivics_HomepageHeader_Test" name="C2_VerifyHeaderbuttonforanonymoususer" time="31.557"/>
  <system-out/>
  <testcase classname="icivics_testcases.Icivics_HomepageHeader_Test" name="C1538_Verifydonationpopup" time="11.090"/>
  <system-out/>
</testsuite> <!-- icivics_testcases.Icivics_HomepageHeader_Test -->
