<?xml version="1.0" encoding="UTF-8"?>
<!-- Generated by org.testng.reporters.JUnitReportReporter -->
<testsuite hostname="AMX-RL-20-457-W" failures="0" tests="12" name="icivics_testcases.Icivics_HomepageHeaderMyicivicsMisc_Test" time="504.482" errors="0" timestamp="2022-06-27T17:01:56 IST" skipped="0">
  <testcase classname="icivics_testcases.Icivics_HomepageHeaderMyicivicsMisc_Test" name="C29_Verifydonatebutton" time="6.847"/>
  <system-out/>
  <testcase classname="icivics_testcases.Icivics_HomepageHeaderMyicivicsMisc_Test" name="C30_Verifydonatebuttonclick" time="21.207"/>
  <system-out/>
  <testcase classname="icivics_testcases.Icivics_HomepageHeaderMyicivicsMisc_Test" name="C31_Verifyshopbutton" time="6.018"/>
  <system-out/>
  <testcase classname="icivics_testcases.Icivics_HomepageHeaderMyicivicsMisc_Test" name="C32_Verifyshopbuttonclick" time="8.794"/>
  <system-out/>
  <testcase classname="icivics_testcases.Icivics_HomepageHeaderMyicivicsMisc_Test" name="C34_VerifyIcivicsbutton" time="28.944"/>
  <system-out/>
  <testcase classname="icivics_testcases.Icivics_HomepageHeaderMyicivicsMisc_Test" name="C35_Verifytheavatar" time="56.832"/>
  <system-out/>
  <testcase classname="icivics_testcases.Icivics_HomepageHeaderMyicivicsMisc_Test" name="C35_Verifythenoavatar" time="29.459"/>
  <system-out/>
  <testcase classname="icivics_testcases.Icivics_HomepageHeaderMyicivicsMisc_Test" name="C36_VerifyIcivicssubmenu" time="29.707"/>
  <system-out/>
  <testcase classname="icivics_testcases.Icivics_HomepageHeaderMyicivicsMisc_Test" name="C37_VerifyIcivicssubmenu" time="29.412"/>
  <system-out/>
  <testcase classname="icivics_testcases.Icivics_HomepageHeaderMyicivicsMisc_Test" name="C39_Myicivicsbuttonelementsverification" time="130.081"/>
  <system-out/>
  <testcase classname="icivics_testcases.Icivics_HomepageHeaderMyicivicsMisc_Test" name="C41_verifyselectpageisunderlined" time="128.302"/>
  <system-out/>
  <testcase classname="icivics_testcases.Icivics_HomepageHeaderMyicivicsMisc_Test" name="C42_Verifymyicivicsbuttonsubmenuclose" time="28.879"/>
  <system-out/>
</testsuite> <!-- icivics_testcases.Icivics_HomepageHeaderMyicivicsMisc_Test -->
