<?xml version="1.0" encoding="UTF-8"?>
<!-- Generated by org.testng.reporters.JUnitReportReporter -->
<testsuite hostname="AMX-RL-20-457-W" failures="0" tests="1" name="icivics_testcases.Icivics_HomepageHeaderplay_Test" time="13.316" errors="0" timestamp="2022-05-31T13:35:42 IST" skipped="0">
  <testcase classname="icivics_testcases.Icivics_HomepageHeaderplay_Test" name="C8_Verifyplaysubmenu" time="13.316"/>
  <system-out/>
</testsuite> <!-- icivics_testcases.Icivics_HomepageHeaderplay_Test -->
