<?xml version="1.0" encoding="UTF-8"?>
<!-- Generated by org.testng.reporters.JUnitReportReporter -->
<testsuite hostname="AMX-RL-20-457-W" failures="0" tests="6" name="icivics_testcases.Icivics_StudentRegistration3classcode_Test" time="235.550" errors="0" timestamp="2022-06-08T21:34:33 IST" skipped="0">
  <testcase classname="icivics_testcases.Icivics_StudentRegistration3classcode_Test" name="C454_verifypagecount3" time="34.103"/>
  <system-out/>
  <testcase classname="icivics_testcases.Icivics_StudentRegistration3classcode_Test" name="C455_verifyusernamegenerateddisplay" time="38.087"/>
  <system-out/>
  <testcase classname="icivics_testcases.Icivics_StudentRegistration3classcode_Test" name="C456_verifyusernametextddisplay" time="29.767"/>
  <system-out/>
  <testcase classname="icivics_testcases.Icivics_StudentRegistration3classcode_Test" name="C457_verifyemailddisplay" time="37.707"/>
  <system-out/>
  <testcase classname="icivics_testcases.Icivics_StudentRegistration3classcode_Test" name="C458_verifyemailtextddisplay" time="34.230"/>
  <system-out/>
  <testcase classname="icivics_testcases.Icivics_StudentRegistration3classcode_Test" name="C459_clickcontinuetomyassignmentbutton" time="61.656"/>
  <system-out/>
</testsuite> <!-- icivics_testcases.Icivics_StudentRegistration3classcode_Test -->
