<?xml version="1.0" encoding="UTF-8"?>
<!-- Generated by org.testng.reporters.JUnitReportReporter -->
<testsuite hostname="AMX-RL-20-457-W" failures="0" tests="1" name="icivics_testcases.Icivics_HomepageHeader_Test" time="59.394" errors="0" timestamp="2022-05-31T20:46:44 IST" skipped="0">
  <testcase classname="icivics_testcases.Icivics_HomepageHeader_Test" name="C2_VerifyHeaderbuttonforauthenticateduser" time="59.394"/>
  <system-out/>
</testsuite> <!-- icivics_testcases.Icivics_HomepageHeader_Test -->
