<?xml version="1.0" encoding="UTF-8"?>
<!-- Generated by org.testng.reporters.JUnitReportReporter -->
<testsuite hostname="AMX-RL-20-608-W" failures="0" tests="14" name="icivics_testcases.Icivics_EducatorRegistration4_Test" time="404.301" errors="0" timestamp="2022-05-30T18:50:10 IST" skipped="0">
  <testcase classname="icivics_testcases.Icivics_EducatorRegistration4_Test" name="C358_verifybreadcrumbspage4" time="25.497"/>
  <system-out/>
  <testcase classname="icivics_testcases.Icivics_EducatorRegistration4_Test" name="C359_verifypreviouspage" time="29.335"/>
  <system-out/>
  <testcase classname="icivics_testcases.Icivics_EducatorRegistration4_Test" name="C360_verifyalldataremembered" time="27.887"/>
  <system-out/>
  <testcase classname="icivics_testcases.Icivics_EducatorRegistration4_Test" name="C361_verifyallpage3fields" time="27.719"/>
  <system-out/>
  <testcase classname="icivics_testcases.Icivics_EducatorRegistration4_Test" name="C362_verifySignUpischecked" time="26.689"/>
  <system-out/>
  <testcase classname="icivics_testcases.Icivics_EducatorRegistration4_Test" name="C363_verifyallpage4fields" time="40.310"/>
  <system-out/>
  <testcase classname="icivics_testcases.Icivics_EducatorRegistration4_Test" name="C364_verifyallfieldasterisk" time="28.159"/>
  <system-out/>
  <testcase classname="icivics_testcases.Icivics_EducatorRegistration4_Test" name="C365_verifypasswordtooltips" time="29.865"/>
  <system-out/>
  <testcase classname="icivics_testcases.Icivics_EducatorRegistration4_Test" name="C366_verifypasswordstrengthIndicator" time="26.233"/>
  <system-out/>
  <testcase classname="icivics_testcases.Icivics_EducatorRegistration4_Test" name="C367_verifypasswordIndicatormatch" time="26.861"/>
  <system-out/>
  <testcase classname="icivics_testcases.Icivics_EducatorRegistration4_Test" name="C368_verifyallfieldswithinvaliddata" time="28.612"/>
  <system-out/>
  <testcase classname="icivics_testcases.Icivics_EducatorRegistration4_Test" name="C369_verifyallfieldswithblankdata" time="26.771"/>
  <system-out/>
  <testcase classname="icivics_testcases.Icivics_EducatorRegistration4_Test" name="C370_verifyallfieldswithblankandinvaliddata" time="27.925"/>
  <system-out/>
  <testcase classname="icivics_testcases.Icivics_EducatorRegistration4_Test" name="C371_verifyvalidsubmission" time="32.438"/>
  <system-out/>
</testsuite> <!-- icivics_testcases.Icivics_EducatorRegistration4_Test -->
