<?xml version="1.0" encoding="UTF-8"?>
<!-- Generated by org.testng.reporters.JUnitReportReporter -->
<testsuite skipped="0" hostname="AMX-RL-20-348-W" name="icivics_testcases.StudentRegistration3classcode_Test" tests="6" failures="0" timestamp="2022-07-04T23:16:38 IST" time="130.112" errors="0">
  <testcase name="C454_verifypagecount3" time="19.885" classname="icivics_testcases.StudentRegistration3classcode_Test"/>
  <system-out/>
  <testcase name="C455_verifyusernamegenerateddisplay" time="22.669" classname="icivics_testcases.StudentRegistration3classcode_Test"/>
  <system-out/>
  <testcase name="C456_verifyusernametextddisplay" time="19.322" classname="icivics_testcases.StudentRegistration3classcode_Test"/>
  <system-out/>
  <testcase name="C457_verifyemailddisplay" time="22.706" classname="icivics_testcases.StudentRegistration3classcode_Test"/>
  <system-out/>
  <testcase name="C458_verifyemailtextddisplay" time="20.186" classname="icivics_testcases.StudentRegistration3classcode_Test"/>
  <system-out/>
  <testcase name="C459_clickcontinuetomyassignmentbutton" time="25.344" classname="icivics_testcases.StudentRegistration3classcode_Test"/>
  <system-out/>
</testsuite> <!-- icivics_testcases.StudentRegistration3classcode_Test -->
