<?xml version="1.0" encoding="UTF-8"?>
<!-- Generated by org.testng.reporters.JUnitReportReporter -->
<testsuite hostname="AMX-RL-20-457-W" failures="0" tests="1" name="icivics_testcases.Icivics_StudentRegistration1classcode_Test" time="27.531" errors="0" timestamp="2022-06-07T18:54:23 IST" skipped="0">
  <testcase classname="icivics_testcases.Icivics_StudentRegistration1classcode_Test" name="C433_verifyerrormsgverifyemailblankfield" time="27.531"/>
  <system-out/>
</testsuite> <!-- icivics_testcases.Icivics_StudentRegistration1classcode_Test -->
