<?xml version="1.0" encoding="UTF-8"?>
<!-- Generated by org.testng.reporters.JUnitReportReporter -->
<testsuite hostname="AMX-RL-20-608-W" failures="0" tests="11" name="icivics_testcases.Icivics_EducatorRegistration1_Test" time="132.060" errors="0" timestamp="2022-05-30T18:50:10 IST" skipped="0">
  <testcase classname="icivics_testcases.Icivics_EducatorRegistration1_Test" name="C327_verifybreadcrumbspage1" time="4.539"/>
  <system-out/>
  <testcase classname="icivics_testcases.Icivics_EducatorRegistration1_Test" name="C328_verifytextfields" time="6.783"/>
  <system-out/>
  <testcase classname="icivics_testcases.Icivics_EducatorRegistration1_Test" name="C329_verifyusernamepregenerated" time="10.555"/>
  <system-out/>
  <testcase classname="icivics_testcases.Icivics_EducatorRegistration1_Test" name="C330_verifyusernamepregeneratedrandomly" time="17.520"/>
  <system-out/>
  <testcase classname="icivics_testcases.Icivics_EducatorRegistration1_Test" name="C331_verifyentertextinallfields" time="5.889"/>
  <system-out/>
  <testcase classname="icivics_testcases.Icivics_EducatorRegistration1_Test" name="C332_verifyfieldsmarkedwithanasterisk" time="5.938"/>
  <system-out/>
  <testcase classname="icivics_testcases.Icivics_EducatorRegistration1_Test" name="C333_verifyemailtooltips" time="5.223"/>
  <system-out/>
  <testcase classname="icivics_testcases.Icivics_EducatorRegistration1_Test" name="C334_verifyemailerrormsg" time="12.581"/>
  <system-out/>
  <testcase classname="icivics_testcases.Icivics_EducatorRegistration1_Test" name="C335_verifyblankerrormsg" time="34.325"/>
  <system-out/>
  <testcase classname="icivics_testcases.Icivics_EducatorRegistration1_Test" name="C336_verifyinvaliderrormsg" time="10.607"/>
  <system-out/>
  <testcase classname="icivics_testcases.Icivics_EducatorRegistration1_Test" name="C337_verifyvalidregistration" time="18.100"/>
  <system-out/>
</testsuite> <!-- icivics_testcases.Icivics_EducatorRegistration1_Test -->
