<?xml version="1.0" encoding="UTF-8"?>
<!-- Generated by org.testng.reporters.JUnitReportReporter -->
<testsuite hostname="AMX-RL-20-457-W" failures="0" tests="13" name="icivics_testcases.Icivics_StudentRegistration1Email_Test" time="168.903" errors="0" timestamp="2022-06-16T23:19:10 IST" skipped="0">
  <testcase classname="icivics_testcases.Icivics_StudentRegistration1Email_Test" name="C383_Verifybreadcrumbs" time="5.418"/>
  <system-out/>
  <testcase classname="icivics_testcases.Icivics_StudentRegistration1Email_Test" name="C384_Verifybreadcrumbspage" time="4.912"/>
  <system-out/>
  <testcase classname="icivics_testcases.Icivics_StudentRegistration1Email_Test" name="C385_Verifyvideolink" time="19.089"/>
  <system-out/>
  <testcase classname="icivics_testcases.Icivics_StudentRegistration1Email_Test" name="C387_verifytextfields" time="7.519"/>
  <system-out/>
  <testcase classname="icivics_testcases.Icivics_StudentRegistration1Email_Test" name="C388_verifyusernamepregenerated" time="10.718"/>
  <system-out/>
  <testcase classname="icivics_testcases.Icivics_StudentRegistration1Email_Test" name="C389_verifyusernamepregeneratedrandomly" time="17.916"/>
  <system-out/>
  <testcase classname="icivics_testcases.Icivics_StudentRegistration1Email_Test" name="C390_verifyentertextinallfields" time="8.447"/>
  <system-out/>
  <testcase classname="icivics_testcases.Icivics_StudentRegistration1Email_Test" name="C391_verifyfieldsmarkedwithanasterisk" time="5.500"/>
  <system-out/>
  <testcase classname="icivics_testcases.Icivics_StudentRegistration1Email_Test" name="C392_verifyemailtooltips" time="5.527"/>
  <system-out/>
  <testcase classname="icivics_testcases.Icivics_StudentRegistration1Email_Test" name="C393_verifyemailerrormsg" time="13.132"/>
  <system-out/>
  <testcase classname="icivics_testcases.Icivics_StudentRegistration1Email_Test" name="C394_verifyblankerrormsg" time="45.892"/>
  <system-out/>
  <testcase classname="icivics_testcases.Icivics_StudentRegistration1Email_Test" name="C396_verifyvalidregistration" time="15.214"/>
  <system-out/>
  <testcase classname="icivics_testcases.Icivics_StudentRegistration1Email_Test" name="C397_Verifyclasscodelink" time="9.619"/>
  <system-out/>
</testsuite> <!-- icivics_testcases.Icivics_StudentRegistration1Email_Test -->
