<?xml version="1.0" encoding="UTF-8"?>
<!-- Generated by org.testng.reporters.JUnitReportReporter -->
<testsuite hostname="AMX-RL-20-457-W" failures="0" tests="1" name="icivics_testcases.Icivics_StudentRegistration3Email_Test" time="28.722" errors="0" timestamp="2022-05-25T21:02:34 IST" skipped="0">
  <testcase classname="icivics_testcases.Icivics_StudentRegistration3Email_Test" name="C377_verifyconfirmationemail" time="28.722"/>
  <system-out/>
</testsuite> <!-- icivics_testcases.Icivics_StudentRegistration3Email_Test -->
