<?xml version="1.0" encoding="UTF-8"?>
<!-- Generated by org.testng.reporters.JUnitReportReporter -->
<testsuite hostname="AMX-RL-20-457-W" failures="0" tests="1" name="icivics_testcases.Icivics_StudentRegistration2Email_Test" time="23.469" errors="0" timestamp="2022-06-03T21:50:23 IST" skipped="0">
  <testcase classname="icivics_testcases.Icivics_StudentRegistration2Email_Test" name="C410_VerifyPasswordindicatormatch" time="23.469"/>
  <system-out/>
</testsuite> <!-- icivics_testcases.Icivics_StudentRegistration2Email_Test -->
