<?xml version="1.0" encoding="UTF-8"?>
<!-- Generated by org.testng.reporters.JUnitReportReporter -->
<testsuite hostname="AMX-RL-20-457-W" failures="0" tests="13" name="icivics_testcases.Icivics_StudentRegistration2classcode_Test" time="277.557" errors="0" timestamp="2022-06-07T17:50:01 IST" skipped="0">
  <testcase classname="icivics_testcases.Icivics_StudentRegistration2classcode_Test" name="C398_verifypagecount2" time="16.540"/>
  <system-out/>
  <testcase classname="icivics_testcases.Icivics_StudentRegistration2classcode_Test" name="C399_Clickbackbutton" time="19.246"/>
  <system-out/>
  <testcase classname="icivics_testcases.Icivics_StudentRegistration2classcode_Test" name="C400_verifyfieldsisremembered" time="17.855"/>
  <system-out/>
  <testcase classname="icivics_testcases.Icivics_StudentRegistration2classcode_Test" name="C403_clickontermsofuselink" time="31.572"/>
  <system-out/>
  <testcase classname="icivics_testcases.Icivics_StudentRegistration2classcode_Test" name="C404_clickprivacypolicy" time="23.728"/>
  <system-out/>
  <testcase classname="icivics_testcases.Icivics_StudentRegistration2classcode_Test" name="C405_verifypage2SignUpforEmailsfield" time="15.353"/>
  <system-out/>
  <testcase classname="icivics_testcases.Icivics_StudentRegistration2classcode_Test" name="C408_hoveronpwdfield" time="17.492"/>
  <system-out/>
  <testcase classname="icivics_testcases.Icivics_StudentRegistration2classcode_Test" name="C409_VerifyPasswordstrengthmeter" time="19.453"/>
  <system-out/>
  <testcase classname="icivics_testcases.Icivics_StudentRegistration2classcode_Test" name="C410_VerifyPasswordindicatormatch" time="23.347"/>
  <system-out/>
  <testcase classname="icivics_testcases.Icivics_StudentRegistration2classcode_Test" name="C412_verifyenterinvaliddata" time="21.293"/>
  <system-out/>
  <testcase classname="icivics_testcases.Icivics_StudentRegistration2classcode_Test" name="C412_verifytermsofuseandprivacycheckbox" time="20.428"/>
  <system-out/>
  <testcase classname="icivics_testcases.Icivics_StudentRegistration2classcode_Test" name="C413_verifyblankerrormsg" time="22.442"/>
  <system-out/>
  <testcase classname="icivics_testcases.Icivics_StudentRegistration2classcode_Test" name="C414_verifypage3loaded" time="28.808"/>
  <system-out/>
</testsuite> <!-- icivics_testcases.Icivics_StudentRegistration2classcode_Test -->
