<?xml version="1.0" encoding="UTF-8"?>
<!-- Generated by org.testng.reporters.JUnitReportReporter -->
<testsuite hostname="AMX-RL-20-457-W" failures="0" tests="10" name="icivics_testcases.Icivics_EducatorRegistration2_Test" time="190.334" errors="0" timestamp="2022-06-09T18:20:32 IST" skipped="0">
  <testcase classname="icivics_testcases.Icivics_EducatorRegistration2_Test" name="C338_verifybreadcrumbspage1" time="9.340"/>
  <system-out/>
  <testcase classname="icivics_testcases.Icivics_EducatorRegistration2_Test" name="C339_verifypreviouspage" time="12.893"/>
  <system-out/>
  <testcase classname="icivics_testcases.Icivics_EducatorRegistration2_Test" name="C340_verifyalldataremembered" time="17.402"/>
  <system-out/>
  <testcase classname="icivics_testcases.Icivics_EducatorRegistration2_Test" name="C341_verifyRoleandGradeLevel" time="19.401"/>
  <system-out/>
  <testcase classname="icivics_testcases.Icivics_EducatorRegistration2_Test" name="C342_verifymakeselection" time="20.684"/>
  <system-out/>
  <testcase classname="icivics_testcases.Icivics_EducatorRegistration2_Test" name="C343_verifyotheradditionalfield" time="13.061"/>
  <system-out/>
  <testcase classname="icivics_testcases.Icivics_EducatorRegistration2_Test" name="C344_verifyasterisk" time="11.222"/>
  <system-out/>
  <testcase classname="icivics_testcases.Icivics_EducatorRegistration2_Test" name="C345_verifyblankerrormsg" time="46.426"/>
  <system-out/>
  <testcase classname="icivics_testcases.Icivics_EducatorRegistration2_Test" name="C346_verifyerrormsgboxcolor" time="13.706"/>
  <system-out/>
  <testcase classname="icivics_testcases.Icivics_EducatorRegistration2_Test" name="C347_verifyvalidsubmission" time="26.199"/>
  <system-out/>
</testsuite> <!-- icivics_testcases.Icivics_EducatorRegistration2_Test -->
