<?xml version="1.0" encoding="UTF-8"?>
<!-- Generated by org.testng.reporters.JUnitReportReporter -->
<testsuite skipped="0" hostname="AMX-RL-20-348-W" name="icivics_testcases.HP_1TeacherHeader_Test" tests="6" failures="0" timestamp="2022-07-04T23:16:38 IST" time="367.627" errors="0">
  <testcase name="C3_Verifyheaderbuttonsforanonymoususer" time="13.713" classname="icivics_testcases.HP_1TeacherHeader_Test"/>
  <system-out/>
  <testcase name="C3_Verifyheaderbuttonsforauthenticateduser" time="17.596" classname="icivics_testcases.HP_1TeacherHeader_Test"/>
  <system-out/>
  <testcase name="C4_Verifyheaderelemets" time="156.541" classname="icivics_testcases.HP_1TeacherHeader_Test"/>
  <system-out/>
  <testcase name="C6_Verifyheaderbuttonhoverforanonymoususer" time="72.526" classname="icivics_testcases.HP_1TeacherHeader_Test"/>
  <system-out/>
  <testcase name="C6_verifyaheaderbuttonhoverforauthenticateduser" time="71.269" classname="icivics_testcases.HP_1TeacherHeader_Test"/>
  <system-out/>
  <testcase name="C7_verifyresizeheaderintohamburger" time="35.982" classname="icivics_testcases.HP_1TeacherHeader_Test"/>
  <system-out/>
</testsuite> <!-- icivics_testcases.HP_1TeacherHeader_Test -->
