<?xml version="1.0" encoding="UTF-8"?>
<!-- Generated by org.testng.reporters.JUnitReportReporter -->
<testsuite hostname="AMX-RL-20-457-W" failures="0" tests="1" name="icivics_testcases.Icivics_HomepageTeacherHeader_Test" time="142.248" errors="0" timestamp="2022-06-27T19:19:28 IST" skipped="0">
  <testcase classname="icivics_testcases.Icivics_HomepageTeacherHeader_Test" name="C6_Verifyheaderbuttonhoverforanonymoususer" time="142.248"/>
  <system-out/>
</testsuite> <!-- icivics_testcases.Icivics_HomepageTeacherHeader_Test -->
