<?xml version="1.0" encoding="UTF-8"?>
<!-- Generated by org.testng.reporters.JUnitReportReporter -->
<testsuite hostname="AMX-RL-20-457-W" failures="0" tests="1" name="icivics_testcases.Icivics_StudentRegistration2classcode_Test" time="17.456" errors="0" timestamp="2022-05-25T18:07:44 IST" skipped="0">
  <testcase classname="icivics_testcases.Icivics_StudentRegistration2classcode_Test" name="C405_verifypage2SignUpforEmailsfield" time="17.456"/>
  <system-out/>
</testsuite> <!-- icivics_testcases.Icivics_StudentRegistration2classcode_Test -->
