<?xml version="1.0" encoding="UTF-8"?>
<!-- Generated by org.testng.reporters.JUnitReportReporter -->
<testsuite hostname="AMX-RL-20-457-W" failures="0" tests="4" name="icivics_testcases.Icivics_HomepageHeader_Test" time="89.910" errors="0" timestamp="2022-06-27T16:47:32 IST" skipped="0">
  <testcase classname="icivics_testcases.Icivics_HomepageHeader_Test" name="C1_VerifyLogo" time="13.185"/>
  <system-out/>
  <testcase classname="icivics_testcases.Icivics_HomepageHeader_Test" name="C2_VerifyHeaderbuttonforanonymoususer" time="31.531"/>
  <system-out/>
  <testcase classname="icivics_testcases.Icivics_HomepageHeader_Test" name="C2_VerifyHeaderbuttonforauthenticateduser" time="31.846"/>
  <system-out/>
  <testcase classname="icivics_testcases.Icivics_HomepageHeader_Test" name="C1538_Verifydonationpopup" time="13.348"/>
  <system-out/>
</testsuite> <!-- icivics_testcases.Icivics_HomepageHeader_Test -->
