<?xml version="1.0" encoding="UTF-8"?>
<!-- Generated by org.testng.reporters.JUnitReportReporter -->
<testsuite hostname="AMX-RL-20-457-W" failures="0" tests="11" name="icivics_testcases.Icivics7_StudentRegistration1classcode_Test" time="171.822" errors="0" timestamp="2022-07-02T22:38:37 IST" skipped="0">
  <testcase classname="icivics_testcases.Icivics7_StudentRegistration1classcode_Test" name="C425_verifyemailfieldsappear" time="9.367"/>
  <system-out/>
  <testcase classname="icivics_testcases.Icivics7_StudentRegistration1classcode_Test" name="C426_verifyemailtooltips" time="6.804"/>
  <system-out/>
  <testcase classname="icivics_testcases.Icivics7_StudentRegistration1classcode_Test" name="C427_verifyemailfieldsdisappear" time="13.742"/>
  <system-out/>
  <testcase classname="icivics_testcases.Icivics7_StudentRegistration1classcode_Test" name="C428_verifyusernamepregenerated" time="10.915"/>
  <system-out/>
  <testcase classname="icivics_testcases.Icivics7_StudentRegistration1classcode_Test" name="C429_usernamegeneratedrandomly" time="17.780"/>
  <system-out/>
  <testcase classname="icivics_testcases.Icivics7_StudentRegistration1classcode_Test" name="C430_verifyregistrationwithvaliddata" time="13.817"/>
  <system-out/>
  <testcase classname="icivics_testcases.Icivics7_StudentRegistration1classcode_Test" name="C431_verifyAsteriks" time="8.022"/>
  <system-out/>
  <testcase classname="icivics_testcases.Icivics7_StudentRegistration1classcode_Test" name="C432_verifyinvaliderrormsg" time="13.960"/>
  <system-out/>
  <testcase classname="icivics_testcases.Icivics7_StudentRegistration1classcode_Test" name="C433_verifyerrormsgverifyemailblankfield" time="47.489"/>
  <system-out/>
  <testcase classname="icivics_testcases.Icivics7_StudentRegistration1classcode_Test" name="C434_verifyinvaliderrormsg2" time="11.249"/>
  <system-out/>
  <testcase classname="icivics_testcases.Icivics7_StudentRegistration1classcode_Test" name="C435_verifyregistrationwithvalidvalue" time="18.677"/>
  <system-out/>
</testsuite> <!-- icivics_testcases.Icivics7_StudentRegistration1classcode_Test -->
