<?xml version="1.0" encoding="UTF-8"?>
<!-- Generated by org.testng.reporters.JUnitReportReporter -->
<testsuite skipped="0" hostname="AMX-RL-20-348-W" name="icivics_testcases.HP_3HeaderTeach_Test" tests="4" failures="0" timestamp="2022-07-04T23:16:38 IST" time="58.855" errors="0">
  <testcase name="C15_Verifyteachsubmenu" time="5.256" classname="icivics_testcases.HP_3HeaderTeach_Test"/>
  <system-out/>
  <testcase name="C16_Verifysubmenucount" time="6.203" classname="icivics_testcases.HP_3HeaderTeach_Test"/>
  <system-out/>
  <testcase name="C17_Verifyteachbuttonelements" time="36.318" classname="icivics_testcases.HP_3HeaderTeach_Test"/>
  <system-out/>
  <testcase name="C20_verifyclickteachbuttonagain" time="11.078" classname="icivics_testcases.HP_3HeaderTeach_Test"/>
  <system-out/>
</testsuite> <!-- icivics_testcases.HP_3HeaderTeach_Test -->
