<?xml version="1.0" encoding="UTF-8"?>
<!-- Generated by org.testng.reporters.JUnitReportReporter -->
<testsuite hostname="AMX-RL-20-608-W" failures="0" tests="6" name="icivics_testcases.Icivics_EducatorRegistration_Test" time="289.986" errors="0" timestamp="2022-05-16T12:06:56 IST" skipped="0">
  <testcase classname="icivics_testcases.Icivics_EducatorRegistration_Test" name="C321_VerifyallpageElements" time="23.827"/>
  <system-out/>
  <testcase classname="icivics_testcases.Icivics_EducatorRegistration_Test" name="C322_ButtonHover" time="32.723"/>
  <system-out/>
  <testcase classname="icivics_testcases.Icivics_EducatorRegistration_Test" name="C323_Verifyallbuttonlinks" time="193.657"/>
  <system-out/>
  <testcase classname="icivics_testcases.Icivics_EducatorRegistration_Test" name="C324_WindowResize" time="17.969"/>
  <system-out/>
  <testcase classname="icivics_testcases.Icivics_EducatorRegistration_Test" name="C325_Verifyerrormsg" time="10.990"/>
  <system-out/>
  <testcase classname="icivics_testcases.Icivics_EducatorRegistration_Test" name="C326_Verifybreadcrumbs" time="10.820"/>
  <system-out/>
</testsuite> <!-- icivics_testcases.Icivics_EducatorRegistration_Test -->
