<?xml version="1.0" encoding="UTF-8"?>
<!-- Generated by org.testng.reporters.JUnitReportReporter -->
<testsuite hostname="AMX-RL-20-457-W" failures="0" tests="1" name="icivics_testcases.Icivics_HomepageHeaderAbout_Test" time="35.897" errors="0" timestamp="2022-06-15T14:24:26 IST" skipped="0">
  <testcase classname="icivics_testcases.Icivics_HomepageHeaderAbout_Test" name="C27_Verifyclickaboutbuttonagain" time="35.897"/>
  <system-out/>
</testsuite> <!-- icivics_testcases.Icivics_HomepageHeaderAbout_Test -->
