<?xml version="1.0" encoding="UTF-8"?>
<!-- Generated by org.testng.reporters.JUnitReportReporter -->
<testsuite skipped="0" hostname="AMX-RL-20-348-W" name="icivics_testcases.EducatorRegistration4_Test" tests="14" failures="0" timestamp="2022-07-05T00:03:25 IST" time="387.216" errors="0">
  <testcase name="C358_verifybreadcrumbspage4" time="28.450" classname="icivics_testcases.EducatorRegistration4_Test"/>
  <system-out/>
  <testcase name="C359_verifypreviouspage" time="28.469" classname="icivics_testcases.EducatorRegistration4_Test"/>
  <system-out/>
  <testcase name="C360_verifyalldataremembered" time="26.385" classname="icivics_testcases.EducatorRegistration4_Test"/>
  <system-out/>
  <testcase name="C361_verifyallpage3fields" time="24.948" classname="icivics_testcases.EducatorRegistration4_Test"/>
  <system-out/>
  <testcase name="C362_verifySignUpischecked" time="23.863" classname="icivics_testcases.EducatorRegistration4_Test"/>
  <system-out/>
  <testcase name="C363_verifyallpage4fields" time="38.781" classname="icivics_testcases.EducatorRegistration4_Test"/>
  <system-out/>
  <testcase name="C364_verifyallfieldasterisk" time="25.163" classname="icivics_testcases.EducatorRegistration4_Test"/>
  <system-out/>
  <testcase name="C365_verifypasswordtooltips" time="25.826" classname="icivics_testcases.EducatorRegistration4_Test"/>
  <system-out/>
  <testcase name="C366_verifypasswordstrengthIndicator" time="25.745" classname="icivics_testcases.EducatorRegistration4_Test"/>
  <system-out/>
  <testcase name="C367_verifypasswordIndicatormatch" time="25.831" classname="icivics_testcases.EducatorRegistration4_Test"/>
  <system-out/>
  <testcase name="C368_verifyallfieldswithinvaliddata" time="28.011" classname="icivics_testcases.EducatorRegistration4_Test"/>
  <system-out/>
  <testcase name="C369_verifyallfieldswithblankdata" time="26.789" classname="icivics_testcases.EducatorRegistration4_Test"/>
  <system-out/>
  <testcase name="C370_verifyallfieldswithblankandinvaliddata" time="27.412" classname="icivics_testcases.EducatorRegistration4_Test"/>
  <system-out/>
  <testcase name="C371_verifyvalidsubmission" time="31.543" classname="icivics_testcases.EducatorRegistration4_Test"/>
  <system-out/>
</testsuite> <!-- icivics_testcases.EducatorRegistration4_Test -->
