<?xml version="1.0" encoding="UTF-8"?>
<!-- Generated by org.testng.reporters.JUnitReportReporter -->
<testsuite hostname="AMX-RL-20-457-W" failures="0" tests="10" name="icivics_testcases.Icivics_EducatorRegistration2_Test" time="181.703" errors="0" timestamp="2022-06-07T21:46:33 IST" skipped="0">
  <testcase classname="icivics_testcases.Icivics_EducatorRegistration2_Test" name="C338_verifybreadcrumbspage1" time="10.193"/>
  <system-out/>
  <testcase classname="icivics_testcases.Icivics_EducatorRegistration2_Test" name="C339_verifypreviouspage" time="12.835"/>
  <system-out/>
  <testcase classname="icivics_testcases.Icivics_EducatorRegistration2_Test" name="C340_verifyalldataremembered" time="13.043"/>
  <system-out/>
  <testcase classname="icivics_testcases.Icivics_EducatorRegistration2_Test" name="C341_verifyRoleandGradeLevel" time="19.532"/>
  <system-out/>
  <testcase classname="icivics_testcases.Icivics_EducatorRegistration2_Test" name="C342_verifymakeselection" time="19.857"/>
  <system-out/>
  <testcase classname="icivics_testcases.Icivics_EducatorRegistration2_Test" name="C343_verifyotheradditionalfield" time="12.752"/>
  <system-out/>
  <testcase classname="icivics_testcases.Icivics_EducatorRegistration2_Test" name="C344_verifyasterisk" time="9.068"/>
  <system-out/>
  <testcase classname="icivics_testcases.Icivics_EducatorRegistration2_Test" name="C345_verifyblankerrormsg" time="46.256"/>
  <system-out/>
  <testcase classname="icivics_testcases.Icivics_EducatorRegistration2_Test" name="C346_verifyerrormsgboxcolor" time="12.906"/>
  <system-out/>
  <testcase classname="icivics_testcases.Icivics_EducatorRegistration2_Test" name="C347_verifyvalidsubmission" time="25.261"/>
  <system-out/>
</testsuite> <!-- icivics_testcases.Icivics_EducatorRegistration2_Test -->
