<?xml version="1.0" encoding="UTF-8"?>
<!-- Generated by org.testng.reporters.JUnitReportReporter -->
<testsuite skipped="0" hostname="AMX-RL-20-348-W" name="icivics_testcases.EducatorRegistration5_Test" tests="6" failures="0" timestamp="2022-07-05T00:03:25 IST" time="164.739" errors="0">
  <testcase name="C372_verifybreadcrumbspage5" time="25.199" classname="icivics_testcases.EducatorRegistration5_Test"/>
  <system-out/>
  <testcase name="C373_verifywelcomemessage" time="25.711" classname="icivics_testcases.EducatorRegistration5_Test"/>
  <system-out/>
  <testcase name="C374_verifyconfirmationemail" time="25.226" classname="icivics_testcases.EducatorRegistration5_Test"/>
  <system-out/>
  <testcase name="C375_verifyconfirmationemail" time="25.248" classname="icivics_testcases.EducatorRegistration5_Test"/>
  <system-out/>
  <testcase name="C376_verifyresendbutton" time="31.465" classname="icivics_testcases.EducatorRegistration5_Test"/>
  <system-out/>
  <testcase name="C377_verifynotification" time="31.890" classname="icivics_testcases.EducatorRegistration5_Test"/>
  <system-out/>
</testsuite> <!-- icivics_testcases.EducatorRegistration5_Test -->
