<?xml version="1.0" encoding="UTF-8"?>
<!-- Generated by org.testng.reporters.JUnitReportReporter -->
<testsuite hostname="AMX-RL-20-457-W" failures="0" tests="13" name="icivics_testcases.Icivics_StudentRegistration2classcode_Test" time="299.231" errors="0" timestamp="2022-06-08T21:34:33 IST" skipped="0">
  <testcase classname="icivics_testcases.Icivics_StudentRegistration2classcode_Test" name="C398_verifypagecount2" time="17.448"/>
  <system-out/>
  <testcase classname="icivics_testcases.Icivics_StudentRegistration2classcode_Test" name="C399_Clickbackbutton" time="20.167"/>
  <system-out/>
  <testcase classname="icivics_testcases.Icivics_StudentRegistration2classcode_Test" name="C400_verifyfieldsisremembered" time="21.016"/>
  <system-out/>
  <testcase classname="icivics_testcases.Icivics_StudentRegistration2classcode_Test" name="C403_clickontermsofuselink" time="32.395"/>
  <system-out/>
  <testcase classname="icivics_testcases.Icivics_StudentRegistration2classcode_Test" name="C404_clickprivacypolicy" time="23.185"/>
  <system-out/>
  <testcase classname="icivics_testcases.Icivics_StudentRegistration2classcode_Test" name="C405_verifypage2SignUpforEmailsfield" time="17.504"/>
  <system-out/>
  <testcase classname="icivics_testcases.Icivics_StudentRegistration2classcode_Test" name="C408_hoveronpwdfield" time="19.559"/>
  <system-out/>
  <testcase classname="icivics_testcases.Icivics_StudentRegistration2classcode_Test" name="C409_VerifyPasswordstrengthmeter" time="20.597"/>
  <system-out/>
  <testcase classname="icivics_testcases.Icivics_StudentRegistration2classcode_Test" name="C410_VerifyPasswordindicatormatch" time="23.394"/>
  <system-out/>
  <testcase classname="icivics_testcases.Icivics_StudentRegistration2classcode_Test" name="C412_verifyenterinvaliddata" time="28.761"/>
  <system-out/>
  <testcase classname="icivics_testcases.Icivics_StudentRegistration2classcode_Test" name="C412_verifytermsofuseandprivacycheckbox" time="21.479"/>
  <system-out/>
  <testcase classname="icivics_testcases.Icivics_StudentRegistration2classcode_Test" name="C413_verifyblankerrormsg" time="24.291"/>
  <system-out/>
  <testcase classname="icivics_testcases.Icivics_StudentRegistration2classcode_Test" name="C414_verifypage3loaded" time="29.435"/>
  <system-out/>
</testsuite> <!-- icivics_testcases.Icivics_StudentRegistration2classcode_Test -->
