<?xml version="1.0" encoding="UTF-8"?>
<!-- Generated by org.testng.reporters.JUnitReportReporter -->
<testsuite hostname="AMX-RL-20-457-W" failures="0" tests="1" name="icivics_testcases.Icivics_HomepageHeader_Test" time="35.759" errors="0" timestamp="2022-06-29T13:49:21 IST" skipped="0">
  <testcase classname="icivics_testcases.Icivics_HomepageHeader_Test" name="C2_VerifyHeaderbuttonforanonymoususer" time="35.759"/>
  <system-out/>
</testsuite> <!-- icivics_testcases.Icivics_HomepageHeader_Test -->
