<?xml version="1.0" encoding="UTF-8"?>
<!-- Generated by org.testng.reporters.JUnitReportReporter -->
<testsuite hostname="AMX-RL-20-608-W" failures="0" tests="10" name="icivics_testcases.Icivics_EducatorRegistration2_Test" time="348.544" errors="0" timestamp="2022-05-17T19:59:49 IST" skipped="0">
  <testcase classname="icivics_testcases.Icivics_EducatorRegistration2_Test" name="C338_verifybreadcrumbspage1" time="32.346"/>
  <system-out/>
  <testcase classname="icivics_testcases.Icivics_EducatorRegistration2_Test" name="C339_verifypreviouspage" time="25.470"/>
  <system-out/>
  <testcase classname="icivics_testcases.Icivics_EducatorRegistration2_Test" name="C340_verifyalldataremembered" time="26.339"/>
  <system-out/>
  <testcase classname="icivics_testcases.Icivics_EducatorRegistration2_Test" name="C341_verifyRoleandGradeLevel" time="46.779"/>
  <system-out/>
  <testcase classname="icivics_testcases.Icivics_EducatorRegistration2_Test" name="C342_verifymakeselection" time="38.308"/>
  <system-out/>
  <testcase classname="icivics_testcases.Icivics_EducatorRegistration2_Test" name="C343_verifyotheradditionalfield" time="26.011"/>
  <system-out/>
  <testcase classname="icivics_testcases.Icivics_EducatorRegistration2_Test" name="C344_verifyasterisk" time="22.603"/>
  <system-out/>
  <testcase classname="icivics_testcases.Icivics_EducatorRegistration2_Test" name="C345_verifyblankerrormsg" time="61.684"/>
  <system-out/>
  <testcase classname="icivics_testcases.Icivics_EducatorRegistration2_Test" name="C346_verifyerrormsgboxcolor" time="23.937"/>
  <system-out/>
  <testcase classname="icivics_testcases.Icivics_EducatorRegistration2_Test" name="C347_verifyvalidsubmission" time="45.067"/>
  <system-out/>
</testsuite> <!-- icivics_testcases.Icivics_EducatorRegistration2_Test -->
