<?xml version="1.0" encoding="UTF-8"?>
<!-- Generated by org.testng.reporters.JUnitReportReporter -->
<testsuite hostname="AMX-RL-20-457-W" failures="0" tests="4" name="icivics_testcases.Icivics_HomepageHeader_Test" time="129.699" errors="0" timestamp="2022-06-14T17:33:37 IST" skipped="0">
  <testcase classname="icivics_testcases.Icivics_HomepageHeader_Test" name="C1_VerifyLogo" time="17.081"/>
  <system-out/>
  <testcase classname="icivics_testcases.Icivics_HomepageHeader_Test" name="C2_VerifyHeaderbuttonforauthenticateduser" time="37.328"/>
  <system-out/>
  <testcase classname="icivics_testcases.Icivics_HomepageHeader_Test" name="C2_VerifyHeaderbuttonforanonymoususer" time="30.585"/>
  <system-out/>
  <testcase classname="icivics_testcases.Icivics_HomepageHeader_Test" name="C1538_Verifydonationpopup" time="44.705"/>
  <system-out/>
</testsuite> <!-- icivics_testcases.Icivics_HomepageHeader_Test -->
