<?xml version="1.0" encoding="UTF-8"?>
<!-- Generated by org.testng.reporters.JUnitReportReporter -->
<testsuite hostname="AMX-RL-20-457-W" failures="0" tests="1" name="icivics_testcases.Icivicvs_HomepageHeaderteach2_Test" time="70.956" errors="0" timestamp="2022-06-27T22:39:35 IST" skipped="0">
  <testcase classname="icivics_testcases.Icivicvs_HomepageHeaderteach2_Test" name="C19_Verifyteachsubmenu" time="70.956"/>
  <system-out/>
</testsuite> <!-- icivics_testcases.Icivicvs_HomepageHeaderteach2_Test -->
