<?xml version="1.0" encoding="UTF-8"?>
<!-- Generated by org.testng.reporters.JUnitReportReporter -->
<testsuite hostname="AMX-RL-20-457-W" failures="0" tests="1" name="icivics_testcases.Icivicvs_HomepageHeaderteach2_Test" time="79.561" errors="0" timestamp="2022-06-27T21:15:01 IST" skipped="0">
  <testcase classname="icivics_testcases.Icivicvs_HomepageHeaderteach2_Test" name="C19_Verifyteachsubmenu" time="79.561"/>
  <system-out/>
</testsuite> <!-- icivics_testcases.Icivicvs_HomepageHeaderteach2_Test -->
