<?xml version="1.0" encoding="UTF-8"?>
<!-- Generated by org.testng.reporters.JUnitReportReporter -->
<testsuite hostname="AMX-RL-20-457-W" failures="0" tests="1" name="icivics_testcases.Icivics_HomepageTeacherHeader_Test" time="61.249" errors="0" timestamp="2022-06-03T15:24:17 IST" skipped="0">
  <testcase classname="icivics_testcases.Icivics_HomepageTeacherHeader_Test" name="C7_verifyresizeheaderintohamburger" time="61.249"/>
  <system-out/>
</testsuite> <!-- icivics_testcases.Icivics_HomepageTeacherHeader_Test -->
