<?xml version="1.0" encoding="UTF-8"?>
<!-- Generated by org.testng.reporters.JUnitReportReporter -->
<testsuite hostname="AMX-RL-20-457-W" failures="0" tests="1" name="icivics_testcases.Icivics_HomepageHeaderTeach_Test" time="9.042" errors="0" timestamp="2022-06-30T13:40:42 IST" skipped="0">
  <testcase classname="icivics_testcases.Icivics_HomepageHeaderTeach_Test" name="C20_verifyclickteachbuttonagain" time="9.042"/>
  <system-out/>
</testsuite> <!-- icivics_testcases.Icivics_HomepageHeaderTeach_Test -->
