<?xml version="1.0" encoding="UTF-8"?>
<!-- Generated by org.testng.reporters.JUnitReportReporter -->
<testsuite skipped="0" hostname="AMX-RL-20-348-W" name="icivics_testcases.EducatorRegistration3_Test" tests="8" failures="0" timestamp="2022-07-05T00:03:25 IST" time="199.188" errors="1">
  <testcase name="C348_verifybreadcrumbspage3" time="18.427" classname="icivics_testcases.EducatorRegistration3_Test"/>
  <system-out/>
  <testcase name="C349_verifypreviouspage" time="21.593" classname="icivics_testcases.EducatorRegistration3_Test"/>
  <system-out/>
  <testcase name="C350_verifyalldataremembered" time="18.799" classname="icivics_testcases.EducatorRegistration3_Test">
    <error type="java.lang.NullPointerException">
      <![CDATA[java.lang.NullPointerException
at icivics_pages.EducatorRegistration3.verifygradelevelremembered(EducatorRegistration3.java:153)
at icivics_testcases.EducatorRegistration3_Test.C350_verifyalldataremembered(EducatorRegistration3_Test.java:42)
at sun.reflect.NativeMethodAccessorImpl.invoke0(Native Method)
at sun.reflect.NativeMethodAccessorImpl.invoke(Unknown Source)
at sun.reflect.DelegatingMethodAccessorImpl.invoke(Unknown Source)
at java.lang.reflect.Method.invoke(Unknown Source)
at org.testng.internal.MethodInvocationHelper.invokeMethod(MethodInvocationHelper.java:133)
at org.testng.internal.TestInvoker.invokeMethod(TestInvoker.java:598)
at org.testng.internal.TestInvoker.invokeTestMethod(TestInvoker.java:173)
at org.testng.internal.MethodRunner.runInSequence(MethodRunner.java:46)
at org.testng.internal.TestInvoker$MethodInvocationAgent.invoke(TestInvoker.java:824)
at org.testng.internal.TestInvoker.invokeTestMethods(TestInvoker.java:146)
at org.testng.internal.TestMethodWorker.invokeTestMethods(TestMethodWorker.java:146)
at org.testng.internal.TestMethodWorker.run(TestMethodWorker.java:128)
at java.util.concurrent.ThreadPoolExecutor.runWorker(Unknown Source)
at java.util.concurrent.ThreadPoolExecutor$Worker.run(Unknown Source)
at java.lang.Thread.run(Unknown Source)
]]>
    </error>
  </testcase> <!-- C350_verifyalldataremembered -->
  <system-out/>
  <testcase name="C351_verifyallpage3fields" time="32.459" classname="icivics_testcases.EducatorRegistration3_Test"/>
  <system-out/>
  <testcase name="C352_verifyallfieldsallowtoentertextandmakeselection" time="42.339" classname="icivics_testcases.EducatorRegistration3_Test"/>
  <system-out/>
  <testcase name="C354_verifyallfieldswithinvaliddata" time="22.020" classname="icivics_testcases.EducatorRegistration3_Test"/>
  <system-out/>
  <testcase name="C355_verifyallfieldswithblankfield" time="18.274" classname="icivics_testcases.EducatorRegistration3_Test"/>
  <system-out/>
  <testcase name="C357_verifyvalidsubmission" time="25.277" classname="icivics_testcases.EducatorRegistration3_Test"/>
  <system-out/>
</testsuite> <!-- icivics_testcases.EducatorRegistration3_Test -->
