<?xml version="1.0" encoding="UTF-8"?>
<!-- Generated by org.testng.reporters.JUnitReportReporter -->
<testsuite hostname="AMX-RL-20-457-W" failures="0" tests="6" name="icivics_testcases.Icivics_StudentRegistration3classcode_Test" time="199.740" errors="0" timestamp="2022-06-07T21:46:33 IST" skipped="0">
  <testcase classname="icivics_testcases.Icivics_StudentRegistration3classcode_Test" name="C454_verifypagecount3" time="28.461"/>
  <system-out/>
  <testcase classname="icivics_testcases.Icivics_StudentRegistration3classcode_Test" name="C455_verifyusernamegenerateddisplay" time="31.597"/>
  <system-out/>
  <testcase classname="icivics_testcases.Icivics_StudentRegistration3classcode_Test" name="C456_verifyusernametextddisplay" time="29.763"/>
  <system-out/>
  <testcase classname="icivics_testcases.Icivics_StudentRegistration3classcode_Test" name="C457_verifyemailddisplay" time="30.830"/>
  <system-out/>
  <testcase classname="icivics_testcases.Icivics_StudentRegistration3classcode_Test" name="C458_verifyemailtextddisplay" time="28.479"/>
  <system-out/>
  <testcase classname="icivics_testcases.Icivics_StudentRegistration3classcode_Test" name="C459_clickcontinuetomyassignmentbutton" time="50.610"/>
  <system-out/>
</testsuite> <!-- icivics_testcases.Icivics_StudentRegistration3classcode_Test -->
