<?xml version="1.0" encoding="UTF-8"?>
<!-- Generated by org.testng.reporters.JUnitReportReporter -->
<testsuite skipped="0" hostname="AMX-RL-20-348-W" name="icivics_testcases.StudentRegistration2classcode_Test" tests="13" failures="0" timestamp="2022-07-04T23:16:38 IST" time="239.036" errors="1">
  <testcase name="C398_verifypagecount2" time="11.352" classname="icivics_testcases.StudentRegistration2classcode_Test"/>
  <system-out/>
  <testcase name="C399_Clickbackbutton" time="17.748" classname="icivics_testcases.StudentRegistration2classcode_Test"/>
  <system-out/>
  <testcase name="C400_verifyfieldsisremembered" time="15.105" classname="icivics_testcases.StudentRegistration2classcode_Test"/>
  <system-out/>
  <testcase name="C403_clickontermsofuselink" time="28.411" classname="icivics_testcases.StudentRegistration2classcode_Test"/>
  <system-out/>
  <testcase name="C404_clickprivacypolicy" time="22.073" classname="icivics_testcases.StudentRegistration2classcode_Test"/>
  <system-out/>
  <testcase name="C405_verifypage2SignUpforEmailsfield" time="15.094" classname="icivics_testcases.StudentRegistration2classcode_Test"/>
  <system-out/>
  <testcase name="C408_hoveronpwdfield" time="18.240" classname="icivics_testcases.StudentRegistration2classcode_Test"/>
  <system-out/>
  <testcase name="C409_VerifyPasswordstrengthmeter" time="17.280" classname="icivics_testcases.StudentRegistration2classcode_Test"/>
  <system-out/>
  <testcase name="C410_VerifyPasswordindicatormatch" time="15.306" classname="icivics_testcases.StudentRegistration2classcode_Test">
    <error type="java.lang.NullPointerException">
      <![CDATA[java.lang.NullPointerException
at icivics_pages.StudentReg2classcode.VerifyPasswordindicatormatch(StudentReg2classcode.java:310)
at icivics_testcases.StudentRegistration2classcode_Test.C410_VerifyPasswordindicatormatch(StudentRegistration2classcode_Test.java:113)
at sun.reflect.NativeMethodAccessorImpl.invoke0(Native Method)
at sun.reflect.NativeMethodAccessorImpl.invoke(Unknown Source)
at sun.reflect.DelegatingMethodAccessorImpl.invoke(Unknown Source)
at java.lang.reflect.Method.invoke(Unknown Source)
at org.testng.internal.MethodInvocationHelper.invokeMethod(MethodInvocationHelper.java:133)
at org.testng.internal.TestInvoker.invokeMethod(TestInvoker.java:598)
at org.testng.internal.TestInvoker.invokeTestMethod(TestInvoker.java:173)
at org.testng.internal.MethodRunner.runInSequence(MethodRunner.java:46)
at org.testng.internal.TestInvoker$MethodInvocationAgent.invoke(TestInvoker.java:824)
at org.testng.internal.TestInvoker.invokeTestMethods(TestInvoker.java:146)
at org.testng.internal.TestMethodWorker.invokeTestMethods(TestMethodWorker.java:146)
at org.testng.internal.TestMethodWorker.run(TestMethodWorker.java:128)
at java.util.ArrayList.forEach(Unknown Source)
at org.testng.TestRunner.privateRun(TestRunner.java:794)
at org.testng.TestRunner.run(TestRunner.java:596)
at org.testng.SuiteRunner.runTest(SuiteRunner.java:377)
at org.testng.SuiteRunner.runSequentially(SuiteRunner.java:371)
at org.testng.SuiteRunner.privateRun(SuiteRunner.java:332)
at org.testng.SuiteRunner.run(SuiteRunner.java:276)
at org.testng.SuiteRunnerWorker.runSuite(SuiteRunnerWorker.java:53)
at org.testng.SuiteRunnerWorker.run(SuiteRunnerWorker.java:96)
at org.testng.TestNG.runSuitesSequentially(TestNG.java:1212)
at org.testng.TestNG.runSuitesLocally(TestNG.java:1134)
at org.testng.TestNG.runSuites(TestNG.java:1063)
at org.testng.TestNG.run(TestNG.java:1031)
at org.testng.remote.AbstractRemoteTestNG.run(AbstractRemoteTestNG.java:115)
at org.testng.remote.RemoteTestNG.initAndRun(RemoteTestNG.java:251)
at org.testng.remote.RemoteTestNG.main(RemoteTestNG.java:77)
]]>
    </error>
  </testcase> <!-- C410_VerifyPasswordindicatormatch -->
  <system-out/>
  <testcase name="C412_verifyenterinvaliddata" time="22.922" classname="icivics_testcases.StudentRegistration2classcode_Test"/>
  <system-out/>
  <testcase name="C412_verifytermsofuseandprivacycheckbox" time="15.123" classname="icivics_testcases.StudentRegistration2classcode_Test"/>
  <system-out/>
  <testcase name="C413_verifyblankerrormsg" time="19.743" classname="icivics_testcases.StudentRegistration2classcode_Test"/>
  <system-out/>
  <testcase name="C414_verifypage3loaded" time="20.639" classname="icivics_testcases.StudentRegistration2classcode_Test"/>
  <system-out/>
</testsuite> <!-- icivics_testcases.StudentRegistration2classcode_Test -->
