<?xml version="1.0" encoding="UTF-8"?>
<!-- Generated by org.testng.reporters.JUnitReportReporter -->
<testsuite hostname="AMX-RL-20-457-W" failures="0" tests="5" name="icivics_testcases.Icivics_HomepageHeaderplay_Test" time="843.415" errors="0" timestamp="2022-06-27T22:39:35 IST" skipped="0">
  <testcase classname="icivics_testcases.Icivics_HomepageHeaderplay_Test" name="C8_Verifyplaysubmenu" time="8.109"/>
  <system-out/>
  <testcase classname="icivics_testcases.Icivics_HomepageHeaderplay_Test" name="C9_Verifyplaybuttonlist" time="39.614"/>
  <system-out/>
  <testcase classname="icivics_testcases.Icivics_HomepageHeaderplay_Test" name="C10_Verifyplaybuttonelements" time="443.197"/>
  <system-out/>
  <testcase classname="icivics_testcases.Icivics_HomepageHeaderplay_Test" name="C12_Verifypageisunderlined" time="341.687"/>
  <system-out/>
  <testcase classname="icivics_testcases.Icivics_HomepageHeaderplay_Test" name="C13_Verifyclickonplaybuttonagain" time="10.808"/>
  <system-out/>
</testsuite> <!-- icivics_testcases.Icivics_HomepageHeaderplay_Test -->
