<?xml version="1.0" encoding="UTF-8"?>
<!-- Generated by org.testng.reporters.JUnitReportReporter -->
<testsuite hostname="AMX-RL-20-457-W" failures="0" tests="1" name="icivics_testcases.Icivics_HomepageHeaderAbout_Test" time="176.407" errors="0" timestamp="2022-06-29T16:50:16 IST" skipped="0">
  <testcase classname="icivics_testcases.Icivics_HomepageHeaderAbout_Test" name="C24_VerifysubmenuElement" time="176.407"/>
  <system-out/>
</testsuite> <!-- icivics_testcases.Icivics_HomepageHeaderAbout_Test -->
