<?xml version="1.0" encoding="UTF-8"?>
<!-- Generated by org.testng.reporters.JUnitReportReporter -->
<testsuite hostname="AMX-RL-20-457-W" failures="0" tests="4" name="icivics_testcases.Icivics_HomepageHeaderAbout_Test" time="264.698" errors="0" timestamp="2022-06-27T16:52:28 IST" skipped="0">
  <testcase classname="icivics_testcases.Icivics_HomepageHeaderAbout_Test" name="C22_Verifyaboutsubmenu" time="58.374"/>
  <system-out/>
  <testcase classname="icivics_testcases.Icivics_HomepageHeaderAbout_Test" name="C23_Verifysubmenucount" time="30.750"/>
  <system-out/>
  <testcase classname="icivics_testcases.Icivics_HomepageHeaderAbout_Test" name="C24_VerifysubmenuElement" time="143.019"/>
  <system-out/>
  <testcase classname="icivics_testcases.Icivics_HomepageHeaderAbout_Test" name="C27_Verifyclickaboutbuttonagain" time="32.555"/>
  <system-out/>
</testsuite> <!-- icivics_testcases.Icivics_HomepageHeaderAbout_Test -->
