<?xml version="1.0" encoding="UTF-8"?>
<!-- Generated by org.testng.reporters.JUnitReportReporter -->
<testsuite hostname="AMX-RL-20-457-W" failures="0" tests="4" name="icivics_testcases.Icivics_HomepageHeaderAbout_Test" time="241.754" errors="0" timestamp="2022-06-27T22:39:35 IST" skipped="0">
  <testcase classname="icivics_testcases.Icivics_HomepageHeaderAbout_Test" name="C22_Verifyaboutsubmenu" time="55.497"/>
  <system-out/>
  <testcase classname="icivics_testcases.Icivics_HomepageHeaderAbout_Test" name="C23_Verifysubmenucount" time="8.635"/>
  <system-out/>
  <testcase classname="icivics_testcases.Icivics_HomepageHeaderAbout_Test" name="C24_VerifysubmenuElement" time="144.138"/>
  <system-out/>
  <testcase classname="icivics_testcases.Icivics_HomepageHeaderAbout_Test" name="C27_Verifyclickaboutbuttonagain" time="33.484"/>
  <system-out/>
</testsuite> <!-- icivics_testcases.Icivics_HomepageHeaderAbout_Test -->
