<?xml version="1.0" encoding="UTF-8"?>
<!-- Generated by org.testng.reporters.JUnitReportReporter -->
<testsuite hostname="AMX-RL-20-457-W" failures="0" tests="4" name="icivics_testcases.Icivics_HomepageHeaderTeach_Test" time="106.064" errors="0" timestamp="2022-06-27T17:16:21 IST" skipped="0">
  <testcase classname="icivics_testcases.Icivics_HomepageHeaderTeach_Test" name="C15_Verifyteachsubmenu" time="7.546"/>
  <system-out/>
  <testcase classname="icivics_testcases.Icivics_HomepageHeaderTeach_Test" name="C16_Verifysubmenucount" time="7.196"/>
  <system-out/>
  <testcase classname="icivics_testcases.Icivics_HomepageHeaderTeach_Test" name="C17_Verifyteachbuttonelements" time="85.224"/>
  <system-out/>
  <testcase classname="icivics_testcases.Icivics_HomepageHeaderTeach_Test" name="C20_verifyclickteachbuttonagain" time="6.098"/>
  <system-out/>
</testsuite> <!-- icivics_testcases.Icivics_HomepageHeaderTeach_Test -->
