<?xml version="1.0" encoding="UTF-8"?>
<!-- Generated by org.testng.reporters.JUnitReportReporter -->
<testsuite skipped="0" hostname="AMX-RL-20-348-W" name="icivics_testcases.StudentRegistration2Email_Test" tests="13" failures="0" timestamp="2022-07-04T23:16:38 IST" time="211.241" errors="0">
  <testcase name="C398_verifypagecount2" time="10.080" classname="icivics_testcases.StudentRegistration2Email_Test"/>
  <system-out/>
  <testcase name="C399_Clickbackbutton" time="15.856" classname="icivics_testcases.StudentRegistration2Email_Test"/>
  <system-out/>
  <testcase name="C400_verifyfieldsisremembered" time="18.632" classname="icivics_testcases.StudentRegistration2Email_Test"/>
  <system-out/>
  <testcase name="C403_clickontermsofuselink" time="34.030" classname="icivics_testcases.StudentRegistration2Email_Test"/>
  <system-out/>
  <testcase name="C404_clickprivacypolicy" time="20.969" classname="icivics_testcases.StudentRegistration2Email_Test"/>
  <system-out/>
  <testcase name="C405_verifypage2SignUpforEmailsfield" time="10.138" classname="icivics_testcases.StudentRegistration2Email_Test"/>
  <system-out/>
  <testcase name="C408_hoveronpwdfield" time="10.242" classname="icivics_testcases.StudentRegistration2Email_Test"/>
  <system-out/>
  <testcase name="C409_VerifyPasswordstrengthmeter" time="13.096" classname="icivics_testcases.StudentRegistration2Email_Test"/>
  <system-out/>
  <testcase name="C410_VerifyPasswordindicatormatch" time="10.584" classname="icivics_testcases.StudentRegistration2Email_Test"/>
  <system-out/>
  <testcase name="C412_verifyenterinvaliddata" time="15.724" classname="icivics_testcases.StudentRegistration2Email_Test"/>
  <system-out/>
  <testcase name="C412_verifytermsofuseandprivacycheckbox" time="14.738" classname="icivics_testcases.StudentRegistration2Email_Test"/>
  <system-out/>
  <testcase name="C413_verifyblankerrormsg" time="17.642" classname="icivics_testcases.StudentRegistration2Email_Test"/>
  <system-out/>
  <testcase name="C414_verifypage3loaded" time="19.510" classname="icivics_testcases.StudentRegistration2Email_Test"/>
  <system-out/>
</testsuite> <!-- icivics_testcases.StudentRegistration2Email_Test -->
