<?xml version="1.0" encoding="UTF-8"?>
<!-- Generated by org.testng.reporters.JUnitReportReporter -->
<testsuite hostname="AMX-RL-20-457-W" failures="0" tests="6" name="icivics_testcases.Icivics_EducatorRegistration_Test" time="659.229" errors="0" timestamp="2022-06-16T23:19:10 IST" skipped="0">
  <testcase classname="icivics_testcases.Icivics_EducatorRegistration_Test" name="C321_VerifyallpageElements" time="21.594"/>
  <system-out/>
  <testcase classname="icivics_testcases.Icivics_EducatorRegistration_Test" name="C322_ButtonHover" time="29.360"/>
  <system-out/>
  <testcase classname="icivics_testcases.Icivics_EducatorRegistration_Test" name="C323_Verifyallbuttonlinks" time="575.732"/>
  <system-out/>
  <testcase classname="icivics_testcases.Icivics_EducatorRegistration_Test" name="C324_WindowResize" time="16.123"/>
  <system-out/>
  <testcase classname="icivics_testcases.Icivics_EducatorRegistration_Test" name="C325_Verifyerrormsg" time="7.927"/>
  <system-out/>
  <testcase classname="icivics_testcases.Icivics_EducatorRegistration_Test" name="C326_Verifybreadcrumbs" time="8.493"/>
  <system-out/>
</testsuite> <!-- icivics_testcases.Icivics_EducatorRegistration_Test -->
