<?xml version="1.0" encoding="UTF-8"?>
<!-- Generated by org.testng.reporters.JUnitReportReporter -->
<testsuite hostname="AMX-RL-20-457-W" failures="0" tests="13" name="icivics_testcases.Icivics_StudentRegistration2Email_Test" time="247.999" errors="0" timestamp="2022-06-08T21:34:33 IST" skipped="0">
  <testcase classname="icivics_testcases.Icivics_StudentRegistration2Email_Test" name="C398_verifypagecount2" time="14.501"/>
  <system-out/>
  <testcase classname="icivics_testcases.Icivics_StudentRegistration2Email_Test" name="C399_Clickbackbutton" time="19.911"/>
  <system-out/>
  <testcase classname="icivics_testcases.Icivics_StudentRegistration2Email_Test" name="C400_verifyfieldsisremembered" time="17.137"/>
  <system-out/>
  <testcase classname="icivics_testcases.Icivics_StudentRegistration2Email_Test" name="C403_clickontermsofuselink" time="29.871"/>
  <system-out/>
  <testcase classname="icivics_testcases.Icivics_StudentRegistration2Email_Test" name="C404_clickprivacypolicy" time="21.330"/>
  <system-out/>
  <testcase classname="icivics_testcases.Icivics_StudentRegistration2Email_Test" name="C405_verifypage2SignUpforEmailsfield" time="14.288"/>
  <system-out/>
  <testcase classname="icivics_testcases.Icivics_StudentRegistration2Email_Test" name="C408_hoveronpwdfield" time="14.365"/>
  <system-out/>
  <testcase classname="icivics_testcases.Icivics_StudentRegistration2Email_Test" name="C409_VerifyPasswordstrengthmeter" time="17.076"/>
  <system-out/>
  <testcase classname="icivics_testcases.Icivics_StudentRegistration2Email_Test" name="C410_VerifyPasswordindicatormatch" time="14.523"/>
  <system-out/>
  <testcase classname="icivics_testcases.Icivics_StudentRegistration2Email_Test" name="C412_verifyenterinvaliddata" time="21.086"/>
  <system-out/>
  <testcase classname="icivics_testcases.Icivics_StudentRegistration2Email_Test" name="C412_verifytermsofuseandprivacycheckbox" time="17.540"/>
  <system-out/>
  <testcase classname="icivics_testcases.Icivics_StudentRegistration2Email_Test" name="C413_verifyblankerrormsg" time="21.304"/>
  <system-out/>
  <testcase classname="icivics_testcases.Icivics_StudentRegistration2Email_Test" name="C414_verifypage3loaded" time="25.067"/>
  <system-out/>
</testsuite> <!-- icivics_testcases.Icivics_StudentRegistration2Email_Test -->
