<?xml version="1.0" encoding="UTF-8"?>
<!-- Generated by org.testng.reporters.JUnitReportReporter -->
<testsuite skipped="0" hostname="AMX-RL-20-348-W" name="icivics_testcases.HP_2Headerplay_Test" tests="5" failures="0" timestamp="2022-07-04T23:16:38 IST" time="435.331" errors="0">
  <testcase name="C8_Verifyplaysubmenu" time="6.849" classname="icivics_testcases.HP_2Headerplay_Test"/>
  <system-out/>
  <testcase name="C9_Verifyplaybuttonlist" time="9.542" classname="icivics_testcases.HP_2Headerplay_Test"/>
  <system-out/>
  <testcase name="C10_Verifyplaybuttonelements" time="131.391" classname="icivics_testcases.HP_2Headerplay_Test"/>
  <system-out/>
  <testcase name="C12_Verifypageisunderlined" time="280.322" classname="icivics_testcases.HP_2Headerplay_Test"/>
  <system-out/>
  <testcase name="C13_Verifyclickonplaybuttonagain" time="7.227" classname="icivics_testcases.HP_2Headerplay_Test"/>
  <system-out/>
</testsuite> <!-- icivics_testcases.HP_2Headerplay_Test -->
