<?xml version="1.0" encoding="UTF-8"?>
<!-- Generated by org.testng.reporters.JUnitReportReporter -->
<testsuite hostname="AMX-RL-20-457-W" failures="0" tests="1" name="icivics_testcases.Icivics_HomepageHeaderplay_Test" time="45.946" errors="0" timestamp="2022-06-16T16:12:08 IST" skipped="0">
  <testcase classname="icivics_testcases.Icivics_HomepageHeaderplay_Test" name="C12_Verifypageisunderlined" time="45.946"/>
  <system-out/>
</testsuite> <!-- icivics_testcases.Icivics_HomepageHeaderplay_Test -->
