<?xml version="1.0" encoding="UTF-8"?>
<!-- Generated by org.testng.reporters.JUnitReportReporter -->
<testsuite hostname="AMX-RL-20-608-W" failures="0" tests="10" name="icivics_testcases.Icivics_EducatorRegistration2_Test" time="197.581" errors="0" timestamp="2022-05-16T12:06:56 IST" skipped="0">
  <testcase classname="icivics_testcases.Icivics_EducatorRegistration2_Test" name="C338_verifybreadcrumbspage1" time="12.127"/>
  <system-out/>
  <testcase classname="icivics_testcases.Icivics_EducatorRegistration2_Test" name="C339_verifypreviouspage" time="14.915"/>
  <system-out/>
  <testcase classname="icivics_testcases.Icivics_EducatorRegistration2_Test" name="C340_verifyalldataremembered" time="15.536"/>
  <system-out/>
  <testcase classname="icivics_testcases.Icivics_EducatorRegistration2_Test" name="C341_verifyRoleandGradeLevel" time="22.754"/>
  <system-out/>
  <testcase classname="icivics_testcases.Icivics_EducatorRegistration2_Test" name="C342_verifymakeselection" time="22.705"/>
  <system-out/>
  <testcase classname="icivics_testcases.Icivics_EducatorRegistration2_Test" name="C343_verifyotheradditionalfield" time="15.002"/>
  <system-out/>
  <testcase classname="icivics_testcases.Icivics_EducatorRegistration2_Test" name="C344_verifyasterisk" time="11.923"/>
  <system-out/>
  <testcase classname="icivics_testcases.Icivics_EducatorRegistration2_Test" name="C345_verifyblankerrormsg" time="43.002"/>
  <system-out/>
  <testcase classname="icivics_testcases.Icivics_EducatorRegistration2_Test" name="C346_verifyerrormsgboxcolor" time="14.091"/>
  <system-out/>
  <testcase classname="icivics_testcases.Icivics_EducatorRegistration2_Test" name="C347_verifyvalidsubmission" time="25.526"/>
  <system-out/>
</testsuite> <!-- icivics_testcases.Icivics_EducatorRegistration2_Test -->
