<?xml version="1.0" encoding="UTF-8"?>
<!-- Generated by org.testng.reporters.JUnitReportReporter -->
<testsuite skipped="0" hostname="AMX-RL-20-348-W" name="icivics_testcases.HP_1Header_Test" tests="4" failures="0" timestamp="2022-07-04T23:16:38 IST" time="53.352" errors="0">
  <testcase name="C1_VerifyLogo" time="11.385" classname="icivics_testcases.HP_1Header_Test"/>
  <system-out/>
  <testcase name="C2_VerifyHeaderbuttonforanonymoususer" time="16.307" classname="icivics_testcases.HP_1Header_Test"/>
  <system-out/>
  <testcase name="C2_VerifyHeaderbuttonforauthenticateduser" time="15.686" classname="icivics_testcases.HP_1Header_Test"/>
  <system-out/>
  <testcase name="C1538_Verifydonationpopup" time="9.974" classname="icivics_testcases.HP_1Header_Test"/>
  <system-out/>
</testsuite> <!-- icivics_testcases.HP_1Header_Test -->
