<?xml version="1.0" encoding="UTF-8"?>
<!-- Generated by org.testng.reporters.JUnitReportReporter -->
<testsuite hostname="AMX-RL-20-457-W" failures="0" tests="6" name="icivics_testcases.Icivics_HomepageTeacherHeader_Test" time="652.177" errors="0" timestamp="2022-06-27T22:39:35 IST" skipped="0">
  <testcase classname="icivics_testcases.Icivics_HomepageTeacherHeader_Test" name="C3_Verifyheaderbuttonsforanonymoususer" time="56.246"/>
  <system-out/>
  <testcase classname="icivics_testcases.Icivics_HomepageTeacherHeader_Test" name="C3_Verifyheaderbuttonsforauthenticateduser" time="55.382"/>
  <system-out/>
  <testcase classname="icivics_testcases.Icivics_HomepageTeacherHeader_Test" name="C4_Verifyheaderelemets" time="212.562"/>
  <system-out/>
  <testcase classname="icivics_testcases.Icivics_HomepageTeacherHeader_Test" name="C6_Verifyheaderbuttonhoverforanonymoususer" time="113.361"/>
  <system-out/>
  <testcase classname="icivics_testcases.Icivics_HomepageTeacherHeader_Test" name="C6_verifyaheaderbuttonhoverforauthenticateduser" time="157.084"/>
  <system-out/>
  <testcase classname="icivics_testcases.Icivics_HomepageTeacherHeader_Test" name="C7_verifyresizeheaderintohamburger" time="57.542"/>
  <system-out/>
</testsuite> <!-- icivics_testcases.Icivics_HomepageTeacherHeader_Test -->
