<?xml version="1.0" encoding="UTF-8"?>
<!-- Generated by org.testng.reporters.JUnitReportReporter -->
<testsuite hostname="AMX-RL-20-457-W" failures="0" tests="13" name="icivics_testcases.Icivics_StudentRegistration2classcode_Test" time="271.634" errors="0" timestamp="2022-06-07T21:46:33 IST" skipped="0">
  <testcase classname="icivics_testcases.Icivics_StudentRegistration2classcode_Test" name="C398_verifypagecount2" time="16.525"/>
  <system-out/>
  <testcase classname="icivics_testcases.Icivics_StudentRegistration2classcode_Test" name="C399_Clickbackbutton" time="19.164"/>
  <system-out/>
  <testcase classname="icivics_testcases.Icivics_StudentRegistration2classcode_Test" name="C400_verifyfieldsisremembered" time="22.458"/>
  <system-out/>
  <testcase classname="icivics_testcases.Icivics_StudentRegistration2classcode_Test" name="C403_clickontermsofuselink" time="28.490"/>
  <system-out/>
  <testcase classname="icivics_testcases.Icivics_StudentRegistration2classcode_Test" name="C404_clickprivacypolicy" time="21.458"/>
  <system-out/>
  <testcase classname="icivics_testcases.Icivics_StudentRegistration2classcode_Test" name="C405_verifypage2SignUpforEmailsfield" time="14.597"/>
  <system-out/>
  <testcase classname="icivics_testcases.Icivics_StudentRegistration2classcode_Test" name="C408_hoveronpwdfield" time="18.027"/>
  <system-out/>
  <testcase classname="icivics_testcases.Icivics_StudentRegistration2classcode_Test" name="C409_VerifyPasswordstrengthmeter" time="17.697"/>
  <system-out/>
  <testcase classname="icivics_testcases.Icivics_StudentRegistration2classcode_Test" name="C410_VerifyPasswordindicatormatch" time="21.250"/>
  <system-out/>
  <testcase classname="icivics_testcases.Icivics_StudentRegistration2classcode_Test" name="C412_verifyenterinvaliddata" time="18.218"/>
  <system-out/>
  <testcase classname="icivics_testcases.Icivics_StudentRegistration2classcode_Test" name="C412_verifytermsofuseandprivacycheckbox" time="18.842"/>
  <system-out/>
  <testcase classname="icivics_testcases.Icivics_StudentRegistration2classcode_Test" name="C413_verifyblankerrormsg" time="22.023"/>
  <system-out/>
  <testcase classname="icivics_testcases.Icivics_StudentRegistration2classcode_Test" name="C414_verifypage3loaded" time="32.885"/>
  <system-out/>
</testsuite> <!-- icivics_testcases.Icivics_StudentRegistration2classcode_Test -->
