<?xml version="1.0" encoding="UTF-8"?>
<!-- Generated by org.testng.reporters.JUnitReportReporter -->
<testsuite hostname="AMX-RL-20-457-W" failures="0" tests="11" name="icivics_testcases.Icivics_StudentRegistration1classcode_Test" time="182.672" errors="0" timestamp="2022-06-09T18:20:32 IST" skipped="0">
  <testcase classname="icivics_testcases.Icivics_StudentRegistration1classcode_Test" name="C425_verifyemailfieldsappear" time="8.436"/>
  <system-out/>
  <testcase classname="icivics_testcases.Icivics_StudentRegistration1classcode_Test" name="C426_verifyemailtooltips" time="7.630"/>
  <system-out/>
  <testcase classname="icivics_testcases.Icivics_StudentRegistration1classcode_Test" name="C427_verifyemailfieldsdisappear" time="14.767"/>
  <system-out/>
  <testcase classname="icivics_testcases.Icivics_StudentRegistration1classcode_Test" name="C428_verifyusernamepregenerated" time="11.885"/>
  <system-out/>
  <testcase classname="icivics_testcases.Icivics_StudentRegistration1classcode_Test" name="C429_usernamegeneratedrandomly" time="17.998"/>
  <system-out/>
  <testcase classname="icivics_testcases.Icivics_StudentRegistration1classcode_Test" name="C430_verifyregistrationwithvaliddata" time="15.475"/>
  <system-out/>
  <testcase classname="icivics_testcases.Icivics_StudentRegistration1classcode_Test" name="C431_verifyAsteriks" time="8.886"/>
  <system-out/>
  <testcase classname="icivics_testcases.Icivics_StudentRegistration1classcode_Test" name="C432_verifyinvaliderrormsg" time="13.147"/>
  <system-out/>
  <testcase classname="icivics_testcases.Icivics_StudentRegistration1classcode_Test" name="C433_verifyerrormsgverifyemailblankfield" time="54.196"/>
  <system-out/>
  <testcase classname="icivics_testcases.Icivics_StudentRegistration1classcode_Test" name="C434_verifyinvaliderrormsg2" time="11.542"/>
  <system-out/>
  <testcase classname="icivics_testcases.Icivics_StudentRegistration1classcode_Test" name="C435_verifyregistrationwithvalidvalue" time="18.710"/>
  <system-out/>
</testsuite> <!-- icivics_testcases.Icivics_StudentRegistration1classcode_Test -->
