<?xml version="1.0" encoding="UTF-8"?>
<!-- Generated by org.testng.reporters.JUnitReportReporter -->
<testsuite hostname="AMX-RL-20-457-W" failures="0" tests="1" name="icivics_testcases.Icivics_StudentRegistration2Email_Test" time="18.261" errors="0" timestamp="2022-05-24T21:52:59 IST" skipped="0">
  <testcase classname="icivics_testcases.Icivics_StudentRegistration2Email_Test" name="C412_verifyenterinvaliddata" time="18.261"/>
  <system-out/>
</testsuite> <!-- icivics_testcases.Icivics_StudentRegistration2Email_Test -->
