<?xml version="1.0" encoding="UTF-8"?>
<!-- Generated by org.testng.reporters.JUnitReportReporter -->
<testsuite hostname="AMX-RL-20-457-W" failures="0" tests="1" name="icivics_testcases.Icivics_StudentRegistration3classcode_Test" time="52.155" errors="0" timestamp="2022-05-30T14:47:34 IST" skipped="0">
  <testcase classname="icivics_testcases.Icivics_StudentRegistration3classcode_Test" name="C454_verifypagecount3" time="52.155"/>
  <system-out/>
</testsuite> <!-- icivics_testcases.Icivics_StudentRegistration3classcode_Test -->
