<?xml version="1.0" encoding="UTF-8"?>
<!-- Generated by org.testng.reporters.JUnitReportReporter -->
<testsuite skipped="0" hostname="AMX-RL-20-348-W" name="icivics_testcases.EducatorRegistration2_Test" tests="10" failures="0" timestamp="2022-07-05T02:17:29 IST" time="177.704" errors="0">
  <testcase name="C338_verifybreadcrumbspage1" time="9.762" classname="icivics_testcases.EducatorRegistration2_Test"/>
  <system-out/>
  <testcase name="C339_verifypreviouspage" time="12.616" classname="icivics_testcases.EducatorRegistration2_Test"/>
  <system-out/>
  <testcase name="C340_verifyalldataremembered" time="16.045" classname="icivics_testcases.EducatorRegistration2_Test"/>
  <system-out/>
  <testcase name="C341_verifyRoleandGradeLevel" time="18.925" classname="icivics_testcases.EducatorRegistration2_Test"/>
  <system-out/>
  <testcase name="C342_verifymakeselection" time="20.129" classname="icivics_testcases.EducatorRegistration2_Test"/>
  <system-out/>
  <testcase name="C343_verifyotheradditionalfield" time="12.774" classname="icivics_testcases.EducatorRegistration2_Test"/>
  <system-out/>
  <testcase name="C344_verifyasterisk" time="8.661" classname="icivics_testcases.EducatorRegistration2_Test"/>
  <system-out/>
  <testcase name="C345_verifyblankerrormsg" time="46.624" classname="icivics_testcases.EducatorRegistration2_Test"/>
  <system-out/>
  <testcase name="C346_verifyerrormsgboxcolor" time="11.809" classname="icivics_testcases.EducatorRegistration2_Test"/>
  <system-out/>
  <testcase name="C347_verifyvalidsubmission" time="20.359" classname="icivics_testcases.EducatorRegistration2_Test"/>
  <system-out/>
</testsuite> <!-- icivics_testcases.EducatorRegistration2_Test -->
