<?xml version="1.0" encoding="UTF-8"?>
<!-- Generated by org.testng.reporters.JUnitReportReporter -->
<testsuite hostname="AMX-RL-20-457-W" failures="0" tests="4" name="icivics_testcases.Icivics_HomepageHeaderTeach_Test" time="119.059" errors="0" timestamp="2022-06-27T22:39:35 IST" skipped="0">
  <testcase classname="icivics_testcases.Icivics_HomepageHeaderTeach_Test" name="C15_Verifyteachsubmenu" time="7.326"/>
  <system-out/>
  <testcase classname="icivics_testcases.Icivics_HomepageHeaderTeach_Test" name="C16_Verifysubmenucount" time="9.991"/>
  <system-out/>
  <testcase classname="icivics_testcases.Icivics_HomepageHeaderTeach_Test" name="C17_Verifyteachbuttonelements" time="95.516"/>
  <system-out/>
  <testcase classname="icivics_testcases.Icivics_HomepageHeaderTeach_Test" name="C20_verifyclickteachbuttonagain" time="6.226"/>
  <system-out/>
</testsuite> <!-- icivics_testcases.Icivics_HomepageHeaderTeach_Test -->
