<?xml version="1.0" encoding="UTF-8"?>
<!-- Generated by org.testng.reporters.JUnitReportReporter -->
<testsuite hostname="AMX-RL-20-457-W" failures="0" tests="9" name="icivics_testcases.Icivics_HomepageHeaderSigninMisc_Test" time="119.812" errors="0" timestamp="2022-06-27T22:39:35 IST" skipped="0">
  <testcase classname="icivics_testcases.Icivics_HomepageHeaderSigninMisc_Test" name="C29_Verifydonatebutton" time="6.616"/>
  <system-out/>
  <testcase classname="icivics_testcases.Icivics_HomepageHeaderSigninMisc_Test" name="C30_Verifydonatebuttonclick" time="19.908"/>
  <system-out/>
  <testcase classname="icivics_testcases.Icivics_HomepageHeaderSigninMisc_Test" name="C31_Verifyshopbutton" time="5.497"/>
  <system-out/>
  <testcase classname="icivics_testcases.Icivics_HomepageHeaderSigninMisc_Test" name="C32_Verifyshopbuttonclick" time="9.379"/>
  <system-out/>
  <testcase classname="icivics_testcases.Icivics_HomepageHeaderSigninMisc_Test" name="C33_Verifysigninbuttonforanonymoususer" time="5.452"/>
  <system-out/>
  <testcase classname="icivics_testcases.Icivics_HomepageHeaderSigninMisc_Test" name="C37_Verifysigninbuttonsubmenu" time="7.033"/>
  <system-out/>
  <testcase classname="icivics_testcases.Icivics_HomepageHeaderSigninMisc_Test" name="C41_Verifysubmenuoptionisunderlined" time="40.521"/>
  <system-out/>
  <testcase classname="icivics_testcases.Icivics_HomepageHeaderSigninMisc_Test" name="C38_Verifysigninbuttonsubmenu" time="18.671"/>
  <system-out/>
  <testcase classname="icivics_testcases.Icivics_HomepageHeaderSigninMisc_Test" name="C42_Verifysubmenuoptionisunderlined" time="6.735"/>
  <system-out/>
</testsuite> <!-- icivics_testcases.Icivics_HomepageHeaderSigninMisc_Test -->
