<?xml version="1.0" encoding="UTF-8"?>
<!-- Generated by org.testng.reporters.JUnitReportReporter -->
<testsuite hostname="AMX-RL-20-608-W" failures="0" tests="11" name="icivics_testcases.Icivics_EducatorRegistration1_Test" time="287.180" errors="0" timestamp="2022-05-17T19:59:49 IST" skipped="0">
  <testcase classname="icivics_testcases.Icivics_EducatorRegistration1_Test" name="C327_verifybreadcrumbspage1" time="14.739"/>
  <system-out/>
  <testcase classname="icivics_testcases.Icivics_EducatorRegistration1_Test" name="C328_verifytextfields" time="23.032"/>
  <system-out/>
  <testcase classname="icivics_testcases.Icivics_EducatorRegistration1_Test" name="C329_verifyusernamepregenerated" time="18.471"/>
  <system-out/>
  <testcase classname="icivics_testcases.Icivics_EducatorRegistration1_Test" name="C330_verifyusernamepregeneratedrandomly" time="25.139"/>
  <system-out/>
  <testcase classname="icivics_testcases.Icivics_EducatorRegistration1_Test" name="C331_verifyentertextinallfields" time="18.291"/>
  <system-out/>
  <testcase classname="icivics_testcases.Icivics_EducatorRegistration1_Test" name="C332_verifyfieldsmarkedwithanasterisk" time="17.034"/>
  <system-out/>
  <testcase classname="icivics_testcases.Icivics_EducatorRegistration1_Test" name="C333_verifyemailtooltips" time="14.541"/>
  <system-out/>
  <testcase classname="icivics_testcases.Icivics_EducatorRegistration1_Test" name="C334_verifyemailerrormsg" time="28.675"/>
  <system-out/>
  <testcase classname="icivics_testcases.Icivics_EducatorRegistration1_Test" name="C335_verifyblankerrormsg" time="65.140"/>
  <system-out/>
  <testcase classname="icivics_testcases.Icivics_EducatorRegistration1_Test" name="C336_verifyinvaliderrormsg" time="26.446"/>
  <system-out/>
  <testcase classname="icivics_testcases.Icivics_EducatorRegistration1_Test" name="C337_verifyvalidregistration" time="35.672"/>
  <system-out/>
</testsuite> <!-- icivics_testcases.Icivics_EducatorRegistration1_Test -->
