<?xml version="1.0" encoding="UTF-8"?>
<!-- Generated by org.testng.reporters.JUnitReportReporter -->
<testsuite skipped="0" hostname="AMX-RL-20-348-W" name="icivics_testcases.HP_5HeaderSigninMisc_Test" tests="9" failures="0" timestamp="2022-07-04T23:16:38 IST" time="115.756" errors="0">
  <testcase name="C29_Verifydonatebutton" time="5.319" classname="icivics_testcases.HP_5HeaderSigninMisc_Test"/>
  <system-out/>
  <testcase name="C30_Verifydonatebuttonclick" time="14.263" classname="icivics_testcases.HP_5HeaderSigninMisc_Test"/>
  <system-out/>
  <testcase name="C31_Verifyshopbutton" time="5.174" classname="icivics_testcases.HP_5HeaderSigninMisc_Test"/>
  <system-out/>
  <testcase name="C32_Verifyshopbuttonclick" time="8.245" classname="icivics_testcases.HP_5HeaderSigninMisc_Test"/>
  <system-out/>
  <testcase name="C33_Verifysigninbuttonforanonymoususer" time="5.601" classname="icivics_testcases.HP_5HeaderSigninMisc_Test"/>
  <system-out/>
  <testcase name="C37_Verifysigninbuttonsubmenu" time="7.001" classname="icivics_testcases.HP_5HeaderSigninMisc_Test"/>
  <system-out/>
  <testcase name="C38_Verifysigninbuttonsubmenu" time="15.790" classname="icivics_testcases.HP_5HeaderSigninMisc_Test"/>
  <system-out/>
  <testcase name="C41_Verifysubmenuoptionisunderlined" time="47.610" classname="icivics_testcases.HP_5HeaderSigninMisc_Test"/>
  <system-out/>
  <testcase name="C42_Verifysubmenuoptionisunderlined" time="6.753" classname="icivics_testcases.HP_5HeaderSigninMisc_Test"/>
  <system-out/>
</testsuite> <!-- icivics_testcases.HP_5HeaderSigninMisc_Test -->
