<?xml version="1.0" encoding="UTF-8"?>
<!-- Generated by org.testng.reporters.JUnitReportReporter -->
<testsuite hostname="AMX-RL-20-457-W" failures="0" tests="1" name="icivics_testcases.Icivics_HomepageHeaderSigninMisc_Test" time="47.303" errors="0" timestamp="2022-06-15T21:20:06 IST" skipped="0">
  <testcase classname="icivics_testcases.Icivics_HomepageHeaderSigninMisc_Test" name="C41_Verifysubmenuoptionisunderlined" time="47.303"/>
  <system-out/>
</testsuite> <!-- icivics_testcases.Icivics_HomepageHeaderSigninMisc_Test -->
