<?xml version="1.0" encoding="UTF-8"?>
<!-- Generated by org.testng.reporters.JUnitReportReporter -->
<testsuite skipped="0" hostname="AMX-RL-20-348-W" name="icivics_testcases.EducatorRegistration1_Test" tests="11" failures="0" timestamp="2022-07-05T01:30:51 IST" time="133.557" errors="0">
  <testcase name="C327_verifybreadcrumbspage1" time="4.824" classname="icivics_testcases.EducatorRegistration1_Test"/>
  <system-out/>
  <testcase name="C328_verifytextfields" time="6.451" classname="icivics_testcases.EducatorRegistration1_Test"/>
  <system-out/>
  <testcase name="C329_verifyusernamepregenerated" time="10.629" classname="icivics_testcases.EducatorRegistration1_Test"/>
  <system-out/>
  <testcase name="C330_verifyusernamepregeneratedrandomly" time="16.716" classname="icivics_testcases.EducatorRegistration1_Test"/>
  <system-out/>
  <testcase name="C331_verifyentertextinallfields" time="6.087" classname="icivics_testcases.EducatorRegistration1_Test"/>
  <system-out/>
  <testcase name="C332_verifyfieldsmarkedwithanasterisk" time="5.328" classname="icivics_testcases.EducatorRegistration1_Test"/>
  <system-out/>
  <testcase name="C333_verifyemailtooltips" time="5.734" classname="icivics_testcases.EducatorRegistration1_Test"/>
  <system-out/>
  <testcase name="C334_verifyemailerrormsg" time="13.103" classname="icivics_testcases.EducatorRegistration1_Test"/>
  <system-out/>
  <testcase name="C335_verifyblankerrormsg" time="37.992" classname="icivics_testcases.EducatorRegistration1_Test"/>
  <system-out/>
  <testcase name="C336_verifyinvaliderrormsg" time="11.876" classname="icivics_testcases.EducatorRegistration1_Test"/>
  <system-out/>
  <testcase name="C337_verifyvalidregistration" time="14.817" classname="icivics_testcases.EducatorRegistration1_Test"/>
  <system-out/>
</testsuite> <!-- icivics_testcases.EducatorRegistration1_Test -->
