<?xml version="1.0" encoding="UTF-8"?>
<!-- Generated by org.testng.reporters.JUnitReportReporter -->
<testsuite hostname="AMX-RL-20-457-W" failures="0" tests="6" name="icivics_testcases.Icivics12_StudentRegistration3Email_Test" time="114.825" errors="0" timestamp="2022-07-02T22:38:37 IST" skipped="0">
  <testcase classname="icivics_testcases.Icivics12_StudentRegistration3Email_Test" name="C372_verifypagecount3" time="17.749"/>
  <system-out/>
  <testcase classname="icivics_testcases.Icivics12_StudentRegistration3Email_Test" name="C373_verifycheckmsgdisplay" time="17.289"/>
  <system-out/>
  <testcase classname="icivics_testcases.Icivics12_StudentRegistration3Email_Test" name="C375_verifyregisteredemaildisplay" time="17.048"/>
  <system-out/>
  <testcase classname="icivics_testcases.Icivics12_StudentRegistration3Email_Test" name="C377_verifyconfirmationemail" time="22.751"/>
  <system-out/>
  <testcase classname="icivics_testcases.Icivics12_StudentRegistration3Email_Test" name="C374_verifycheckmsgdisplay" time="17.020"/>
  <system-out/>
  <testcase classname="icivics_testcases.Icivics12_StudentRegistration3Email_Test" name="C376_verifyresendbutton" time="22.968"/>
  <system-out/>
</testsuite> <!-- icivics_testcases.Icivics12_StudentRegistration3Email_Test -->
