<?xml version="1.0" encoding="UTF-8"?>
<!-- Generated by org.testng.reporters.JUnitReportReporter -->
<testsuite hostname="AMX-RL-20-608-W" failures="0" tests="8" name="icivics_testcases.Icivics_EducatorRegistration3_Test" time="225.596" errors="0" timestamp="2022-05-16T12:06:56 IST" skipped="0">
  <testcase classname="icivics_testcases.Icivics_EducatorRegistration3_Test" name="C348_verifybreadcrumbspage3" time="19.986"/>
  <system-out/>
  <testcase classname="icivics_testcases.Icivics_EducatorRegistration3_Test" name="C349_verifypreviouspage" time="23.172"/>
  <system-out/>
  <testcase classname="icivics_testcases.Icivics_EducatorRegistration3_Test" name="C350_verifyalldataremembered" time="21.975"/>
  <system-out/>
  <testcase classname="icivics_testcases.Icivics_EducatorRegistration3_Test" name="C351_verifyallpage3fields" time="35.947"/>
  <system-out/>
  <testcase classname="icivics_testcases.Icivics_EducatorRegistration3_Test" name="C352_verifyallfieldsallowtoentertextandmakeselection" time="48.610"/>
  <system-out/>
  <testcase classname="icivics_testcases.Icivics_EducatorRegistration3_Test" name="C354_verifyallfieldswithinvaliddata" time="25.923"/>
  <system-out/>
  <testcase classname="icivics_testcases.Icivics_EducatorRegistration3_Test" name="C355_verifyallfieldswithblankfield" time="22.126"/>
  <system-out/>
  <testcase classname="icivics_testcases.Icivics_EducatorRegistration3_Test" name="C357_verifyvalidsubmission" time="27.857"/>
  <system-out/>
</testsuite> <!-- icivics_testcases.Icivics_EducatorRegistration3_Test -->
