<?xml version="1.0" encoding="UTF-8"?>
<!-- Generated by org.testng.reporters.JUnitReportReporter -->
<testsuite skipped="0" hostname="AMX-RL-20-348-W" name="icivics_testcases.Icivics3_EducatorRegistration2_Test" tests="1" failures="0" timestamp="2022-07-04T21:32:58 IST" time="15.678" errors="0">
  <testcase name="C346_verifyerrormsgboxcolor" time="15.678" classname="icivics_testcases.Icivics3_EducatorRegistration2_Test"/>
  <system-out/>
</testsuite> <!-- icivics_testcases.Icivics3_EducatorRegistration2_Test -->
