<?xml version="1.0" encoding="UTF-8"?>
<!-- Generated by org.testng.reporters.JUnitReportReporter -->
<testsuite hostname="AMX-RL-20-457-W" failures="0" tests="1" name="icivics_testcases.Icivics_HomepageHeaderTeach_Test" time="11.122" errors="0" timestamp="2022-06-15T14:34:25 IST" skipped="0">
  <testcase classname="icivics_testcases.Icivics_HomepageHeaderTeach_Test" name="C20_verifyclickteachbuttonagain" time="11.122"/>
  <system-out/>
</testsuite> <!-- icivics_testcases.Icivics_HomepageHeaderTeach_Test -->
