<?xml version="1.0" encoding="UTF-8"?>
<!-- Generated by org.testng.reporters.JUnitReportReporter -->
<testsuite hostname="AMX-RL-20-457-W" failures="0" tests="11" name="icivics_testcases.Icivics_StudentRegistration1classcode_Test" time="155.311" errors="0" timestamp="2022-06-07T21:46:33 IST" skipped="0">
  <testcase classname="icivics_testcases.Icivics_StudentRegistration1classcode_Test" name="C425_verifyemailfieldsappear" time="7.455"/>
  <system-out/>
  <testcase classname="icivics_testcases.Icivics_StudentRegistration1classcode_Test" name="C426_verifyemailtooltips" time="6.871"/>
  <system-out/>
  <testcase classname="icivics_testcases.Icivics_StudentRegistration1classcode_Test" name="C427_verifyemailfieldsdisappear" time="16.263"/>
  <system-out/>
  <testcase classname="icivics_testcases.Icivics_StudentRegistration1classcode_Test" name="C428_verifyusernamepregenerated" time="11.238"/>
  <system-out/>
  <testcase classname="icivics_testcases.Icivics_StudentRegistration1classcode_Test" name="C429_usernamegeneratedrandomly" time="19.004"/>
  <system-out/>
  <testcase classname="icivics_testcases.Icivics_StudentRegistration1classcode_Test" name="C430_verifyregistrationwithvaliddata" time="15.134"/>
  <system-out/>
  <testcase classname="icivics_testcases.Icivics_StudentRegistration1classcode_Test" name="C431_verifyAsteriks" time="7.372"/>
  <system-out/>
  <testcase classname="icivics_testcases.Icivics_StudentRegistration1classcode_Test" name="C432_verifyinvaliderrormsg" time="13.840"/>
  <system-out/>
  <testcase classname="icivics_testcases.Icivics_StudentRegistration1classcode_Test" name="C433_verifyerrormsgverifyemailblankfield" time="27.080"/>
  <system-out/>
  <testcase classname="icivics_testcases.Icivics_StudentRegistration1classcode_Test" name="C434_verifyinvaliderrormsg2" time="11.982"/>
  <system-out/>
  <testcase classname="icivics_testcases.Icivics_StudentRegistration1classcode_Test" name="C435_verifyregistrationwithvalidvalue" time="19.072"/>
  <system-out/>
</testsuite> <!-- icivics_testcases.Icivics_StudentRegistration1classcode_Test -->
